  [1m[35m (379.1ms)[0m  [1m[35mCREATE DATABASE "goals_app_development" ENCODING = 'unicode'[0m
  ↳ bin/rails:9
  [1m[35m (149.3ms)[0m  [1m[35mCREATE DATABASE "goals_app_test" ENCODING = 'utf8'[0m
  ↳ bin/rails:9
  [1m[35m (36.6ms)[0m  [1m[35mCREATE TABLE "schema_migrations" ("version" character varying NOT NULL PRIMARY KEY)[0m
  ↳ bin/rails:9
  [1m[35m (4.9ms)[0m  [1m[35mCREATE TABLE "ar_internal_metadata" ("key" character varying NOT NULL PRIMARY KEY, "value" character varying, "created_at" timestamp NOT NULL, "updated_at" timestamp NOT NULL)[0m
  ↳ bin/rails:9
  [1m[35m (0.8ms)[0m  [1m[34mSELECT pg_try_advisory_lock(3322438552325991840)[0m
  ↳ bin/rails:9
  [1m[35m (0.9ms)[0m  [1m[34mSELECT "schema_migrations"."version" FROM "schema_migrations" ORDER BY "schema_migrations"."version" ASC[0m
  ↳ bin/rails:9
Migrating to CreateUsers (20200618230139)
  [1m[35m (0.2ms)[0m  [1m[35mBEGIN[0m
  ↳ bin/rails:9
  [1m[35m (9.8ms)[0m  [1m[35mCREATE TABLE "users" ("id" bigserial primary key, "email" character varying NOT NULL, "password_digest" character varying NOT NULL, "session_token" character varying NOT NULL, "created_at" timestamp NOT NULL, "updated_at" timestamp NOT NULL)[0m
  ↳ db/migrate/20200618230139_create_users.rb:3
  [1m[35m (1.4ms)[0m  [1m[35mCREATE  INDEX  "index_users_on_email" ON "users"  ("email")[0m
  ↳ db/migrate/20200618230139_create_users.rb:9
  [1m[35m (1.2ms)[0m  [1m[35mCREATE UNIQUE INDEX  "index_users_on_session_token" ON "users"  ("session_token")[0m
  ↳ db/migrate/20200618230139_create_users.rb:10
  [1m[36mActiveRecord::SchemaMigration Create (0.8ms)[0m  [1m[32mINSERT INTO "schema_migrations" ("version") VALUES ($1) RETURNING "version"[0m  [["version", "20200618230139"]]
  ↳ bin/rails:9
  [1m[35m (0.5ms)[0m  [1m[35mCOMMIT[0m
  ↳ bin/rails:9
  [1m[36mActiveRecord::InternalMetadata Load (0.7ms)[0m  [1m[34mSELECT  "ar_internal_metadata".* FROM "ar_internal_metadata" WHERE "ar_internal_metadata"."key" = $1 LIMIT $2[0m  [["key", "environment"], ["LIMIT", 1]]
  ↳ bin/rails:9
  [1m[35m (0.2ms)[0m  [1m[35mBEGIN[0m
  ↳ bin/rails:9
  [1m[36mActiveRecord::InternalMetadata Create (1.4ms)[0m  [1m[32mINSERT INTO "ar_internal_metadata" ("key", "value", "created_at", "updated_at") VALUES ($1, $2, $3, $4) RETURNING "key"[0m  [["key", "environment"], ["value", "development"], ["created_at", "2020-06-20 01:36:12.186009"], ["updated_at", "2020-06-20 01:36:12.186009"]]
  ↳ bin/rails:9
  [1m[35m (0.5ms)[0m  [1m[35mCOMMIT[0m
  ↳ bin/rails:9
  [1m[35m (0.4ms)[0m  [1m[34mSELECT pg_advisory_unlock(3322438552325991840)[0m
  ↳ bin/rails:9
  [1m[35m (0.3ms)[0m  [1m[34mSELECT "schema_migrations"."version" FROM "schema_migrations" ORDER BY "schema_migrations"."version" ASC[0m
  ↳ bin/rails:9
  [1m[35m (0.5ms)[0m  [1m[35mBEGIN[0m
  [1m[36mUser Create (6.5ms)[0m  [1m[32mINSERT INTO "users" ("email", "password_digest", "created_at", "updated_at") VALUES ($1, $2, $3, $4) RETURNING "id"[0m  [["email", "nick"], ["password_digest", "$2a$12$aQq8essQ7CLOXD3q5owRxusDAIjugQZIMluqZb5GrlZlarF5VM7fW"], ["created_at", "2020-06-20 02:40:05.927624"], ["updated_at", "2020-06-20 02:40:05.927624"]]
  [1m[35m (0.3ms)[0m  [1m[31mROLLBACK[0m
  [1m[36mUser Load (2.0ms)[0m  [1m[34mSELECT "users".* FROM "users"[0m
  [1m[35m (1.1ms)[0m  [1m[35mBEGIN[0m
  [1m[36mUser Create (9.3ms)[0m  [1m[32mINSERT INTO "users" ("email", "password_digest", "session_token", "created_at", "updated_at") VALUES ($1, $2, $3, $4, $5) RETURNING "id"[0m  [["email", "nick"], ["password_digest", "$2a$12$aQq8essQ7CLOXD3q5owRxusDAIjugQZIMluqZb5GrlZlarF5VM7fW"], ["session_token", "2q2tcwKxB5fdQGhNRQIKhw"], ["created_at", "2020-06-20 02:40:05.927624"], ["updated_at", "2020-06-20 02:40:05.927624"]]
  [1m[35m (0.6ms)[0m  [1m[35mCOMMIT[0m
  [1m[36mUser Load (0.7ms)[0m  [1m[34mSELECT "users".* FROM "users"[0m
  [1m[36mUser Load (2.0ms)[0m  [1m[34mSELECT  "users".* FROM "users" WHERE "users"."email" = $1 LIMIT $2[0m  [["email", "nick"], ["LIMIT", 1]]
  [1m[36mUser Load (0.5ms)[0m  [1m[34mSELECT  "users".* FROM "users" WHERE "users"."email" = $1 LIMIT $2[0m  [["email", "nick"], ["LIMIT", 1]]
  [1m[36mUser Load (0.7ms)[0m  [1m[34mSELECT  "users".* FROM "users" WHERE "users"."email" = $1 LIMIT $2[0m  [["email", "nick"], ["LIMIT", 1]]
Started GET "/session/new" for ::1 at 2020-06-21 15:05:35 +0900
  [1m[35m (4.4ms)[0m  [1m[34mSELECT "schema_migrations"."version" FROM "schema_migrations" ORDER BY "schema_migrations"."version" ASC[0m
  ↳ /Users/nickmartinovic/.rbenv/versions/2.5.1/lib/ruby/gems/2.5.0/gems/activerecord-5.2.4.3/lib/active_record/log_subscriber.rb:98
  
ActionController::RoutingError (No route matches [GET] "/session/new"):
  
actionpack (5.2.4.3) lib/action_dispatch/middleware/debug_exceptions.rb:65:in `call'
web-console (3.7.0) lib/web_console/middleware.rb:135:in `call_app'
web-console (3.7.0) lib/web_console/middleware.rb:30:in `block in call'
web-console (3.7.0) lib/web_console/middleware.rb:20:in `catch'
web-console (3.7.0) lib/web_console/middleware.rb:20:in `call'
actionpack (5.2.4.3) lib/action_dispatch/middleware/show_exceptions.rb:33:in `call'
railties (5.2.4.3) lib/rails/rack/logger.rb:38:in `call_app'
railties (5.2.4.3) lib/rails/rack/logger.rb:26:in `block in call'
activesupport (5.2.4.3) lib/active_support/tagged_logging.rb:71:in `block in tagged'
activesupport (5.2.4.3) lib/active_support/tagged_logging.rb:28:in `tagged'
activesupport (5.2.4.3) lib/active_support/tagged_logging.rb:71:in `tagged'
railties (5.2.4.3) lib/rails/rack/logger.rb:26:in `call'
sprockets-rails (3.2.1) lib/sprockets/rails/quiet_assets.rb:13:in `call'
actionpack (5.2.4.3) lib/action_dispatch/middleware/remote_ip.rb:81:in `call'
actionpack (5.2.4.3) lib/action_dispatch/middleware/request_id.rb:27:in `call'
rack (2.2.3) lib/rack/method_override.rb:24:in `call'
rack (2.2.3) lib/rack/runtime.rb:22:in `call'
activesupport (5.2.4.3) lib/active_support/cache/strategy/local_cache_middleware.rb:29:in `call'
actionpack (5.2.4.3) lib/action_dispatch/middleware/executor.rb:14:in `call'
actionpack (5.2.4.3) lib/action_dispatch/middleware/static.rb:127:in `call'
rack (2.2.3) lib/rack/sendfile.rb:110:in `call'
railties (5.2.4.3) lib/rails/engine.rb:524:in `call'
puma (3.12.6) lib/puma/configuration.rb:227:in `call'
puma (3.12.6) lib/puma/server.rb:706:in `handle_request'
puma (3.12.6) lib/puma/server.rb:476:in `process_client'
puma (3.12.6) lib/puma/server.rb:334:in `block in run'
puma (3.12.6) lib/puma/thread_pool.rb:135:in `block in spawn_thread'
Started GET "/users/new" for ::1 at 2020-06-21 15:05:41 +0900
  
ActionController::RoutingError (No route matches [GET] "/users/new"):
  
actionpack (5.2.4.3) lib/action_dispatch/middleware/debug_exceptions.rb:65:in `call'
web-console (3.7.0) lib/web_console/middleware.rb:135:in `call_app'
web-console (3.7.0) lib/web_console/middleware.rb:30:in `block in call'
web-console (3.7.0) lib/web_console/middleware.rb:20:in `catch'
web-console (3.7.0) lib/web_console/middleware.rb:20:in `call'
actionpack (5.2.4.3) lib/action_dispatch/middleware/show_exceptions.rb:33:in `call'
railties (5.2.4.3) lib/rails/rack/logger.rb:38:in `call_app'
railties (5.2.4.3) lib/rails/rack/logger.rb:26:in `block in call'
activesupport (5.2.4.3) lib/active_support/tagged_logging.rb:71:in `block in tagged'
activesupport (5.2.4.3) lib/active_support/tagged_logging.rb:28:in `tagged'
activesupport (5.2.4.3) lib/active_support/tagged_logging.rb:71:in `tagged'
railties (5.2.4.3) lib/rails/rack/logger.rb:26:in `call'
sprockets-rails (3.2.1) lib/sprockets/rails/quiet_assets.rb:13:in `call'
actionpack (5.2.4.3) lib/action_dispatch/middleware/remote_ip.rb:81:in `call'
actionpack (5.2.4.3) lib/action_dispatch/middleware/request_id.rb:27:in `call'
rack (2.2.3) lib/rack/method_override.rb:24:in `call'
rack (2.2.3) lib/rack/runtime.rb:22:in `call'
activesupport (5.2.4.3) lib/active_support/cache/strategy/local_cache_middleware.rb:29:in `call'
actionpack (5.2.4.3) lib/action_dispatch/middleware/executor.rb:14:in `call'
actionpack (5.2.4.3) lib/action_dispatch/middleware/static.rb:127:in `call'
rack (2.2.3) lib/rack/sendfile.rb:110:in `call'
railties (5.2.4.3) lib/rails/engine.rb:524:in `call'
puma (3.12.6) lib/puma/configuration.rb:227:in `call'
puma (3.12.6) lib/puma/server.rb:706:in `handle_request'
puma (3.12.6) lib/puma/server.rb:476:in `process_client'
puma (3.12.6) lib/puma/server.rb:334:in `block in run'
puma (3.12.6) lib/puma/thread_pool.rb:135:in `block in spawn_thread'
Started GET "/users/new" for ::1 at 2020-06-21 15:06:01 +0900
  
ActionController::RoutingError (No route matches [GET] "/users/new"):
  
actionpack (5.2.4.3) lib/action_dispatch/middleware/debug_exceptions.rb:65:in `call'
web-console (3.7.0) lib/web_console/middleware.rb:135:in `call_app'
web-console (3.7.0) lib/web_console/middleware.rb:30:in `block in call'
web-console (3.7.0) lib/web_console/middleware.rb:20:in `catch'
web-console (3.7.0) lib/web_console/middleware.rb:20:in `call'
actionpack (5.2.4.3) lib/action_dispatch/middleware/show_exceptions.rb:33:in `call'
railties (5.2.4.3) lib/rails/rack/logger.rb:38:in `call_app'
railties (5.2.4.3) lib/rails/rack/logger.rb:26:in `block in call'
activesupport (5.2.4.3) lib/active_support/tagged_logging.rb:71:in `block in tagged'
activesupport (5.2.4.3) lib/active_support/tagged_logging.rb:28:in `tagged'
activesupport (5.2.4.3) lib/active_support/tagged_logging.rb:71:in `tagged'
railties (5.2.4.3) lib/rails/rack/logger.rb:26:in `call'
sprockets-rails (3.2.1) lib/sprockets/rails/quiet_assets.rb:13:in `call'
actionpack (5.2.4.3) lib/action_dispatch/middleware/remote_ip.rb:81:in `call'
actionpack (5.2.4.3) lib/action_dispatch/middleware/request_id.rb:27:in `call'
rack (2.2.3) lib/rack/method_override.rb:24:in `call'
rack (2.2.3) lib/rack/runtime.rb:22:in `call'
activesupport (5.2.4.3) lib/active_support/cache/strategy/local_cache_middleware.rb:29:in `call'
actionpack (5.2.4.3) lib/action_dispatch/middleware/executor.rb:14:in `call'
actionpack (5.2.4.3) lib/action_dispatch/middleware/static.rb:127:in `call'
rack (2.2.3) lib/rack/sendfile.rb:110:in `call'
railties (5.2.4.3) lib/rails/engine.rb:524:in `call'
puma (3.12.6) lib/puma/configuration.rb:227:in `call'
puma (3.12.6) lib/puma/server.rb:706:in `handle_request'
puma (3.12.6) lib/puma/server.rb:476:in `process_client'
puma (3.12.6) lib/puma/server.rb:334:in `block in run'
puma (3.12.6) lib/puma/thread_pool.rb:135:in `block in spawn_thread'
Started GET "/user/new" for ::1 at 2020-06-21 15:06:05 +0900

ActionController::RoutingError - uninitialized constant UserController:

Started POST "/__better_errors/423de20d32f5bb6e/variables" for ::1 at 2020-06-21 15:06:05 +0900
Started GET "/users/new" for ::1 at 2020-06-21 15:06:29 +0900
Processing by UsersController#new as HTML
Completed 500 Internal Server Error in 10ms (ActiveRecord: 0.0ms)



ActionView::MissingTemplate - Missing template users/new, application/new with {:locale=>[:en], :formats=>[:html], :variants=>[], :handlers=>[:raw, :erb, :html, :builder, :ruby, :coffee, :jbuilder]}. Searched in:
  * "/Users/nickmartinovic/Desktop/aA-homeworks/Rails/goals_app/app/views"
:
  app/controllers/users_controller.rb:4:in `new'

Started POST "/__better_errors/91496e088bcb6579/variables" for ::1 at 2020-06-21 15:06:30 +0900
Started GET "/users/new" for ::1 at 2020-06-21 15:06:43 +0900
Processing by UsersController#new as HTML
  Rendering users/new.html.erb within layouts/application
  Rendered users/new.html.erb within layouts/application (0.6ms)
Completed 200 OK in 554ms (Views: 553.3ms | ActiveRecord: 0.0ms)


Started GET "/users/new" for ::1 at 2020-06-21 15:12:22 +0900
Processing by UsersController#new as HTML
  Rendering users/new.html.erb within layouts/application
  Rendered users/new.html.erb within layouts/application (0.5ms)
Completed 200 OK in 24ms (Views: 23.3ms | ActiveRecord: 0.0ms)


Started GET "/users/new" for ::1 at 2020-06-21 15:12:48 +0900
Processing by UsersController#new as HTML
  Rendering users/new.html.erb within layouts/application
  Rendered users/new.html.erb within layouts/application (0.7ms)
Completed 200 OK in 23ms (Views: 22.4ms | ActiveRecord: 0.0ms)


Started GET "/users/new" for ::1 at 2020-06-21 15:15:36 +0900
Processing by UsersController#new as HTML
  Rendering users/new.html.erb within layouts/application
  Rendered users/new.html.erb within layouts/application (0.5ms)
Completed 200 OK in 21ms (Views: 20.7ms | ActiveRecord: 0.0ms)


Started POST "/users" for ::1 at 2020-06-21 15:15:46 +0900
Processing by UsersController#create as HTML
  Parameters: {"user"=>{"email"=>"erin", "password"=>"[FILTERED]"}, "Submit"=>"Submit"}
Can't verify CSRF token authenticity.
Completed 422 Unprocessable Entity in 1ms (ActiveRecord: 0.0ms)



ActionController::InvalidAuthenticityToken - ActionController::InvalidAuthenticityToken:

Started POST "/__better_errors/f5069cf20e5eca0d/variables" for ::1 at 2020-06-21 15:15:47 +0900
Started POST "/__better_errors/f5069cf20e5eca0d/eval" for ::1 at 2020-06-21 15:19:08 +0900
Started POST "/users" for ::1 at 2020-06-21 15:23:22 +0900
Processing by UsersController#create as HTML
  Parameters: {"user"=>{"email"=>"erin", "password"=>"[FILTERED]"}, "Submit"=>"Submit"}
Can't verify CSRF token authenticity.
Completed 422 Unprocessable Entity in 1ms (ActiveRecord: 0.0ms)



ActionController::InvalidAuthenticityToken - ActionController::InvalidAuthenticityToken:

Started POST "/__better_errors/cf5898997c732424/variables" for ::1 at 2020-06-21 15:23:22 +0900
Started GET "/users/new" for ::1 at 2020-06-21 15:23:32 +0900
Processing by UsersController#new as HTML
  Rendering users/new.html.erb within layouts/application
  Rendered users/new.html.erb within layouts/application (0.7ms)
Completed 200 OK in 45ms (Views: 44.3ms | ActiveRecord: 0.0ms)


Started POST "/users" for ::1 at 2020-06-21 15:23:36 +0900
Processing by UsersController#create as HTML
  Parameters: {"authenticity_token"=>"i1SnhEMCS+d0qJlP3iKRfK99Y9AJ6bffCiwAOid9CjfxvbqDVxPtgKepxB9vL7LdEbJoS2uQAptCp328fo7cBQ==", "user"=>{"email"=>"erin", "password"=>"[FILTERED]"}, "Submit"=>"Submit"}
Completed 500 Internal Server Error in 43ms (ActiveRecord: 0.0ms)



ArgumentError - wrong number of arguments (given 2, expected 0..1):
  app/controllers/users_controller.rb:8:in `create'

Started POST "/__better_errors/354b2a35b3c71fb2/variables" for ::1 at 2020-06-21 15:23:36 +0900
Started GET "/users/new" for ::1 at 2020-06-21 15:24:47 +0900
Processing by UsersController#new as HTML
  Rendering users/new.html.erb within layouts/application
  Rendered users/new.html.erb within layouts/application (3.6ms)
Completed 200 OK in 59ms (Views: 57.9ms | ActiveRecord: 0.0ms)


Started POST "/users" for ::1 at 2020-06-21 15:24:51 +0900
Processing by UsersController#create as HTML
  Parameters: {"authenticity_token"=>"F/KH7qabT6wCycGi4/cTnuM+z/G/eRSh3o9fx2lrBmttG5rpsorpy9HInPJS+jA/XfHEat0AoeWWBCJBMJjQWQ==", "user"=>{"email"=>"erin", "password"=>"[FILTERED]"}, "Submit"=>"Submit"}
Completed 500 Internal Server Error in 6ms (ActiveRecord: 0.0ms)



ArgumentError - wrong number of arguments (given 2, expected 0..1):
  app/controllers/users_controller.rb:8:in `create'

Started POST "/__better_errors/f58ee5830c8cb510/variables" for ::1 at 2020-06-21 15:24:51 +0900
Started GET "/users/new" for ::1 at 2020-06-21 15:25:29 +0900
Processing by UsersController#new as HTML
  Rendering users/new.html.erb within layouts/application
  Rendered users/new.html.erb within layouts/application (0.8ms)
Completed 200 OK in 29ms (Views: 28.0ms | ActiveRecord: 0.0ms)


Started POST "/users" for ::1 at 2020-06-21 15:25:33 +0900
Processing by UsersController#create as HTML
  Parameters: {"authenticity_token"=>"IrgB6TuDc37LO+Po8YljZRRE4OuiDtuidK3MsN8AiktYURzuL5LVGRg6vrhAhEDEqovrcMB3buY8JrE2hvNceQ==", "user"=>{"email"=>"erin", "password"=>"[FILTERED]"}, "Submit"=>"Submit"}
  [1m[35m (0.2ms)[0m  [1m[35mBEGIN[0m
  ↳ app/controllers/users_controller.rb:10
  [1m[36mUser Create (15.5ms)[0m  [1m[32mINSERT INTO "users" ("email", "password_digest", "session_token", "created_at", "updated_at") VALUES ($1, $2, $3, $4, $5) RETURNING "id"[0m  [["email", "erin"], ["password_digest", "$2a$12$VveEuRTSdmwsD3UAKPcJx.err6HeRrMf24qmXb1f.rybCTmJOfEVa"], ["session_token", "pmKMP5esWGO9hoD-9ZHvhg"], ["created_at", "2020-06-21 06:25:33.643321"], ["updated_at", "2020-06-21 06:25:33.643321"]]
  ↳ app/controllers/users_controller.rb:10
  [1m[35m (0.6ms)[0m  [1m[35mCOMMIT[0m
  ↳ app/controllers/users_controller.rb:10
Completed 200 OK in 359ms (Views: 0.1ms | ActiveRecord: 46.3ms)


  [1m[36mUser Load (1.0ms)[0m  [1m[34mSELECT "users".* FROM "users"[0m
Started GET "/users/new" for ::1 at 2020-06-21 15:28:45 +0900
Processing by UsersController#new as HTML
  Rendering users/new.html.erb within layouts/application
  Rendered users/new.html.erb within layouts/application (0.7ms)
Completed 200 OK in 36ms (Views: 34.8ms | ActiveRecord: 0.0ms)


Started POST "/users" for ::1 at 2020-06-21 15:28:56 +0900
Processing by UsersController#create as HTML
  Parameters: {"authenticity_token"=>"eoeNGGk7LoBaudaoZJYtcqhd4sQUxyRca8EQEdAruWUAbpAffSqI54m4i/jVmw7TFpLpX3a+kRgjSm2XidhvVw==", "user"=>{"email"=>"user1", "password"=>"[FILTERED]"}, "Submit"=>"Submit"}
  Rendering users/new.html.erb within layouts/application
  Rendered users/new.html.erb within layouts/application (0.6ms)
Completed 200 OK in 381ms (Views: 29.4ms | ActiveRecord: 6.4ms)


Started GET "/session/new" for ::1 at 2020-06-21 15:38:15 +0900
Processing by SessionsController#new as HTML
  Rendering sessions/new.html.erb within layouts/application
  Rendered sessions/new.html.erb within layouts/application (0.5ms)
Completed 200 OK in 36ms (Views: 34.9ms | ActiveRecord: 0.0ms)


Started GET "/session/new" for ::1 at 2020-06-21 15:44:38 +0900
Processing by SessionsController#new as HTML
  Rendering sessions/new.html.erb within layouts/application
  Rendered sessions/new.html.erb within layouts/application (1.4ms)
Completed 200 OK in 50ms (Views: 48.8ms | ActiveRecord: 0.0ms)


Started GET "/session/new" for ::1 at 2020-06-21 15:48:31 +0900

SyntaxError - syntax error, unexpected end-of-input, expecting keyword_end:
  app/controllers/sessions_controller.rb:14:in `'

Started POST "/__better_errors/c710782945f45695/variables" for ::1 at 2020-06-21 15:48:32 +0900
Started GET "/session/new" for ::1 at 2020-06-21 15:48:45 +0900
Processing by SessionsController#new as HTML
  Rendering sessions/new.html.erb within layouts/application
  Rendered sessions/new.html.erb within layouts/application (0.9ms)
Completed 200 OK in 40ms (Views: 39.1ms | ActiveRecord: 0.0ms)


Started POST "/session" for ::1 at 2020-06-21 15:48:51 +0900
Processing by SessionsController#create as HTML
  Parameters: {"authenticity_token"=>"uxn8Afz3HTguf/faTWvTVLUD5FEww9m3Uev9vKKz9hnB8OEG6Oa7X/1+qor8ZvD1C8zvylK6bPMZYIA6+0AgKw==", "user"=>{"email"=>"erin", "password"=>"[FILTERED]"}}
Completed 500 Internal Server Error in 51ms (ActiveRecord: 10.4ms)



NoMethodError - undefined method `find_by_crednetials' for #<Class:0x00007f8291f30e60>
Did you mean?  find_by_credentials:
  app/controllers/sessions_controller.rb:8:in `create'

Started POST "/__better_errors/8d5bcb143b36c1e5/variables" for ::1 at 2020-06-21 15:48:52 +0900
Started GET "/session/new" for ::1 at 2020-06-21 15:49:07 +0900
Processing by SessionsController#new as HTML
  Rendering sessions/new.html.erb within layouts/application
  Rendered sessions/new.html.erb within layouts/application (0.6ms)
Completed 200 OK in 21ms (Views: 20.6ms | ActiveRecord: 0.0ms)


Started POST "/session" for ::1 at 2020-06-21 15:49:11 +0900
Processing by SessionsController#create as HTML
  Parameters: {"authenticity_token"=>"k9qfMTRR7Maqy2BaTWOqwEmZQQlWzDTNH8LwC7ngf7vpM4I2IEBKoXnKPQr8bolh91ZKkjS1gYlXSY2N4BOpiQ==", "user"=>{"email"=>"erin", "password"=>"[FILTERED]"}}
  [1m[36mUser Load (2.5ms)[0m  [1m[34mSELECT  "users".* FROM "users" WHERE "users"."email" = $1 LIMIT $2[0m  [["email", "erin"], ["LIMIT", 1]]
  ↳ app/models/user.rb:14
Completed 200 OK in 342ms (Views: 0.1ms | ActiveRecord: 13.8ms)


Started GET "/session/new" for ::1 at 2020-06-21 16:02:27 +0900
Processing by SessionsController#new as HTML
  Rendering sessions/new.html.erb within layouts/application
  Rendered sessions/new.html.erb within layouts/application (0.6ms)
Completed 200 OK in 28ms (Views: 27.4ms | ActiveRecord: 0.0ms)


Started POST "/session" for ::1 at 2020-06-21 16:02:33 +0900
Processing by SessionsController#create as HTML
  Parameters: {"authenticity_token"=>"k8zqqJusiXJ37KJn1aBDRI9hw2DZfu88djVWV+VOZoHpJfevj70vFaTt/zdkrWDlMa7I+7sHWng+vivRvL2wsw==", "user"=>{"email"=>"erin", "password"=>"[FILTERED]"}}
  [1m[36mUser Load (0.8ms)[0m  [1m[34mSELECT  "users".* FROM "users" WHERE "users"."email" = $1 LIMIT $2[0m  [["email", "erin"], ["LIMIT", 1]]
  ↳ app/models/user.rb:14
Redirected to http://localhost:3000/users/3
Completed 302 Found in 330ms (ActiveRecord: 14.6ms)


Started GET "/users/3" for ::1 at 2020-06-21 16:02:33 +0900
Processing by UsersController#show as HTML
  Parameters: {"id"=>"3"}
  Rendering users/show.html.erb within layouts/application
  Rendered users/show.html.erb within layouts/application (4.9ms)
Completed 500 Internal Server Error in 16ms (ActiveRecord: 0.0ms)



ActionView::Template::Error - undefined method `email' for nil:NilClass:
  app/views/users/show.html.erb:3:in `view template'

Started POST "/__better_errors/d51db80b6eb2b70b/variables" for ::1 at 2020-06-21 16:02:34 +0900
Started GET "/users/3" for ::1 at 2020-06-21 16:04:09 +0900
Processing by UsersController#show as HTML
  Parameters: {"id"=>"3"}
  Rendering users/show.html.erb within layouts/application
  Rendered users/show.html.erb within layouts/application (6.1ms)
Completed 500 Internal Server Error in 17ms (ActiveRecord: 0.0ms)



ActionView::Template::Error - undefined method `email' for nil:NilClass:
  app/views/users/show.html.erb:3:in `view template'

Started POST "/__better_errors/33ab7000a5f55607/variables" for ::1 at 2020-06-21 16:04:10 +0900
Started POST "/__better_errors/33ab7000a5f55607/variables" for ::1 at 2020-06-21 16:04:18 +0900
Started POST "/__better_errors/33ab7000a5f55607/eval" for ::1 at 2020-06-21 16:04:26 +0900
Started GET "/session/new" for ::1 at 2020-06-21 16:04:31 +0900
Processing by SessionsController#new as HTML
  Rendering sessions/new.html.erb within layouts/application
  Rendered sessions/new.html.erb within layouts/application (0.6ms)
Completed 200 OK in 43ms (Views: 42.1ms | ActiveRecord: 0.0ms)


Started POST "/session" for ::1 at 2020-06-21 16:04:34 +0900
Processing by SessionsController#create as HTML
  Parameters: {"authenticity_token"=>"/62O9TEFHmjX0kl9PMw0Ugv5L8T/hU0kS5d+Iqb5OAeFRJPyJRS4DwTTFC2NwRfztTYkX538+GADHAOk/wruNQ==", "user"=>{"email"=>"erin", "password"=>"[FILTERED]"}}
  [1m[36mUser Load (0.5ms)[0m  [1m[34mSELECT  "users".* FROM "users" WHERE "users"."email" = $1 LIMIT $2[0m  [["email", "erin"], ["LIMIT", 1]]
  ↳ app/models/user.rb:14
Redirected to http://localhost:3000/users/3
Completed 302 Found in 321ms (ActiveRecord: 8.4ms)


Started GET "/users/3" for ::1 at 2020-06-21 16:04:34 +0900
Processing by UsersController#show as HTML
  Parameters: {"id"=>"3"}
  Rendering users/show.html.erb within layouts/application
  Rendered users/show.html.erb within layouts/application (4.3ms)
Completed 500 Internal Server Error in 14ms (ActiveRecord: 0.0ms)



ActionView::Template::Error - undefined method `email' for nil:NilClass:
  app/views/users/show.html.erb:3:in `view template'

Started POST "/__better_errors/78dc12d516cab442/variables" for ::1 at 2020-06-21 16:04:34 +0900
Started GET "/users/new" for ::1 at 2020-06-21 16:08:00 +0900
Processing by UsersController#new as HTML
  Rendering users/new.html.erb within layouts/application
  Rendered users/new.html.erb within layouts/application (3.1ms)
Completed 200 OK in 101ms (Views: 100.4ms | ActiveRecord: 0.0ms)


Started POST "/users" for ::1 at 2020-06-21 16:08:09 +0900
Processing by UsersController#create as HTML
  Parameters: {"authenticity_token"=>"75VzetaWRbb5J1o7JKWM96IWqz07TkgfK6hsBkBHix+VfG59wofj0SomB2uVqK9WHNmgplk3/VtjIxGAGbRdLQ==", "user"=>{"email"=>"cup", "password"=>"[FILTERED]"}, "Submit"=>"Submit"}
  [1m[35m (0.2ms)[0m  [1m[35mBEGIN[0m
  ↳ app/controllers/users_controller.rb:10
  [1m[36mUser Create (0.7ms)[0m  [1m[32mINSERT INTO "users" ("email", "password_digest", "session_token", "created_at", "updated_at") VALUES ($1, $2, $3, $4, $5) RETURNING "id"[0m  [["email", "cup"], ["password_digest", "$2a$12$B/qA5nZvTdSoK/T2tsjZ7.6jlicSuLl7vkvoRQBfL.4O19Wt7SZju"], ["session_token", "aMPfPoIuLyYTRR32Ni_LQA"], ["created_at", "2020-06-21 07:08:10.295924"], ["updated_at", "2020-06-21 07:08:10.295924"]]
  ↳ app/controllers/users_controller.rb:10
  [1m[35m (0.6ms)[0m  [1m[35mCOMMIT[0m
  ↳ app/controllers/users_controller.rb:10
Redirected to http://localhost:3000/users/4
Completed 302 Found in 335ms (ActiveRecord: 1.5ms)


Started GET "/users/4" for ::1 at 2020-06-21 16:08:10 +0900
Processing by UsersController#show as HTML
  Parameters: {"id"=>"4"}
  Rendering users/show.html.erb within layouts/application
  Rendered users/show.html.erb within layouts/application (4.5ms)
Completed 500 Internal Server Error in 16ms (ActiveRecord: 0.0ms)



ActionView::Template::Error - undefined method `email' for nil:NilClass:
  app/views/users/show.html.erb:3:in `view template'

Started POST "/__better_errors/449522a7ebf002ca/variables" for ::1 at 2020-06-21 16:08:10 +0900
Started GET "/users/4" for ::1 at 2020-06-21 16:09:47 +0900
Processing by UsersController#show as HTML
  Parameters: {"id"=>"4"}
  Rendering users/show.html.erb within layouts/application
  [1m[36mUser Load (0.3ms)[0m  [1m[34mSELECT  "users".* FROM "users" WHERE "users"."session_token" = $1 LIMIT $2[0m  [["session_token", "aMPfPoIuLyYTRR32Ni_LQA"], ["LIMIT", 1]]
  ↳ app/controllers/application_controller.rb:11
  Rendered users/show.html.erb within layouts/application (19.5ms)
Completed 200 OK in 48ms (Views: 40.1ms | ActiveRecord: 7.7ms)


Started GET "/session/new" for ::1 at 2020-06-22 06:12:42 +0900
  [1m[35m (5.7ms)[0m  [1m[34mSELECT "schema_migrations"."version" FROM "schema_migrations" ORDER BY "schema_migrations"."version" ASC[0m
  ↳ /Users/nickmartinovic/.rbenv/versions/2.5.1/lib/ruby/gems/2.5.0/gems/activerecord-5.2.4.3/lib/active_record/log_subscriber.rb:98
Processing by SessionsController#new as HTML
  Rendering sessions/new.html.erb within layouts/application
  Rendered sessions/new.html.erb within layouts/application (3.8ms)
Completed 200 OK in 381ms (Views: 369.8ms | ActiveRecord: 0.0ms)


Started POST "/session" for ::1 at 2020-06-22 06:12:47 +0900
Processing by SessionsController#create as HTML
  Parameters: {"authenticity_token"=>"wYOASHTzLDoXYFFP9FDc5JwzE6bbjXTnesfJKgXP5LPr9DR+lfGx2IvZBNHhvt3EGSS4QzxIXZFDWpFpx9f1zg==", "user"=>{"email"=>"erin", "password"=>"[FILTERED]"}}
  [1m[36mUser Load (5.2ms)[0m  [1m[34mSELECT  "users".* FROM "users" WHERE "users"."email" = $1 LIMIT $2[0m  [["email", "erin"], ["LIMIT", 1]]
  ↳ app/models/user.rb:14
Redirected to http://localhost:3000/users/3
Completed 302 Found in 353ms (ActiveRecord: 25.6ms)


Started GET "/users/3" for ::1 at 2020-06-22 06:12:47 +0900
Processing by UsersController#show as HTML
  Parameters: {"id"=>"3"}
  Rendering users/show.html.erb within layouts/application
  [1m[36mUser Load (0.7ms)[0m  [1m[34mSELECT  "users".* FROM "users" WHERE "users"."session_token" = $1 LIMIT $2[0m  [["session_token", "pmKMP5esWGO9hoD-9ZHvhg"], ["LIMIT", 1]]
  ↳ app/controllers/application_controller.rb:11
  Rendered users/show.html.erb within layouts/application (2.5ms)
Completed 500 Internal Server Error in 36ms (ActiveRecord: 0.7ms)



ActionView::Template::Error - undefined method `username' for #<User:0x00007f84570b92e8>:
  app/views/layouts/application.html.erb:17:in `view template'
  app/controllers/users_controller.rb:20:in `show'

Started POST "/__better_errors/0b21499e5af8603d/variables" for ::1 at 2020-06-22 06:12:47 +0900
Started GET "/users/3" for ::1 at 2020-06-22 06:12:56 +0900
Processing by UsersController#show as HTML
  Parameters: {"id"=>"3"}
  Rendering users/show.html.erb within layouts/application
  [1m[36mUser Load (0.4ms)[0m  [1m[34mSELECT  "users".* FROM "users" WHERE "users"."session_token" = $1 LIMIT $2[0m  [["session_token", "pmKMP5esWGO9hoD-9ZHvhg"], ["LIMIT", 1]]
  ↳ app/controllers/application_controller.rb:11
  Rendered users/show.html.erb within layouts/application (1.6ms)
Completed 200 OK in 34ms (Views: 32.1ms | ActiveRecord: 0.4ms)


Started DELETE "/session" for ::1 at 2020-06-22 06:12:59 +0900

AbstractController::ActionNotFound - The action 'destroy' could not be found for SessionsController:

Started POST "/__better_errors/42a30cb3af73999e/variables" for ::1 at 2020-06-22 06:13:00 +0900
Started DELETE "/session" for ::1 at 2020-06-22 06:13:54 +0900
Processing by SessionsController#destroy as HTML
  Parameters: {"authenticity_token"=>"Uhlh/2xVKOXjQ8+mWtdPchY5tVnCd12+NHrAZuDcah54btXJjVe1B3/6mjhPOU5Sky4evCWydMgN55glIsR7Yw=="}
No template found for SessionsController#destroy, rendering head :no_content
Completed 204 No Content in 160ms (ActiveRecord: 0.0ms)


Started DELETE "/session" for ::1 at 2020-06-22 06:13:56 +0900
Processing by SessionsController#destroy as HTML
  Parameters: {"authenticity_token"=>"Uhlh/2xVKOXjQ8+mWtdPchY5tVnCd12+NHrAZuDcah54btXJjVe1B3/6mjhPOU5Sky4evCWydMgN55glIsR7Yw=="}
No template found for SessionsController#destroy, rendering head :no_content
Completed 204 No Content in 165ms (ActiveRecord: 0.0ms)


Started DELETE "/session" for ::1 at 2020-06-22 06:13:56 +0900
Processing by SessionsController#destroy as HTML
  Parameters: {"authenticity_token"=>"Uhlh/2xVKOXjQ8+mWtdPchY5tVnCd12+NHrAZuDcah54btXJjVe1B3/6mjhPOU5Sky4evCWydMgN55glIsR7Yw=="}
No template found for SessionsController#destroy, rendering head :no_content
Completed 204 No Content in 178ms (ActiveRecord: 0.0ms)


Started DELETE "/session" for ::1 at 2020-06-22 06:13:57 +0900
Processing by SessionsController#destroy as HTML
  Parameters: {"authenticity_token"=>"Uhlh/2xVKOXjQ8+mWtdPchY5tVnCd12+NHrAZuDcah54btXJjVe1B3/6mjhPOU5Sky4evCWydMgN55glIsR7Yw=="}
No template found for SessionsController#destroy, rendering head :no_content
Completed 204 No Content in 192ms (ActiveRecord: 0.0ms)


Started DELETE "/session" for ::1 at 2020-06-22 06:13:58 +0900
Processing by SessionsController#destroy as HTML
  Parameters: {"authenticity_token"=>"Uhlh/2xVKOXjQ8+mWtdPchY5tVnCd12+NHrAZuDcah54btXJjVe1B3/6mjhPOU5Sky4evCWydMgN55glIsR7Yw=="}
No template found for SessionsController#destroy, rendering head :no_content
Completed 204 No Content in 183ms (ActiveRecord: 0.0ms)


Started DELETE "/session" for ::1 at 2020-06-22 06:15:30 +0900
Processing by SessionsController#destroy as HTML
  Parameters: {"authenticity_token"=>"Uhlh/2xVKOXjQ8+mWtdPchY5tVnCd12+NHrAZuDcah54btXJjVe1B3/6mjhPOU5Sky4evCWydMgN55glIsR7Yw=="}
  [1m[36mUser Load (0.3ms)[0m  [1m[34mSELECT  "users".* FROM "users" WHERE "users"."session_token" = $1 LIMIT $2[0m  [["session_token", "pmKMP5esWGO9hoD-9ZHvhg"], ["LIMIT", 1]]
  ↳ app/controllers/application_controller.rb:11
Redirected to http://localhost:3000/session/new
Completed 302 Found in 19ms (ActiveRecord: 6.5ms)


Started GET "/session/new" for ::1 at 2020-06-22 06:15:30 +0900
Processing by SessionsController#new as HTML
  Rendering sessions/new.html.erb within layouts/application
  Rendered sessions/new.html.erb within layouts/application (0.7ms)
Completed 200 OK in 32ms (Views: 31.4ms | ActiveRecord: 0.0ms)


Started POST "/session" for ::1 at 2020-06-22 06:15:35 +0900
Processing by SessionsController#create as HTML
  Parameters: {"authenticity_token"=>"YZ/eg2rTFb5raIHFL05kER8Pol4vpwqqErpJQjHnSHlL6Gq1i9GIXPfR1Fs6oGUxmhgJu8hiI9wrJxEB8/9ZBA==", "user"=>{"email"=>"erin", "password"=>"[FILTERED]"}}
  [1m[36mUser Load (0.6ms)[0m  [1m[34mSELECT  "users".* FROM "users" WHERE "users"."email" = $1 LIMIT $2[0m  [["email", "erin"], ["LIMIT", 1]]
  ↳ app/models/user.rb:14
Redirected to http://localhost:3000/users/3
Completed 302 Found in 304ms (ActiveRecord: 0.6ms)


Started GET "/users/3" for ::1 at 2020-06-22 06:15:35 +0900
Processing by UsersController#show as HTML
  Parameters: {"id"=>"3"}
  Rendering users/show.html.erb within layouts/application
  [1m[36mUser Load (0.5ms)[0m  [1m[34mSELECT  "users".* FROM "users" WHERE "users"."session_token" = $1 LIMIT $2[0m  [["session_token", "pmKMP5esWGO9hoD-9ZHvhg"], ["LIMIT", 1]]
  ↳ app/controllers/application_controller.rb:11
  Rendered users/show.html.erb within layouts/application (2.2ms)
Completed 200 OK in 30ms (Views: 29.0ms | ActiveRecord: 0.5ms)


Started DELETE "/session" for ::1 at 2020-06-22 06:15:37 +0900
Processing by SessionsController#destroy as HTML
  Parameters: {"authenticity_token"=>"atSccS4QQz1Bxe5+AFsZYmSGnefUfZoaIGNMVkyh7vZAoyhHzxLe3918u+AVtRhC4ZE2AjO4s2wZ/hQVjrn/iw=="}
  [1m[36mUser Load (0.6ms)[0m  [1m[34mSELECT  "users".* FROM "users" WHERE "users"."session_token" = $1 LIMIT $2[0m  [["session_token", "pmKMP5esWGO9hoD-9ZHvhg"], ["LIMIT", 1]]
  ↳ app/controllers/application_controller.rb:11
Redirected to http://localhost:3000/session/new
Completed 302 Found in 3ms (ActiveRecord: 0.6ms)


Started GET "/session/new" for ::1 at 2020-06-22 06:15:37 +0900
Processing by SessionsController#new as HTML
  Rendering sessions/new.html.erb within layouts/application
  Rendered sessions/new.html.erb within layouts/application (1.1ms)
Completed 200 OK in 31ms (Views: 30.1ms | ActiveRecord: 0.0ms)


Started POST "/session" for ::1 at 2020-06-22 06:15:41 +0900
Processing by SessionsController#create as HTML
  Parameters: {"authenticity_token"=>"Ea4dLduEs1WEryXDJI1pxfWSntTkgoHBS0cTWBCE4bs72akbOoYutxgWcF0xY2jlcIU1MQNHqLdy2ksb0pzwxg==", "user"=>{"email"=>"nick", "password"=>"[FILTERED]"}}
  [1m[36mUser Load (0.6ms)[0m  [1m[34mSELECT  "users".* FROM "users" WHERE "users"."email" = $1 LIMIT $2[0m  [["email", "nick"], ["LIMIT", 1]]
  ↳ app/models/user.rb:14
Redirected to http://localhost:3000/users/2
Completed 302 Found in 306ms (ActiveRecord: 0.6ms)


Started GET "/users/2" for ::1 at 2020-06-22 06:15:42 +0900
Processing by UsersController#show as HTML
  Parameters: {"id"=>"2"}
  Rendering users/show.html.erb within layouts/application
  [1m[36mUser Load (0.4ms)[0m  [1m[34mSELECT  "users".* FROM "users" WHERE "users"."session_token" = $1 LIMIT $2[0m  [["session_token", "2q2tcwKxB5fdQGhNRQIKhw"], ["LIMIT", 1]]
  ↳ app/controllers/application_controller.rb:11
  Rendered users/show.html.erb within layouts/application (2.2ms)
Completed 200 OK in 25ms (Views: 24.6ms | ActiveRecord: 0.4ms)


  [1m[36mUser Load (0.9ms)[0m  [1m[34mSELECT "users".* FROM "users"[0m
  [1m[36mUser Load (0.4ms)[0m  [1m[34mSELECT  "users".* FROM "users" WHERE "users"."email" = $1 LIMIT $2[0m  [["email", "nick"], ["LIMIT", 1]]
