  [1m[35m (314.7ms)[0m  [1m[35mCREATE DATABASE "music_app_development" ENCODING = 'unicode'[0m
  ↳ bin/rails:9
  [1m[35m (113.0ms)[0m  [1m[35mCREATE DATABASE "music_app_test" ENCODING = 'unicode'[0m
  ↳ bin/rails:9
Started GET "/session/new" for ::1 at 2020-05-25 07:32:04 +0900
  
ActionController::RoutingError (No route matches [GET] "/session/new"):
  
actionpack (5.2.4.3) lib/action_dispatch/middleware/debug_exceptions.rb:65:in `call'
web-console (3.7.0) lib/web_console/middleware.rb:135:in `call_app'
web-console (3.7.0) lib/web_console/middleware.rb:30:in `block in call'
web-console (3.7.0) lib/web_console/middleware.rb:20:in `catch'
web-console (3.7.0) lib/web_console/middleware.rb:20:in `call'
actionpack (5.2.4.3) lib/action_dispatch/middleware/show_exceptions.rb:33:in `call'
railties (5.2.4.3) lib/rails/rack/logger.rb:38:in `call_app'
railties (5.2.4.3) lib/rails/rack/logger.rb:26:in `block in call'
activesupport (5.2.4.3) lib/active_support/tagged_logging.rb:71:in `block in tagged'
activesupport (5.2.4.3) lib/active_support/tagged_logging.rb:28:in `tagged'
activesupport (5.2.4.3) lib/active_support/tagged_logging.rb:71:in `tagged'
railties (5.2.4.3) lib/rails/rack/logger.rb:26:in `call'
sprockets-rails (3.2.1) lib/sprockets/rails/quiet_assets.rb:13:in `call'
actionpack (5.2.4.3) lib/action_dispatch/middleware/remote_ip.rb:81:in `call'
actionpack (5.2.4.3) lib/action_dispatch/middleware/request_id.rb:27:in `call'
rack (2.2.2) lib/rack/method_override.rb:24:in `call'
rack (2.2.2) lib/rack/runtime.rb:22:in `call'
activesupport (5.2.4.3) lib/active_support/cache/strategy/local_cache_middleware.rb:29:in `call'
actionpack (5.2.4.3) lib/action_dispatch/middleware/executor.rb:14:in `call'
actionpack (5.2.4.3) lib/action_dispatch/middleware/static.rb:127:in `call'
rack (2.2.2) lib/rack/sendfile.rb:110:in `call'
railties (5.2.4.3) lib/rails/engine.rb:524:in `call'
puma (3.12.6) lib/puma/configuration.rb:227:in `call'
puma (3.12.6) lib/puma/server.rb:706:in `handle_request'
puma (3.12.6) lib/puma/server.rb:476:in `process_client'
puma (3.12.6) lib/puma/server.rb:334:in `block in run'
puma (3.12.6) lib/puma/thread_pool.rb:135:in `block in spawn_thread'
Started GET "/" for ::1 at 2020-05-25 07:32:11 +0900
Processing by Rails::WelcomeController#index as HTML
  Rendering /Users/nickmartinovic/.rbenv/versions/2.5.1/lib/ruby/gems/2.5.0/gems/railties-5.2.4.3/lib/rails/templates/rails/welcome/index.html.erb
  Rendered /Users/nickmartinovic/.rbenv/versions/2.5.1/lib/ruby/gems/2.5.0/gems/railties-5.2.4.3/lib/rails/templates/rails/welcome/index.html.erb (3.3ms)
Completed 200 OK in 15ms (Views: 10.0ms | ActiveRecord: 0.0ms)


  [1m[35m (54.9ms)[0m  [1m[35mCREATE TABLE "schema_migrations" ("version" character varying NOT NULL PRIMARY KEY)[0m
  ↳ /Users/nickmartinovic/.rbenv/versions/2.5.1/bin/rake:23
  [1m[35m (4.4ms)[0m  [1m[35mCREATE TABLE "ar_internal_metadata" ("key" character varying NOT NULL PRIMARY KEY, "value" character varying, "created_at" timestamp NOT NULL, "updated_at" timestamp NOT NULL)[0m
  ↳ /Users/nickmartinovic/.rbenv/versions/2.5.1/bin/rake:23
  [1m[35m (2.2ms)[0m  [1m[34mSELECT "schema_migrations"."version" FROM "schema_migrations" ORDER BY "schema_migrations"."version" ASC[0m
  ↳ /Users/nickmartinovic/.rbenv/versions/2.5.1/bin/rake:23
  [1m[35m (0.3ms)[0m  [1m[34mSELECT "schema_migrations"."version" FROM "schema_migrations" ORDER BY "schema_migrations"."version" ASC[0m
  ↳ /Users/nickmartinovic/.rbenv/versions/2.5.1/bin/rake:23
  [1m[35m (1.7ms)[0m  [1m[34mSELECT pg_try_advisory_lock(4505726345591715405)[0m
  ↳ /Users/nickmartinovic/.rbenv/versions/2.5.1/bin/rake:23
  [1m[35m (0.3ms)[0m  [1m[34mSELECT "schema_migrations"."version" FROM "schema_migrations" ORDER BY "schema_migrations"."version" ASC[0m
  ↳ /Users/nickmartinovic/.rbenv/versions/2.5.1/bin/rake:23
  [1m[35m (0.2ms)[0m  [1m[34mSELECT pg_advisory_unlock(4505726345591715405)[0m
  ↳ /Users/nickmartinovic/.rbenv/versions/2.5.1/bin/rake:23
  [1m[35m (0.2ms)[0m  [1m[34mSELECT "schema_migrations"."version" FROM "schema_migrations" ORDER BY "schema_migrations"."version" ASC[0m
  ↳ /Users/nickmartinovic/.rbenv/versions/2.5.1/bin/rake:23
  [1m[35m (0.9ms)[0m  [1m[34mSELECT "schema_migrations"."version" FROM "schema_migrations" ORDER BY "schema_migrations"."version" ASC[0m
  ↳ bin/rails:9
  [1m[35m (0.2ms)[0m  [1m[34mSELECT pg_try_advisory_lock(4505726345591715405)[0m
  ↳ bin/rails:9
  [1m[35m (0.9ms)[0m  [1m[34mSELECT "schema_migrations"."version" FROM "schema_migrations" ORDER BY "schema_migrations"."version" ASC[0m
  ↳ bin/rails:9
Migrating to CreateUsers (20200524223722)
  [1m[35m (0.3ms)[0m  [1m[34mSELECT pg_advisory_unlock(4505726345591715405)[0m
  ↳ bin/rails:9
  [1m[35m (0.3ms)[0m  [1m[34mSELECT pg_try_advisory_lock(4505726345591715405)[0m
  ↳ bin/rails:9
  [1m[35m (2.9ms)[0m  [1m[34mSELECT "schema_migrations"."version" FROM "schema_migrations" ORDER BY "schema_migrations"."version" ASC[0m
  ↳ bin/rails:9
Migrating to CreateUsers (20200524223722)
  [1m[35m (0.7ms)[0m  [1m[35mBEGIN[0m
  ↳ bin/rails:9
  [1m[35m (16.6ms)[0m  [1m[35mCREATE TABLE "users" ("id" bigserial primary key, "email" character varying NOT NULL, "password_digest" character varying NOT NULL, "session_token" character varying NOT NULL, "created_at" timestamp NOT NULL, "updated_at" timestamp NOT NULL)[0m
  ↳ db/migrate/20200524223722_create_users.rb:3
  [1m[36mActiveRecord::SchemaMigration Create (6.2ms)[0m  [1m[32mINSERT INTO "schema_migrations" ("version") VALUES ($1) RETURNING "version"[0m  [["version", "20200524223722"]]
  ↳ bin/rails:9
  [1m[35m (0.7ms)[0m  [1m[35mCOMMIT[0m
  ↳ bin/rails:9
  [1m[36mActiveRecord::InternalMetadata Load (2.1ms)[0m  [1m[34mSELECT  "ar_internal_metadata".* FROM "ar_internal_metadata" WHERE "ar_internal_metadata"."key" = $1 LIMIT $2[0m  [["key", "environment"], ["LIMIT", 1]]
  ↳ bin/rails:9
  [1m[35m (0.2ms)[0m  [1m[35mBEGIN[0m
  ↳ bin/rails:9
  [1m[36mActiveRecord::InternalMetadata Create (2.4ms)[0m  [1m[32mINSERT INTO "ar_internal_metadata" ("key", "value", "created_at", "updated_at") VALUES ($1, $2, $3, $4) RETURNING "key"[0m  [["key", "environment"], ["value", "development"], ["created_at", "2020-05-24 22:43:06.700488"], ["updated_at", "2020-05-24 22:43:06.700488"]]
  ↳ bin/rails:9
  [1m[35m (0.4ms)[0m  [1m[35mCOMMIT[0m
  ↳ bin/rails:9
  [1m[35m (0.3ms)[0m  [1m[34mSELECT pg_advisory_unlock(4505726345591715405)[0m
  ↳ bin/rails:9
  [1m[35m (0.8ms)[0m  [1m[34mSELECT "schema_migrations"."version" FROM "schema_migrations" ORDER BY "schema_migrations"."version" ASC[0m
  ↳ bin/rails:9
  [1m[36mUser Load (4.1ms)[0m  [1m[34mSELECT "users".* FROM "users"[0m
  [1m[35m (1.5ms)[0m  [1m[35mBEGIN[0m
  [1m[35m (1.1ms)[0m  [1m[31mROLLBACK[0m
  [1m[35m (0.3ms)[0m  [1m[35mBEGIN[0m
  [1m[36mUser Create (19.6ms)[0m  [1m[32mINSERT INTO "users" ("email", "password_digest", "session_token", "created_at", "updated_at") VALUES ($1, $2, $3, $4, $5) RETURNING "id"[0m  [["email", "nick"], ["password_digest", "$2a$12$z6fWPuDiDXcwXEjXH7PaJ.gL.coYztQDHS2HoUpam4Ghwao53pu.K"], ["session_token", "_SyRC3kPqDpFL91E6fr2OQ"], ["created_at", "2020-05-25 22:22:50.405572"], ["updated_at", "2020-05-25 22:22:50.405572"]]
  [1m[35m (0.6ms)[0m  [1m[35mCOMMIT[0m
  [1m[36mUser Load (1.9ms)[0m  [1m[34mSELECT "users".* FROM "users"[0m
  [1m[36mUser Load (6.7ms)[0m  [1m[34mSELECT  "users".* FROM "users" WHERE "users"."email" = $1 LIMIT $2[0m  [["email", "nick"], ["LIMIT", 1]]
  [1m[36mUser Load (0.4ms)[0m  [1m[34mSELECT  "users".* FROM "users" WHERE "users"."email" = $1 LIMIT $2[0m  [["email", "nick"], ["LIMIT", 1]]
  [1m[36mUser Load (0.3ms)[0m  [1m[34mSELECT  "users".* FROM "users" WHERE "users"."email" = $1 LIMIT $2[0m  [["email", "nick"], ["LIMIT", 1]]
  [1m[36mUser Load (1.0ms)[0m  [1m[34mSELECT  "users".* FROM "users" WHERE "users"."email" = $1 LIMIT $2[0m  [["email", "do"], ["LIMIT", 1]]
  [1m[36mUser Load (0.4ms)[0m  [1m[34mSELECT  "users".* FROM "users" WHERE "users"."email" = $1 LIMIT $2[0m  [["email", "nick"], ["LIMIT", 1]]
  [1m[36mUser Load (0.7ms)[0m  [1m[34mSELECT  "users".* FROM "users" WHERE "users"."email" = $1 LIMIT $2[0m  [["email", "nick"], ["LIMIT", 1]]
  [1m[36mUser Load (0.3ms)[0m  [1m[34mSELECT  "users".* FROM "users" WHERE "users"."email" = $1 LIMIT $2[0m  [["email", "nick"], ["LIMIT", 1]]
Started POST "/users" for ::1 at 2020-05-26 07:42:59 +0900
  [1m[35m (7.0ms)[0m  [1m[34mSELECT "schema_migrations"."version" FROM "schema_migrations" ORDER BY "schema_migrations"."version" ASC[0m
  ↳ /Users/nickmartinovic/.rbenv/versions/2.5.1/lib/ruby/gems/2.5.0/gems/activerecord-5.2.4.3/lib/active_record/log_subscriber.rb:98

SyntaxError - syntax error, unexpected keyword_end, expecting end-of-input:
  app/controllers/users_controller.rb:14:in `'

Started POST "/users" for ::1 at 2020-05-26 07:44:51 +0900

SyntaxError - syntax error, unexpected keyword_end, expecting end-of-input:
  app/controllers/users_controller.rb:15:in `'

Started POST "/users" for ::1 at 2020-05-26 07:45:20 +0900
Processing by UsersController#create as */*
  Parameters: {"user"=>{"email"=>"tuesday", "password"=>"[FILTERED]"}}
Can't verify CSRF token authenticity.
Completed 422 Unprocessable Entity in 2ms (ActiveRecord: 0.0ms)



ActionController::InvalidAuthenticityToken - ActionController::InvalidAuthenticityToken:

Started POST "/users" for ::1 at 2020-05-26 07:46:28 +0900
Processing by UsersController#create as */*
  Parameters: {"user"=>{"email"=>"tuesday", "password"=>"[FILTERED]"}}
Can't verify CSRF token authenticity.
Completed 422 Unprocessable Entity in 1ms (ActiveRecord: 0.0ms)



ActionController::InvalidAuthenticityToken - ActionController::InvalidAuthenticityToken:

Started POST "/users" for ::1 at 2020-05-26 07:46:53 +0900
  [1m[35m (2.2ms)[0m  [1m[34mSELECT "schema_migrations"."version" FROM "schema_migrations" ORDER BY "schema_migrations"."version" ASC[0m
  ↳ /Users/nickmartinovic/.rbenv/versions/2.5.1/lib/ruby/gems/2.5.0/gems/activerecord-5.2.4.3/lib/active_record/log_subscriber.rb:98
Processing by UsersController#create as */*
  Parameters: {"user"=>{"email"=>"tuesday", "password"=>"[FILTERED]"}}
Completed 200 OK in 417ms (Views: 8.2ms | ActiveRecord: 11.9ms)


Started GET "/users" for ::1 at 2020-05-26 07:49:06 +0900

AbstractController::ActionNotFound - The action 'index' could not be found for UsersController:

Started GET "/users/1" for ::1 at 2020-05-26 07:50:22 +0900
Processing by UsersController#show as */*
  Parameters: {"user"=>{"email"=>"tuesday", "password"=>"[FILTERED]"}, "id"=>"1"}
Completed 500 Internal Server Error in 29ms (ActiveRecord: 0.0ms)



ArgumentError - wrong number of arguments (given 1, expected 2):
  app/models/user.rb:9:in `find_by_credentials'
  app/controllers/users_controller.rb:9:in `show'

  [1m[36mUser Load (1.0ms)[0m  [1m[34mSELECT "users".* FROM "users"[0m
Started POST "/users" for ::1 at 2020-05-26 07:58:37 +0900
Processing by UsersController#create as */*
  Parameters: {"user"=>{"email"=>"tuesday", "password"=>"[FILTERED]"}}
  [1m[35m (0.2ms)[0m  [1m[35mBEGIN[0m
  ↳ app/controllers/users_controller.rb:6
  [1m[36mUser Create (8.8ms)[0m  [1m[32mINSERT INTO "users" ("email", "password_digest", "session_token", "created_at", "updated_at") VALUES ($1, $2, $3, $4, $5) RETURNING "id"[0m  [["email", "tuesday"], ["password_digest", "$2a$12$idFbW8OVhQoDn0oU/ytSNuYJOE12WVGUh0yuD.dhI1AiEoN6WIeWq"], ["session_token", "rjyVwfHuS6u7Oz15jFlQpg"], ["created_at", "2020-05-25 22:58:37.590347"], ["updated_at", "2020-05-25 22:58:37.590347"]]
  ↳ app/controllers/users_controller.rb:6
  [1m[35m (0.8ms)[0m  [1m[35mCOMMIT[0m
  ↳ app/controllers/users_controller.rb:6
Completed 200 OK in 372ms (Views: 1.4ms | ActiveRecord: 21.0ms)


  [1m[36mUser Load (0.3ms)[0m  [1m[34mSELECT "users".* FROM "users"[0m
Started GET "/users/1" for ::1 at 2020-05-26 08:14:40 +0900
Processing by UsersController#show as */*
  Parameters: {"user"=>{"email"=>"tuesday", "password"=>"[FILTERED]"}, "id"=>"1"}
Completed 500 Internal Server Error in 13ms (ActiveRecord: 0.0ms)



ArgumentError - wrong number of arguments (given 1, expected 2):
  app/models/user.rb:9:in `find_by_credentials'
  app/controllers/users_controller.rb:14:in `show'

Started GET "/users/1" for ::1 at 2020-05-26 08:15:55 +0900
Processing by UsersController#show as */*
  Parameters: {"user"=>{"email"=>"tuesday", "password"=>"[FILTERED]"}, "id"=>"1"}
  [1m[36mUser Load (0.7ms)[0m  [1m[34mSELECT  "users".* FROM "users" WHERE "users"."email" = $1 LIMIT $2[0m  [["email", "tuesday"], ["LIMIT", 1]]
  ↳ app/models/user.rb:10
Completed 200 OK in 443ms (Views: 1.2ms | ActiveRecord: 15.9ms)


Started GET "/users/1" for ::1 at 2020-05-26 08:16:44 +0900
Processing by UsersController#show as */*
  Parameters: {"user"=>{"email"=>"tuesday", "password"=>"[FILTERED]"}, "id"=>"1"}
  [1m[36mUser Load (9.2ms)[0m  [1m[34mSELECT  "users".* FROM "users" WHERE (1) LIMIT $1[0m  [["LIMIT", 1]]
  ↳ app/controllers/users_controller.rb:14
Completed 500 Internal Server Error in 25ms (ActiveRecord: 11.7ms)



ActiveRecord::StatementInvalid - PG::DatatypeMismatch: ERROR:  argument of WHERE must be type boolean, not type integer
LINE 1: SELECT  "users".* FROM "users" WHERE (1) LIMIT $1
                                              ^
: SELECT  "users".* FROM "users" WHERE (1) LIMIT $1:
  app/controllers/users_controller.rb:14:in `show'

Started GET "/users/1" for ::1 at 2020-05-26 08:17:05 +0900
Processing by UsersController#show as */*
  Parameters: {"user"=>{"email"=>"tuesday", "password"=>"[FILTERED]"}, "id"=>"1"}
  [1m[36mUser Load (0.4ms)[0m  [1m[34mSELECT  "users".* FROM "users" WHERE "users"."id" = $1 LIMIT $2[0m  [["id", 1], ["LIMIT", 1]]
  ↳ app/controllers/users_controller.rb:14
Completed 200 OK in 28ms (Views: 2.9ms | ActiveRecord: 7.0ms)


Started GET "/users" for ::1 at 2020-05-26 08:17:55 +0900
Processing by UsersController#index as */*
  Parameters: {"user"=>{"email"=>"tuesday", "password"=>"[FILTERED]"}}
  [1m[36mUser Load (0.4ms)[0m  [1m[34mSELECT "users".* FROM "users"[0m
  ↳ app/controllers/users_controller.rb:20
Completed 200 OK in 23ms (Views: 8.4ms | ActiveRecord: 10.6ms)


Started GET "/session/new" for ::1 at 2020-05-26 08:29:46 +0900

AbstractController::ActionNotFound - The action 'new' could not be found for SessionsController:

Started GET "/users" for ::1 at 2020-05-26 08:29:54 +0900
Processing by UsersController#index as HTML
  [1m[36mUser Load (1.4ms)[0m  [1m[34mSELECT "users".* FROM "users"[0m
  ↳ app/controllers/users_controller.rb:20
Completed 200 OK in 47ms (Views: 23.9ms | ActiveRecord: 17.1ms)


Started GET "/users/new" for ::1 at 2020-05-26 08:29:57 +0900

AbstractController::ActionNotFound - The action 'new' could not be found for UsersController:

Started GET "/users/1" for ::1 at 2020-05-26 08:30:17 +0900
Processing by UsersController#show as HTML
  Parameters: {"id"=>"1"}
  [1m[36mUser Load (0.6ms)[0m  [1m[34mSELECT  "users".* FROM "users" WHERE "users"."id" = $1 LIMIT $2[0m  [["id", 1], ["LIMIT", 1]]
  ↳ app/controllers/users_controller.rb:14
Completed 200 OK in 5ms (Views: 0.7ms | ActiveRecord: 1.0ms)


Started GET "/users/1" for ::1 at 2020-05-26 08:30:55 +0900
Processing by UsersController#show as HTML
  Parameters: {"id"=>"1"}
  [1m[36mUser Load (0.4ms)[0m  [1m[34mSELECT  "users".* FROM "users" WHERE "users"."id" = $1 LIMIT $2[0m  [["id", 1], ["LIMIT", 1]]
  ↳ app/controllers/users_controller.rb:14
Completed 500 Internal Server Error in 42ms (ActiveRecord: 9.0ms)



ActionView::MissingTemplate - Missing template users/show, application/show with {:locale=>[:en], :formats=>[:html], :variants=>[], :handlers=>[:raw, :erb, :html, :builder, :ruby, :coffee, :jbuilder]}. Searched in:
  * "/Users/nickmartinovic/Desktop/aA-homeworks/Rails/music_app/app/views"
:
  app/controllers/users_controller.rb:15:in `show'

Started POST "/__better_errors/9feb71c04823a283/variables" for ::1 at 2020-05-26 08:30:55 +0900
Started GET "/users/1" for ::1 at 2020-05-26 08:31:22 +0900
Processing by UsersController#show as HTML
  Parameters: {"id"=>"1"}
  [1m[36mUser Load (0.5ms)[0m  [1m[34mSELECT  "users".* FROM "users" WHERE "users"."id" = $1 LIMIT $2[0m  [["id", 1], ["LIMIT", 1]]
  ↳ app/controllers/users_controller.rb:14
  Rendering users/show.html.erb within layouts/application
  Rendered users/show.html.erb within layouts/application (1.8ms)
Completed 200 OK in 415ms (Views: 412.8ms | ActiveRecord: 0.5ms)


Started POST "/__better_errors/e13d2f88b313fd3a/variables" for ::1 at 2020-05-26 08:32:49 +0900
Started GET "/users/new" for ::1 at 2020-05-26 08:33:13 +0900
Processing by UsersController#new as HTML
Completed 500 Internal Server Error in 6ms (ActiveRecord: 0.0ms)



ActionView::MissingTemplate - Missing template users/new, application/new with {:locale=>[:en], :formats=>[:html], :variants=>[], :handlers=>[:raw, :erb, :html, :builder, :ruby, :coffee, :jbuilder]}. Searched in:
  * "/Users/nickmartinovic/Desktop/aA-homeworks/Rails/music_app/app/views"
:
  app/controllers/users_controller.rb:24:in `new'

Started POST "/__better_errors/45831d81800a92b6/variables" for ::1 at 2020-05-26 08:33:13 +0900
Started GET "/users/new" for ::1 at 2020-05-26 08:33:40 +0900
Processing by UsersController#new as HTML
  Rendering users/new.html.erb within layouts/application
  Rendered users/new.html.erb within layouts/application (0.5ms)
Completed 200 OK in 38ms (Views: 37.0ms | ActiveRecord: 0.0ms)


Started GET "/users/new" for ::1 at 2020-05-26 08:39:13 +0900
Processing by UsersController#new as HTML
  Rendering users/new.html.erb within layouts/application
  Rendered users/new.html.erb within layouts/application (1.0ms)
Completed 200 OK in 42ms (Views: 37.9ms | ActiveRecord: 0.0ms)


Started GET "/users/new" for ::1 at 2020-05-26 08:48:39 +0900
Processing by UsersController#new as HTML
  Rendering users/new.html.erb within layouts/application
  Rendered users/new.html.erb within layouts/application (1.9ms)
Completed 200 OK in 43ms (Views: 42.4ms | ActiveRecord: 0.0ms)


Started POST "/users" for ::1 at 2020-05-26 08:48:52 +0900
Processing by UsersController#create as HTML
  Parameters: {"user"=>{"email"=>"firsty", "password"=>"[FILTERED]"}}
  [1m[35m (0.2ms)[0m  [1m[35mBEGIN[0m
  ↳ app/controllers/users_controller.rb:6
  [1m[36mUser Create (0.9ms)[0m  [1m[32mINSERT INTO "users" ("email", "password_digest", "session_token", "created_at", "updated_at") VALUES ($1, $2, $3, $4, $5) RETURNING "id"[0m  [["email", "firsty"], ["password_digest", "$2a$12$3slLMdKpak5lTADqWlgWBepYCyxmg7ZYA3/V101e67sYDX.O3aAIG"], ["session_token", "JOl5RRHgyCuU2qN9n-Onbg"], ["created_at", "2020-05-25 23:48:53.376550"], ["updated_at", "2020-05-25 23:48:53.376550"]]
  ↳ app/controllers/users_controller.rb:6
  [1m[35m (1.5ms)[0m  [1m[35mCOMMIT[0m
  ↳ app/controllers/users_controller.rb:6
Completed 200 OK in 416ms (Views: 1.0ms | ActiveRecord: 15.4ms)


  [1m[36mUser Load (0.7ms)[0m  [1m[34mSELECT "users".* FROM "users"[0m
Started GET "/users" for ::1 at 2020-05-26 08:49:18 +0900
Processing by UsersController#index as HTML
  [1m[36mUser Load (0.8ms)[0m  [1m[34mSELECT "users".* FROM "users"[0m
  ↳ app/controllers/users_controller.rb:20
Completed 200 OK in 8ms (Views: 5.9ms | ActiveRecord: 0.8ms)


Started GET "/session/new" for ::1 at 2020-05-27 06:06:59 +0900
  [1m[35m (7.7ms)[0m  [1m[34mSELECT "schema_migrations"."version" FROM "schema_migrations" ORDER BY "schema_migrations"."version" ASC[0m
  ↳ /Users/nickmartinovic/.rbenv/versions/2.5.1/lib/ruby/gems/2.5.0/gems/activerecord-5.2.4.3/lib/active_record/log_subscriber.rb:98

AbstractController::ActionNotFound - The action 'new' could not be found for SessionsController:

Started GET "/" for ::1 at 2020-05-27 06:11:25 +0900
  [1m[35m (1.2ms)[0m  [1m[34mSELECT "schema_migrations"."version" FROM "schema_migrations" ORDER BY "schema_migrations"."version" ASC[0m
  ↳ /Users/nickmartinovic/.rbenv/versions/2.5.1/lib/ruby/gems/2.5.0/gems/activerecord-5.2.4.3/lib/active_record/log_subscriber.rb:98
Processing by Rails::WelcomeController#index as HTML
  Rendering /Users/nickmartinovic/.rbenv/versions/2.5.1/lib/ruby/gems/2.5.0/gems/railties-5.2.4.3/lib/rails/templates/rails/welcome/index.html.erb
  Rendered /Users/nickmartinovic/.rbenv/versions/2.5.1/lib/ruby/gems/2.5.0/gems/railties-5.2.4.3/lib/rails/templates/rails/welcome/index.html.erb (4.1ms)
Completed 200 OK in 29ms (Views: 14.8ms | ActiveRecord: 0.0ms)


Started GET "/users/new" for ::1 at 2020-05-27 06:11:52 +0900
Processing by UsersController#new as HTML
  Rendering users/new.html.erb within layouts/application
  Rendered users/new.html.erb within layouts/application (0.9ms)
Completed 200 OK in 229ms (Views: 228.1ms | ActiveRecord: 0.0ms)


Started POST "/users" for ::1 at 2020-05-27 06:12:00 +0900
Processing by UsersController#create as HTML
  Parameters: {"user"=>{"email"=>"wed", "password"=>"[FILTERED]"}}
  [1m[35m (0.2ms)[0m  [1m[35mBEGIN[0m
  ↳ app/controllers/users_controller.rb:6
  [1m[36mUser Create (9.0ms)[0m  [1m[32mINSERT INTO "users" ("email", "password_digest", "session_token", "created_at", "updated_at") VALUES ($1, $2, $3, $4, $5) RETURNING "id"[0m  [["email", "wed"], ["password_digest", "$2a$12$GzeFL7e5ezAnjQQJqHKHLe636Es68MvM4c4Ds/I/BqwQphGYtvg8a"], ["session_token", "25poILAnOHre3V-f1iM_Fg"], ["created_at", "2020-05-26 21:12:00.744058"], ["updated_at", "2020-05-26 21:12:00.744058"]]
  ↳ app/controllers/users_controller.rb:6
  [1m[35m (0.7ms)[0m  [1m[35mCOMMIT[0m
  ↳ app/controllers/users_controller.rb:6
Completed 200 OK in 347ms (Views: 0.9ms | ActiveRecord: 26.3ms)


Started GET "/session/new" for ::1 at 2020-05-27 06:13:23 +0900

AbstractController::ActionNotFound - The action 'new' could not be found for SessionsController:

Started POST "/__better_errors/01a0c66f6404297b/variables" for ::1 at 2020-05-27 06:13:23 +0900
Started GET "/session/new" for ::1 at 2020-05-27 06:13:49 +0900
Processing by SessionsController#new as HTML
Completed 200 OK in 1ms (Views: 0.1ms | ActiveRecord: 0.0ms)


Started GET "/session/new" for ::1 at 2020-05-27 06:15:27 +0900
Processing by SessionsController#new as HTML
Completed 500 Internal Server Error in 8ms (ActiveRecord: 0.0ms)



ActionView::MissingTemplate - Missing template sessions/new, application/new with {:locale=>[:en], :formats=>[:html], :variants=>[], :handlers=>[:raw, :erb, :html, :builder, :ruby, :coffee, :jbuilder]}. Searched in:
  * "/Users/nickmartinovic/Desktop/aA-homeworks/Rails/music_app/app/views"
:
  app/controllers/sessions_controller.rb:8:in `new'

Started POST "/__better_errors/bed873fcfc8bb9e2/variables" for ::1 at 2020-05-27 06:15:28 +0900
Started GET "/session/new" for ::1 at 2020-05-27 06:15:50 +0900
Processing by SessionsController#new as HTML
  Rendering sessions/new.html.erb within layouts/application
  Rendered sessions/new.html.erb within layouts/application (0.5ms)
Completed 200 OK in 49ms (Views: 48.6ms | ActiveRecord: 0.0ms)


Started GET "/session/new" for ::1 at 2020-05-27 06:19:00 +0900
Processing by SessionsController#new as HTML
  Rendering sessions/new.html.erb within layouts/application
  Rendered sessions/new.html.erb within layouts/application (0.3ms)
Completed 200 OK in 39ms (Views: 38.0ms | ActiveRecord: 0.0ms)


Started GET "/session/new" for ::1 at 2020-05-27 06:20:44 +0900
Processing by SessionsController#new as HTML
  Rendering sessions/new.html.erb within layouts/application
  Rendered sessions/new.html.erb within layouts/application (0.9ms)
Completed 200 OK in 41ms (Views: 40.1ms | ActiveRecord: 0.0ms)


Started GET "/session/new" for ::1 at 2020-05-27 06:20:54 +0900
Processing by SessionsController#new as HTML
  Rendering sessions/new.html.erb within layouts/application
  Rendered sessions/new.html.erb within layouts/application (0.5ms)
Completed 200 OK in 24ms (Views: 23.5ms | ActiveRecord: 0.0ms)


Started GET "/session/new" for ::1 at 2020-05-27 06:21:07 +0900
Processing by SessionsController#new as HTML
  Rendering sessions/new.html.erb within layouts/application
  Rendered sessions/new.html.erb within layouts/application (0.7ms)
Completed 200 OK in 29ms (Views: 28.7ms | ActiveRecord: 0.0ms)


  [1m[36mUser Load (0.8ms)[0m  [1m[34mSELECT "users".* FROM "users"[0m
Started POST "/session" for ::1 at 2020-05-27 06:21:52 +0900
Processing by SessionsController#create as HTML
  Parameters: {"user"=>{"email"=>"wed", "password"=>"[FILTERED]"}}
No template found for SessionsController#create, rendering head :no_content
Completed 204 No Content in 222ms (ActiveRecord: 0.0ms)


Started POST "/session" for ::1 at 2020-05-27 06:24:43 +0900
Processing by SessionsController#create as HTML
  Parameters: {"user"=>{"email"=>"wed", "password"=>"[FILTERED]"}}
Completed 500 Internal Server Error in 7ms (ActiveRecord: 0.0ms)



ArgumentError - wrong number of arguments (given 1, expected 2):
  app/models/user.rb:9:in `find_by_credentials'
  app/controllers/sessions_controller.rb:4:in `create'

Started POST "/__better_errors/edbcf220384d1c53/variables" for ::1 at 2020-05-27 06:24:44 +0900
Started POST "/__better_errors/edbcf220384d1c53/variables" for ::1 at 2020-05-27 06:24:51 +0900
Started GET "/session/new" for ::1 at 2020-05-27 06:25:35 +0900
Processing by SessionsController#new as HTML
  Rendering sessions/new.html.erb within layouts/application
  Rendered sessions/new.html.erb within layouts/application (0.6ms)
Completed 200 OK in 37ms (Views: 35.9ms | ActiveRecord: 0.0ms)


Started POST "/session" for ::1 at 2020-05-27 06:25:40 +0900
Processing by SessionsController#create as HTML
  Parameters: {"user"=>{"email"=>"wed", "password"=>"[FILTERED]"}}
Completed 500 Internal Server Error in 1ms (ActiveRecord: 0.0ms)



RuntimeError - :
  app/controllers/sessions_controller.rb:4:in `create'

Started POST "/__better_errors/bae1d84c941d46c0/variables" for ::1 at 2020-05-27 06:25:40 +0900
Started POST "/__better_errors/bae1d84c941d46c0/eval" for ::1 at 2020-05-27 06:25:47 +0900
Started POST "/__better_errors/bae1d84c941d46c0/eval" for ::1 at 2020-05-27 06:26:10 +0900
Started GET "/session/new" for ::1 at 2020-05-27 06:26:44 +0900

SyntaxError - syntax error, unexpected tIDENTIFIER, expecting ')'
        render json: @user
        ^~~~~~:
  app/controllers/sessions_controller.rb:5:in `'

Started POST "/__better_errors/b7755b726eeb7614/variables" for ::1 at 2020-05-27 06:26:45 +0900
Started GET "/session/new" for ::1 at 2020-05-27 06:26:58 +0900
Processing by SessionsController#new as HTML
  Rendering sessions/new.html.erb within layouts/application
  Rendered sessions/new.html.erb within layouts/application (0.7ms)
Completed 200 OK in 33ms (Views: 32.3ms | ActiveRecord: 0.0ms)


Started POST "/session" for ::1 at 2020-05-27 06:27:03 +0900
Processing by SessionsController#create as HTML
  Parameters: {"user"=>{"email"=>"wed", "password"=>"[FILTERED]"}}
  [1m[36mUser Load (1.0ms)[0m  [1m[34mSELECT  "users".* FROM "users" WHERE "users"."email" = $1 LIMIT $2[0m  [["email", "wed"], ["LIMIT", 1]]
  ↳ app/models/user.rb:10
Completed 200 OK in 345ms (Views: 0.6ms | ActiveRecord: 7.3ms)


Started GET "/session/new" for ::1 at 2020-05-27 06:27:11 +0900
Processing by SessionsController#new as HTML
  Rendering sessions/new.html.erb within layouts/application
  Rendered sessions/new.html.erb within layouts/application (0.8ms)
Completed 200 OK in 51ms (Views: 49.5ms | ActiveRecord: 0.0ms)


Started POST "/session" for ::1 at 2020-05-27 06:27:15 +0900
Processing by SessionsController#create as HTML
  Parameters: {"user"=>{"email"=>"wed", "password"=>"[FILTERED]"}}
  [1m[36mUser Load (0.5ms)[0m  [1m[34mSELECT  "users".* FROM "users" WHERE "users"."email" = $1 LIMIT $2[0m  [["email", "wed"], ["LIMIT", 1]]
  ↳ app/models/user.rb:10
Completed 200 OK in 311ms (Views: 0.2ms | ActiveRecord: 0.5ms)


Started POST "/session" for ::1 at 2020-05-27 06:30:27 +0900
Processing by SessionsController#create as HTML
  Parameters: {"user"=>{"email"=>"wed", "password"=>"[FILTERED]"}}
  [1m[36mUser Load (1.0ms)[0m  [1m[34mSELECT  "users".* FROM "users" WHERE "users"."email" = $1 LIMIT $2[0m  [["email", "wed"], ["LIMIT", 1]]
  ↳ app/models/user.rb:10
Completed 200 OK in 328ms (Views: 0.1ms | ActiveRecord: 7.8ms)


Started GET "/session/new" for ::1 at 2020-05-27 06:30:31 +0900
Processing by SessionsController#new as HTML
  Rendering sessions/new.html.erb within layouts/application
  Rendered sessions/new.html.erb within layouts/application (1.1ms)
Completed 200 OK in 48ms (Views: 47.0ms | ActiveRecord: 0.0ms)


Started POST "/session" for ::1 at 2020-05-27 06:30:36 +0900
Processing by SessionsController#create as HTML
  Parameters: {"user"=>{"email"=>"nick", "password"=>"[FILTERED]"}}
  [1m[36mUser Load (1.6ms)[0m  [1m[34mSELECT  "users".* FROM "users" WHERE "users"."email" = $1 LIMIT $2[0m  [["email", "nick"], ["LIMIT", 1]]
  ↳ app/models/user.rb:10
Completed 200 OK in 327ms (Views: 0.2ms | ActiveRecord: 1.6ms)


Started GET "/session/new" for ::1 at 2020-05-27 06:30:40 +0900
Processing by SessionsController#new as HTML
  Rendering sessions/new.html.erb within layouts/application
  Rendered sessions/new.html.erb within layouts/application (0.5ms)
Completed 200 OK in 33ms (Views: 31.4ms | ActiveRecord: 0.0ms)


Started POST "/session" for ::1 at 2020-05-27 06:30:47 +0900
Processing by SessionsController#create as HTML
  Parameters: {"user"=>{"email"=>"nick", "password"=>"[FILTERED]"}}
  [1m[36mUser Load (1.3ms)[0m  [1m[34mSELECT  "users".* FROM "users" WHERE "users"."email" = $1 LIMIT $2[0m  [["email", "nick"], ["LIMIT", 1]]
  ↳ app/models/user.rb:10
Completed 200 OK in 309ms (Views: 0.1ms | ActiveRecord: 1.3ms)


Started GET "/users/new" for ::1 at 2020-05-27 06:36:43 +0900
Processing by UsersController#new as HTML
  Rendering users/new.html.erb within layouts/application
  Rendered users/new.html.erb within layouts/application (0.9ms)
Completed 200 OK in 36ms (Views: 35.5ms | ActiveRecord: 0.0ms)


Started POST "/users" for ::1 at 2020-05-27 06:36:49 +0900
Processing by UsersController#create as HTML
  Parameters: {"user"=>{"email"=>"shower", "password"=>"[FILTERED]"}}
  [1m[35m (0.2ms)[0m  [1m[35mBEGIN[0m
  ↳ app/controllers/users_controller.rb:6
  [1m[36mUser Create (1.2ms)[0m  [1m[32mINSERT INTO "users" ("email", "password_digest", "session_token", "created_at", "updated_at") VALUES ($1, $2, $3, $4, $5) RETURNING "id"[0m  [["email", "shower"], ["password_digest", "$2a$12$F7L28S/DFcvQV1nK7HzCqeYqhailt6r6ajj5Bk9Eo9ZjgsbNBxhHi"], ["session_token", "N2QgveiMJF0oKdOvuhpjZg"], ["created_at", "2020-05-26 21:36:49.345726"], ["updated_at", "2020-05-26 21:36:49.345726"]]
  ↳ app/controllers/users_controller.rb:6
  [1m[35m (8.5ms)[0m  [1m[35mCOMMIT[0m
  ↳ app/controllers/users_controller.rb:6
  Rendering users/show.html.erb within layouts/application
  Rendered users/show.html.erb within layouts/application (0.4ms)
Completed 200 OK in 374ms (Views: 27.2ms | ActiveRecord: 26.8ms)


Started GET "/session/new" for ::1 at 2020-05-27 06:36:58 +0900
Processing by SessionsController#new as HTML
  Rendering sessions/new.html.erb within layouts/application
  Rendered sessions/new.html.erb within layouts/application (0.7ms)
Completed 200 OK in 38ms (Views: 37.0ms | ActiveRecord: 0.0ms)


Started POST "/session" for ::1 at 2020-05-27 06:37:02 +0900
Processing by SessionsController#create as HTML
  Parameters: {"user"=>{"email"=>"nick", "password"=>"[FILTERED]"}}
  [1m[36mUser Load (2.3ms)[0m  [1m[34mSELECT  "users".* FROM "users" WHERE "users"."email" = $1 LIMIT $2[0m  [["email", "nick"], ["LIMIT", 1]]
  ↳ app/models/user.rb:10
Completed 500 Internal Server Error in 317ms (ActiveRecord: 3.4ms)



ActionController::UrlGenerationError - No route matches {:action=>"show", :controller=>"users"}, missing required keys: [:id]:
  app/controllers/sessions_controller.rb:9:in `create'

Started POST "/__better_errors/f2fed987968f8de5/variables" for ::1 at 2020-05-27 06:37:03 +0900
Started POST "/__better_errors/f2fed987968f8de5/eval" for ::1 at 2020-05-27 06:37:11 +0900
Started GET "/session" for ::1 at 2020-05-27 06:37:39 +0900

AbstractController::ActionNotFound - The action 'show' could not be found for SessionsController:

Started POST "/__better_errors/c657f7ade56930ab/variables" for ::1 at 2020-05-27 06:37:40 +0900
Started GET "/session/new" for ::1 at 2020-05-27 06:37:44 +0900
Processing by SessionsController#new as HTML
  Rendering sessions/new.html.erb within layouts/application
  Rendered sessions/new.html.erb within layouts/application (1.5ms)
Completed 200 OK in 40ms (Views: 39.3ms | ActiveRecord: 0.0ms)


Started POST "/session" for ::1 at 2020-05-27 06:37:54 +0900
Processing by SessionsController#create as HTML
  Parameters: {"user"=>{"email"=>"coffee", "password"=>"[FILTERED]"}}
  [1m[36mUser Load (0.3ms)[0m  [1m[34mSELECT  "users".* FROM "users" WHERE "users"."email" = $1 LIMIT $2[0m  [["email", "coffee"], ["LIMIT", 1]]
  ↳ app/models/user.rb:10
Completed 500 Internal Server Error in 13ms (ActiveRecord: 3.3ms)



NoMethodError - undefined method `is_password?' for nil:NilClass:
  app/models/user.rb:11:in `find_by_credentials'
  app/controllers/sessions_controller.rb:4:in `create'

Started POST "/__better_errors/d99fa04804acdd2b/variables" for ::1 at 2020-05-27 06:37:54 +0900
Started POST "/__better_errors/d99fa04804acdd2b/eval" for ::1 at 2020-05-27 06:38:08 +0900
Started GET "/session/new" for ::1 at 2020-05-27 06:38:20 +0900
Processing by SessionsController#new as HTML
  Rendering sessions/new.html.erb within layouts/application
  Rendered sessions/new.html.erb within layouts/application (0.7ms)
Completed 200 OK in 23ms (Views: 22.9ms | ActiveRecord: 0.0ms)


Started POST "/session" for ::1 at 2020-05-27 06:38:25 +0900
Processing by SessionsController#create as HTML
  Parameters: {"user"=>{"email"=>"nick", "password"=>"[FILTERED]"}}
  [1m[36mUser Load (0.4ms)[0m  [1m[34mSELECT  "users".* FROM "users" WHERE "users"."email" = $1 LIMIT $2[0m  [["email", "nick"], ["LIMIT", 1]]
  ↳ app/models/user.rb:10
Redirected to http://localhost:3000/users
Completed 302 Found in 314ms (ActiveRecord: 3.4ms)


Started GET "/users" for ::1 at 2020-05-27 06:38:26 +0900
Processing by UsersController#index as HTML
  [1m[36mUser Load (0.4ms)[0m  [1m[34mSELECT "users".* FROM "users"[0m
  ↳ app/controllers/users_controller.rb:20
Completed 200 OK in 4ms (Views: 2.6ms | ActiveRecord: 0.4ms)


Started GET "/users" for ::1 at 2020-05-27 06:40:51 +0900
Processing by UsersController#index as HTML
  [1m[36mUser Load (0.4ms)[0m  [1m[34mSELECT "users".* FROM "users"[0m
  ↳ app/controllers/users_controller.rb:20
Completed 200 OK in 18ms (Views: 7.9ms | ActiveRecord: 7.4ms)


Started GET "/session/new" for ::1 at 2020-05-27 06:40:53 +0900
Processing by SessionsController#new as HTML
  Rendering sessions/new.html.erb within layouts/application
  Rendered sessions/new.html.erb within layouts/application (0.8ms)
Completed 200 OK in 27ms (Views: 26.4ms | ActiveRecord: 0.0ms)


Started POST "/session" for ::1 at 2020-05-27 06:40:59 +0900
Processing by SessionsController#create as HTML
  Parameters: {"user"=>{"email"=>"nick", "password"=>"[FILTERED]"}}
  [1m[36mUser Load (0.6ms)[0m  [1m[34mSELECT  "users".* FROM "users" WHERE "users"."email" = $1 LIMIT $2[0m  [["email", "nick"], ["LIMIT", 1]]
  ↳ app/models/user.rb:10
Redirected to http://localhost:3000/users/1
Completed 302 Found in 306ms (ActiveRecord: 0.6ms)


Started GET "/users/1" for ::1 at 2020-05-27 06:40:59 +0900
Processing by UsersController#show as HTML
  Parameters: {"id"=>"1"}
  [1m[36mUser Load (0.6ms)[0m  [1m[34mSELECT  "users".* FROM "users" WHERE "users"."id" = $1 LIMIT $2[0m  [["id", 1], ["LIMIT", 1]]
  ↳ app/controllers/users_controller.rb:14
  Rendering users/show.html.erb within layouts/application
  Rendered users/show.html.erb within layouts/application (0.8ms)
Completed 200 OK in 31ms (Views: 27.2ms | ActiveRecord: 0.6ms)


Started GET "/users/2" for ::1 at 2020-05-27 06:41:21 +0900
Processing by UsersController#show as HTML
  Parameters: {"id"=>"2"}
  [1m[36mUser Load (0.7ms)[0m  [1m[34mSELECT  "users".* FROM "users" WHERE "users"."id" = $1 LIMIT $2[0m  [["id", 2], ["LIMIT", 1]]
  ↳ app/controllers/users_controller.rb:14
  Rendering users/show.html.erb within layouts/application
  Rendered users/show.html.erb within layouts/application (0.7ms)
Completed 200 OK in 38ms (Views: 35.9ms | ActiveRecord: 0.7ms)


Started GET "/session/new" for ::1 at 2020-05-27 06:41:28 +0900
Processing by SessionsController#new as HTML
  Rendering sessions/new.html.erb within layouts/application
  Rendered sessions/new.html.erb within layouts/application (0.7ms)
Completed 200 OK in 41ms (Views: 40.7ms | ActiveRecord: 0.0ms)


Started POST "/session" for ::1 at 2020-05-27 06:41:38 +0900
Processing by SessionsController#create as HTML
  Parameters: {"user"=>{"email"=>"test", "password"=>"[FILTERED]"}}
  [1m[36mUser Load (0.7ms)[0m  [1m[34mSELECT  "users".* FROM "users" WHERE "users"."email" = $1 LIMIT $2[0m  [["email", "test"], ["LIMIT", 1]]
  ↳ app/models/user.rb:10
Completed 500 Internal Server Error in 6ms (ActiveRecord: 0.7ms)



NoMethodError - undefined method `is_password?' for nil:NilClass:
  app/models/user.rb:11:in `find_by_credentials'
  app/controllers/sessions_controller.rb:4:in `create'

Started POST "/__better_errors/36d2ba476c499b70/variables" for ::1 at 2020-05-27 06:41:39 +0900
Started GET "/session/new" for ::1 at 2020-05-27 06:42:26 +0900
Processing by SessionsController#new as HTML
  Rendering sessions/new.html.erb within layouts/application
  Rendered sessions/new.html.erb within layouts/application (0.7ms)
Completed 200 OK in 37ms (Views: 36.4ms | ActiveRecord: 0.0ms)


Started POST "/session" for ::1 at 2020-05-27 06:42:31 +0900
Processing by SessionsController#create as HTML
  Parameters: {"user"=>{"email"=>"test", "password"=>"[FILTERED]"}}
  [1m[36mUser Load (0.3ms)[0m  [1m[34mSELECT  "users".* FROM "users" WHERE "users"."email" = $1 LIMIT $2[0m  [["email", "test"], ["LIMIT", 1]]
  ↳ app/models/user.rb:10
Completed 200 OK in 11ms (Views: 0.1ms | ActiveRecord: 3.2ms)


Started GET "/users/new" for ::1 at 2020-05-27 06:48:18 +0900
Processing by UsersController#new as HTML
  Rendering users/new.html.erb within layouts/application
  Rendered users/new.html.erb within layouts/application (0.5ms)
Completed 200 OK in 27ms (Views: 26.8ms | ActiveRecord: 0.0ms)


Started POST "/users" for ::1 at 2020-05-27 06:48:24 +0900
Processing by UsersController#create as HTML
  Parameters: {"user"=>{"email"=>"cell", "password"=>"[FILTERED]"}}
  [1m[35m (0.2ms)[0m  [1m[35mBEGIN[0m
  ↳ app/controllers/users_controller.rb:6
  [1m[36mUser Create (0.5ms)[0m  [1m[32mINSERT INTO "users" ("email", "password_digest", "session_token", "created_at", "updated_at") VALUES ($1, $2, $3, $4, $5) RETURNING "id"[0m  [["email", "cell"], ["password_digest", "$2a$12$D7IdurZqC7SN1tVmLGhdCOXyAsdF0JO/nFlxl6Fua0K8jt7jF03Ky"], ["session_token", "HlMbc4M-yPN6pjn6YUIy0w"], ["created_at", "2020-05-26 21:48:24.513458"], ["updated_at", "2020-05-26 21:48:24.513458"]]
  ↳ app/controllers/users_controller.rb:6
  [1m[35m (0.4ms)[0m  [1m[35mCOMMIT[0m
  ↳ app/controllers/users_controller.rb:6
  Rendering users/show.html.erb within layouts/application
  Rendered users/show.html.erb within layouts/application (0.4ms)
Completed 200 OK in 362ms (Views: 27.3ms | ActiveRecord: 9.2ms)


Started GET "/users/new" for ::1 at 2020-05-27 06:49:13 +0900
Processing by UsersController#new as HTML
  Rendering users/new.html.erb within layouts/application
  Rendered users/new.html.erb within layouts/application (0.6ms)
Completed 200 OK in 27ms (Views: 25.9ms | ActiveRecord: 0.0ms)


Started POST "/users" for ::1 at 2020-05-27 06:49:20 +0900
Processing by UsersController#create as HTML
  Parameters: {"user"=>{"email"=>"dog", "password"=>"[FILTERED]"}}
  [1m[35m (0.2ms)[0m  [1m[35mBEGIN[0m
  ↳ app/controllers/users_controller.rb:6
  [1m[36mUser Create (0.4ms)[0m  [1m[32mINSERT INTO "users" ("email", "password_digest", "session_token", "created_at", "updated_at") VALUES ($1, $2, $3, $4, $5) RETURNING "id"[0m  [["email", "dog"], ["password_digest", "$2a$12$qliCGhAi102Atdy0ZMD5ReZrVl7wNu/9.cgfCIUznm8zxbhmu353q"], ["session_token", "8Rv2Fv1wndG2JI5nfJgQmw"], ["created_at", "2020-05-26 21:49:20.831226"], ["updated_at", "2020-05-26 21:49:20.831226"]]
  ↳ app/controllers/users_controller.rb:6
  [1m[35m (0.4ms)[0m  [1m[35mCOMMIT[0m
  ↳ app/controllers/users_controller.rb:6
Completed 500 Internal Server Error in 323ms (ActiveRecord: 7.9ms)



RuntimeError - :
  app/controllers/users_controller.rb:8:in `create'

Started POST "/__better_errors/c42fefef0a9af279/variables" for ::1 at 2020-05-27 06:49:21 +0900
Started POST "/__better_errors/c42fefef0a9af279/eval" for ::1 at 2020-05-27 06:49:24 +0900
Started POST "/__better_errors/c42fefef0a9af279/eval" for ::1 at 2020-05-27 06:49:34 +0900
Started POST "/__better_errors/c42fefef0a9af279/eval" for ::1 at 2020-05-27 06:49:42 +0900
Started POST "/__better_errors/c42fefef0a9af279/eval" for ::1 at 2020-05-27 06:49:50 +0900
Started GET "/session/new" for ::1 at 2020-05-27 06:50:16 +0900
Processing by SessionsController#new as HTML
  Rendering sessions/new.html.erb within layouts/application
  Rendered sessions/new.html.erb within layouts/application (0.8ms)
Completed 200 OK in 39ms (Views: 38.1ms | ActiveRecord: 0.0ms)


Started POST "/session" for ::1 at 2020-05-27 06:50:23 +0900
Processing by SessionsController#create as HTML
  Parameters: {"user"=>{"email"=>"coffee", "password"=>"[FILTERED]"}}
  [1m[36mUser Load (0.3ms)[0m  [1m[34mSELECT  "users".* FROM "users" WHERE "users"."email" = $1 LIMIT $2[0m  [["email", "coffee"], ["LIMIT", 1]]
  ↳ app/models/user.rb:10
Completed 200 OK in 12ms (Views: 0.1ms | ActiveRecord: 3.7ms)


Started GET "/session/new" for ::1 at 2020-05-27 06:50:27 +0900
Processing by SessionsController#new as HTML
  Rendering sessions/new.html.erb within layouts/application
  Rendered sessions/new.html.erb within layouts/application (0.6ms)
Completed 200 OK in 42ms (Views: 41.2ms | ActiveRecord: 0.0ms)


Started POST "/session" for ::1 at 2020-05-27 06:50:31 +0900
Processing by SessionsController#create as HTML
  Parameters: {"user"=>{"email"=>"nick", "password"=>"[FILTERED]"}}
  [1m[36mUser Load (0.3ms)[0m  [1m[34mSELECT  "users".* FROM "users" WHERE "users"."email" = $1 LIMIT $2[0m  [["email", "nick"], ["LIMIT", 1]]
  ↳ app/models/user.rb:10
Redirected to http://localhost:3000/users/1
Completed 302 Found in 319ms (ActiveRecord: 5.3ms)


Started GET "/users/1" for ::1 at 2020-05-27 06:50:32 +0900
Processing by UsersController#show as HTML
  Parameters: {"id"=>"1"}
  [1m[36mUser Load (0.4ms)[0m  [1m[34mSELECT  "users".* FROM "users" WHERE "users"."id" = $1 LIMIT $2[0m  [["id", 1], ["LIMIT", 1]]
  ↳ app/controllers/users_controller.rb:15
  Rendering users/show.html.erb within layouts/application
  Rendered users/show.html.erb within layouts/application (0.5ms)
Completed 200 OK in 35ms (Views: 32.6ms | ActiveRecord: 0.4ms)


Started GET "/users/new" for ::1 at 2020-05-27 06:52:30 +0900
Processing by UsersController#new as HTML
  Rendering users/new.html.erb within layouts/application
  Rendered users/new.html.erb within layouts/application (0.7ms)
Completed 200 OK in 24ms (Views: 23.6ms | ActiveRecord: 0.0ms)


Started POST "/users" for ::1 at 2020-05-27 06:52:40 +0900
Processing by UsersController#create as HTML
  Parameters: {"user"=>{"email"=>"owl", "password"=>"[FILTERED]"}}
  [1m[35m (0.2ms)[0m  [1m[35mBEGIN[0m
  ↳ app/controllers/users_controller.rb:6
  [1m[36mUser Create (0.5ms)[0m  [1m[32mINSERT INTO "users" ("email", "password_digest", "session_token", "created_at", "updated_at") VALUES ($1, $2, $3, $4, $5) RETURNING "id"[0m  [["email", "owl"], ["password_digest", "$2a$12$phnGJ2PwOYzPwgEAHiRERuvTQ41WCxqc34Vrgnr3H6eqveplABFpu"], ["session_token", "rnkxVKF2jfIZ_IX61LPrYg"], ["created_at", "2020-05-26 21:52:40.703171"], ["updated_at", "2020-05-26 21:52:40.703171"]]
  ↳ app/controllers/users_controller.rb:6
  [1m[35m (9.2ms)[0m  [1m[35mCOMMIT[0m
  ↳ app/controllers/users_controller.rb:6
Redirected to http://localhost:3000/users/8
Completed 302 Found in 337ms (ActiveRecord: 17.1ms)


Started GET "/users/8" for ::1 at 2020-05-27 06:52:40 +0900
Processing by UsersController#show as HTML
  Parameters: {"id"=>"8"}
  [1m[36mUser Load (0.5ms)[0m  [1m[34mSELECT  "users".* FROM "users" WHERE "users"."id" = $1 LIMIT $2[0m  [["id", 8], ["LIMIT", 1]]
  ↳ app/controllers/users_controller.rb:15
  Rendering users/show.html.erb within layouts/application
  Rendered users/show.html.erb within layouts/application (0.6ms)
Completed 200 OK in 22ms (Views: 19.3ms | ActiveRecord: 0.5ms)


Started GET "/session/new" for ::1 at 2020-05-27 06:52:49 +0900
Processing by SessionsController#new as HTML
  Rendering sessions/new.html.erb within layouts/application
  Rendered sessions/new.html.erb within layouts/application (0.8ms)
Completed 200 OK in 30ms (Views: 29.0ms | ActiveRecord: 0.0ms)


Started POST "/session" for ::1 at 2020-05-27 06:52:56 +0900
Processing by SessionsController#create as HTML
  Parameters: {"user"=>{"email"=>"owl", "password"=>"[FILTERED]"}}
  [1m[36mUser Load (0.4ms)[0m  [1m[34mSELECT  "users".* FROM "users" WHERE "users"."email" = $1 LIMIT $2[0m  [["email", "owl"], ["LIMIT", 1]]
  ↳ app/models/user.rb:10
Redirected to http://localhost:3000/users/8
Completed 302 Found in 315ms (ActiveRecord: 0.4ms)


Started GET "/users/8" for ::1 at 2020-05-27 06:52:56 +0900
Processing by UsersController#show as HTML
  Parameters: {"id"=>"8"}
  [1m[36mUser Load (0.4ms)[0m  [1m[34mSELECT  "users".* FROM "users" WHERE "users"."id" = $1 LIMIT $2[0m  [["id", 8], ["LIMIT", 1]]
  ↳ app/controllers/users_controller.rb:15
  Rendering users/show.html.erb within layouts/application
  Rendered users/show.html.erb within layouts/application (0.4ms)
Completed 200 OK in 24ms (Views: 21.8ms | ActiveRecord: 0.4ms)


Started GET "/session/new" for ::1 at 2020-05-27 07:08:47 +0900
Processing by SessionsController#new as HTML
  Rendering sessions/new.html.erb within layouts/application
  Rendered sessions/new.html.erb within layouts/application (0.7ms)
Completed 200 OK in 60ms (Views: 59.0ms | ActiveRecord: 0.0ms)


Started GET "/users/8" for ::1 at 2020-05-27 07:12:05 +0900
Processing by UsersController#show as HTML
  Parameters: {"id"=>"8"}
  [1m[36mUser Load (0.7ms)[0m  [1m[34mSELECT  "users".* FROM "users" WHERE "users"."id" = $1 LIMIT $2[0m  [["id", 8], ["LIMIT", 1]]
  ↳ app/controllers/users_controller.rb:15
  Rendering users/show.html.erb within layouts/application
  Rendered users/show.html.erb within layouts/application (0.4ms)
  [1m[36mUser Load (0.4ms)[0m  [1m[34mSELECT  "users".* FROM "users" WHERE "users"."session_token" = $1 LIMIT $2[0m  [["session_token", "rnkxVKF2jfIZ_IX61LPrYg"], ["LIMIT", 1]]
  ↳ app/controllers/application_controller.rb:11
Completed 200 OK in 41ms (Views: 36.3ms | ActiveRecord: 1.4ms)


Started DELETE "/session" for ::1 at 2020-05-27 07:12:08 +0900

AbstractController::ActionNotFound - The action 'destroy' could not be found for SessionsController:

Started POST "/__better_errors/5406d650fdccb677/variables" for ::1 at 2020-05-27 07:12:08 +0900
Started GET "/" for ::1 at 2020-05-27 07:12:27 +0900
Processing by Rails::WelcomeController#index as HTML
  Rendering /Users/nickmartinovic/.rbenv/versions/2.5.1/lib/ruby/gems/2.5.0/gems/railties-5.2.4.3/lib/rails/templates/rails/welcome/index.html.erb
  Rendered /Users/nickmartinovic/.rbenv/versions/2.5.1/lib/ruby/gems/2.5.0/gems/railties-5.2.4.3/lib/rails/templates/rails/welcome/index.html.erb (5.9ms)
Completed 200 OK in 32ms (Views: 23.1ms | ActiveRecord: 0.0ms)


Started GET "/users" for ::1 at 2020-05-27 07:12:30 +0900
Processing by UsersController#index as HTML
  [1m[36mUser Load (0.6ms)[0m  [1m[34mSELECT "users".* FROM "users"[0m
  ↳ app/controllers/users_controller.rb:21
Completed 200 OK in 6ms (Views: 5.1ms | ActiveRecord: 0.6ms)


Started GET "/users/new" for ::1 at 2020-05-27 07:12:39 +0900
Processing by UsersController#new as HTML
  Rendering users/new.html.erb within layouts/application
  Rendered users/new.html.erb within layouts/application (1.5ms)
  [1m[36mUser Load (0.7ms)[0m  [1m[34mSELECT  "users".* FROM "users" WHERE "users"."session_token" = $1 LIMIT $2[0m  [["session_token", "rnkxVKF2jfIZ_IX61LPrYg"], ["LIMIT", 1]]
  ↳ app/controllers/application_controller.rb:11
Completed 200 OK in 42ms (Views: 41.3ms | ActiveRecord: 0.7ms)


Started POST "/users" for ::1 at 2020-05-27 07:13:00 +0900
Processing by UsersController#create as HTML
  Parameters: {"user"=>{"email"=>"nick12", "password"=>"[FILTERED]"}}
  [1m[35m (0.2ms)[0m  [1m[35mBEGIN[0m
  ↳ app/controllers/users_controller.rb:6
  [1m[36mUser Create (0.9ms)[0m  [1m[32mINSERT INTO "users" ("email", "password_digest", "session_token", "created_at", "updated_at") VALUES ($1, $2, $3, $4, $5) RETURNING "id"[0m  [["email", "nick12"], ["password_digest", "$2a$12$Yp2QG67WEmGA3fC4lprkFeXS4KQCFZuKnBwdL73KIaFCneXLsb4PW"], ["session_token", "WyDjAgrAJczlfK4BDURMzw"], ["created_at", "2020-05-26 22:13:00.636443"], ["updated_at", "2020-05-26 22:13:00.636443"]]
  ↳ app/controllers/users_controller.rb:6
  [1m[35m (0.7ms)[0m  [1m[35mCOMMIT[0m
  ↳ app/controllers/users_controller.rb:6
Redirected to http://localhost:3000/users/9
Completed 302 Found in 323ms (ActiveRecord: 1.7ms)


Started GET "/users/9" for ::1 at 2020-05-27 07:13:00 +0900
Processing by UsersController#show as HTML
  Parameters: {"id"=>"9"}
  [1m[36mUser Load (0.4ms)[0m  [1m[34mSELECT  "users".* FROM "users" WHERE "users"."id" = $1 LIMIT $2[0m  [["id", 9], ["LIMIT", 1]]
  ↳ app/controllers/users_controller.rb:15
  Rendering users/show.html.erb within layouts/application
  Rendered users/show.html.erb within layouts/application (0.4ms)
  [1m[36mUser Load (0.4ms)[0m  [1m[34mSELECT  "users".* FROM "users" WHERE "users"."session_token" = $1 LIMIT $2[0m  [["session_token", "WyDjAgrAJczlfK4BDURMzw"], ["LIMIT", 1]]
  ↳ app/controllers/application_controller.rb:11
Completed 200 OK in 29ms (Views: 26.6ms | ActiveRecord: 0.8ms)


Started DELETE "/session" for ::1 at 2020-05-27 07:15:10 +0900

AbstractController::ActionNotFound - The action 'destroy' could not be found for SessionsController:

Started POST "/__better_errors/5f2f54386a5f83bc/variables" for ::1 at 2020-05-27 07:15:11 +0900
Started GET "/session/new" for ::1 at 2020-05-27 07:15:49 +0900
Processing by SessionsController#new as HTML
  Rendering sessions/new.html.erb within layouts/application
  Rendered sessions/new.html.erb within layouts/application (1.3ms)
  [1m[36mUser Load (0.3ms)[0m  [1m[34mSELECT  "users".* FROM "users" WHERE "users"."session_token" = $1 LIMIT $2[0m  [["session_token", "WyDjAgrAJczlfK4BDURMzw"], ["LIMIT", 1]]
  ↳ app/controllers/application_controller.rb:11
Completed 200 OK in 76ms (Views: 64.2ms | ActiveRecord: 11.2ms)


Started DELETE "/session" for ::1 at 2020-05-27 07:15:51 +0900

AbstractController::ActionNotFound - The action 'destroy' could not be found for SessionsController:

Started POST "/__better_errors/e42f041d59f1418e/variables" for ::1 at 2020-05-27 07:15:52 +0900
Started GET "/session/new" for ::1 at 2020-05-27 07:16:03 +0900
Processing by SessionsController#new as HTML
  Rendering sessions/new.html.erb within layouts/application
  Rendered sessions/new.html.erb within layouts/application (0.8ms)
  [1m[36mUser Load (0.4ms)[0m  [1m[34mSELECT  "users".* FROM "users" WHERE "users"."session_token" = $1 LIMIT $2[0m  [["session_token", "WyDjAgrAJczlfK4BDURMzw"], ["LIMIT", 1]]
  ↳ app/controllers/application_controller.rb:11
Completed 200 OK in 68ms (Views: 56.5ms | ActiveRecord: 9.9ms)


Started DELETE "/session" for ::1 at 2020-05-27 07:16:04 +0900
Processing by SessionsController#destroy as HTML
  Parameters: {"authenticity_token"=>"+UmSblnyvkyRDt9WKKiVPS40f+sWTHkE8GjYDdRmF9ohY5cRDtbjTYmP5uoX9GQa9Wfcj26ZO7xqVdPOAN1SSA=="}
  [1m[36mUser Load (0.6ms)[0m  [1m[34mSELECT  "users".* FROM "users" WHERE "users"."session_token" = $1 LIMIT $2[0m  [["session_token", "WyDjAgrAJczlfK4BDURMzw"], ["LIMIT", 1]]
  ↳ app/controllers/application_controller.rb:11
Completed 500 Internal Server Error in 301ms (ActiveRecord: 0.6ms)



NameError - undefined local variable or method `new_user' for #<SessionsController:0x00007ff6d0a5e258>
Did you mean?  new_user_url:
  app/controllers/sessions_controller.rb:20:in `destroy'

Started POST "/__better_errors/5eae04eb5ed8c2fd/variables" for ::1 at 2020-05-27 07:16:05 +0900
Started GET "/session/new" for ::1 at 2020-05-27 07:16:17 +0900
Processing by SessionsController#new as HTML
  Rendering sessions/new.html.erb within layouts/application
  Rendered sessions/new.html.erb within layouts/application (0.7ms)
  [1m[36mUser Load (0.5ms)[0m  [1m[34mSELECT  "users".* FROM "users" WHERE "users"."session_token" = $1 LIMIT $2[0m  [["session_token", "WyDjAgrAJczlfK4BDURMzw"], ["LIMIT", 1]]
  ↳ app/controllers/application_controller.rb:11
Completed 200 OK in 73ms (Views: 61.8ms | ActiveRecord: 11.0ms)


Started DELETE "/session" for ::1 at 2020-05-27 07:16:18 +0900
Processing by SessionsController#destroy as HTML
  Parameters: {"authenticity_token"=>"BxjwcafB0oMAn7ltKeHR6jQpDCqcfc1xmbVEiIWPzEHfMvUO8OWPghgegNEWvSDN73qvTuSoj8kDiE9LUTSJ0w=="}
  [1m[36mUser Load (0.3ms)[0m  [1m[34mSELECT  "users".* FROM "users" WHERE "users"."session_token" = $1 LIMIT $2[0m  [["session_token", "WyDjAgrAJczlfK4BDURMzw"], ["LIMIT", 1]]
  ↳ app/controllers/application_controller.rb:11
Redirected to http://localhost:3000/users/new
Completed 302 Found in 3ms (ActiveRecord: 0.3ms)


Started GET "/users/new" for ::1 at 2020-05-27 07:16:18 +0900
Processing by UsersController#new as HTML
  Rendering users/new.html.erb within layouts/application
  Rendered users/new.html.erb within layouts/application (0.6ms)
Completed 200 OK in 37ms (Views: 36.6ms | ActiveRecord: 0.0ms)


Started GET "/session/new" for ::1 at 2020-05-27 07:16:28 +0900
Processing by SessionsController#new as HTML
  Rendering sessions/new.html.erb within layouts/application
  Rendered sessions/new.html.erb within layouts/application (1.6ms)
Completed 200 OK in 65ms (Views: 64.7ms | ActiveRecord: 0.0ms)


Started POST "/session" for ::1 at 2020-05-27 07:16:34 +0900
Processing by SessionsController#create as HTML
  Parameters: {"user"=>{"email"=>"nick", "password"=>"[FILTERED]"}}
  [1m[36mUser Load (0.7ms)[0m  [1m[34mSELECT  "users".* FROM "users" WHERE "users"."email" = $1 LIMIT $2[0m  [["email", "nick"], ["LIMIT", 1]]
  ↳ app/models/user.rb:10
Redirected to http://localhost:3000/users/1
Completed 302 Found in 309ms (ActiveRecord: 0.7ms)


Started GET "/users/1" for ::1 at 2020-05-27 07:16:35 +0900
Processing by UsersController#show as HTML
  Parameters: {"id"=>"1"}
  [1m[36mUser Load (0.5ms)[0m  [1m[34mSELECT  "users".* FROM "users" WHERE "users"."id" = $1 LIMIT $2[0m  [["id", 1], ["LIMIT", 1]]
  ↳ app/controllers/users_controller.rb:15
  Rendering users/show.html.erb within layouts/application
  Rendered users/show.html.erb within layouts/application (0.5ms)
  [1m[36mUser Load (1.6ms)[0m  [1m[34mSELECT  "users".* FROM "users" WHERE "users"."session_token" = $1 LIMIT $2[0m  [["session_token", "_SyRC3kPqDpFL91E6fr2OQ"], ["LIMIT", 1]]
  ↳ app/controllers/application_controller.rb:11
Completed 200 OK in 35ms (Views: 31.1ms | ActiveRecord: 2.1ms)


Started GET "/users/1" for ::1 at 2020-05-27 07:18:02 +0900
Processing by UsersController#show as HTML
  Parameters: {"id"=>"1"}
Completed 500 Internal Server Error in 136ms (ActiveRecord: 0.0ms)



NoMethodError - undefined method `require_current_user!' for #<UsersController:0x00007ff6d186a8b0>
Did you mean?  require_relative:

Started POST "/__better_errors/ce0aab1a2a0a174f/variables" for ::1 at 2020-05-27 07:18:02 +0900
Started GET "/users/1" for ::1 at 2020-05-27 07:18:33 +0900
Processing by UsersController#show as HTML
  Parameters: {"id"=>"1"}
  [1m[36mUser Load (0.8ms)[0m  [1m[34mSELECT  "users".* FROM "users" WHERE "users"."session_token" = $1 LIMIT $2[0m  [["session_token", "_SyRC3kPqDpFL91E6fr2OQ"], ["LIMIT", 1]]
  ↳ app/controllers/application_controller.rb:11
  [1m[36mUser Load (0.4ms)[0m  [1m[34mSELECT  "users".* FROM "users" WHERE "users"."id" = $1 LIMIT $2[0m  [["id", 1], ["LIMIT", 1]]
  ↳ app/controllers/users_controller.rb:16
  Rendering users/show.html.erb within layouts/application
  Rendered users/show.html.erb within layouts/application (0.7ms)
Completed 200 OK in 73ms (Views: 49.4ms | ActiveRecord: 7.8ms)


Started DELETE "/session" for ::1 at 2020-05-27 07:18:34 +0900
Processing by SessionsController#destroy as HTML
  Parameters: {"authenticity_token"=>"JVfNdsgoDmrfaS/A5oCYWtgeVd5XZF5iVjVtjJN/M0f9fcgJnwxTa8foFnzZ3Gl9A032ui+xHNrMCGZPR8R21Q=="}
  [1m[36mUser Load (1.8ms)[0m  [1m[34mSELECT  "users".* FROM "users" WHERE "users"."session_token" = $1 LIMIT $2[0m  [["session_token", "_SyRC3kPqDpFL91E6fr2OQ"], ["LIMIT", 1]]
  ↳ app/controllers/application_controller.rb:11
Redirected to http://localhost:3000/users/new
Completed 302 Found in 6ms (ActiveRecord: 1.8ms)


Started GET "/users/new" for ::1 at 2020-05-27 07:18:35 +0900
Processing by UsersController#new as HTML
  Rendering users/new.html.erb within layouts/application
  Rendered users/new.html.erb within layouts/application (0.6ms)
Completed 200 OK in 90ms (Views: 88.7ms | ActiveRecord: 0.0ms)


Started GET "/users/1" for ::1 at 2020-05-27 07:18:38 +0900
Processing by UsersController#show as HTML
  Parameters: {"id"=>"1"}
Redirected to http://localhost:3000/session/new
Filter chain halted as :require_current_user! rendered or redirected
Completed 302 Found in 1ms (ActiveRecord: 0.0ms)


Started GET "/session/new" for ::1 at 2020-05-27 07:18:38 +0900
Processing by SessionsController#new as HTML
  Rendering sessions/new.html.erb within layouts/application
  Rendered sessions/new.html.erb within layouts/application (2.1ms)
Completed 200 OK in 43ms (Views: 42.1ms | ActiveRecord: 0.0ms)


Started GET "/users/new" for ::1 at 2020-05-27 07:24:46 +0900
Processing by UsersController#new as HTML
  Rendering users/new.html.erb within layouts/application
  Rendered users/new.html.erb within layouts/application (0.6ms)
Completed 200 OK in 36ms (Views: 35.6ms | ActiveRecord: 0.0ms)


Started POST "/users" for ::1 at 2020-05-27 07:24:57 +0900
Processing by UsersController#create as HTML
  Parameters: {"user"=>{"email"=>"nickmartinovic", "password"=>"[FILTERED]"}}
  [1m[35m (0.2ms)[0m  [1m[35mBEGIN[0m
  ↳ app/controllers/users_controller.rb:7
  [1m[36mUser Create (1.6ms)[0m  [1m[32mINSERT INTO "users" ("email", "password_digest", "session_token", "created_at", "updated_at") VALUES ($1, $2, $3, $4, $5) RETURNING "id"[0m  [["email", "nickmartinovic"], ["password_digest", "$2a$12$P3AqI9JzwH659Y9tqp16ROS5zH1D1dYpY/mUy39u0O385hEqN4Npq"], ["session_token", "bZWPQ8aBK8-5paj38jDQMw"], ["created_at", "2020-05-26 22:24:57.813123"], ["updated_at", "2020-05-26 22:24:57.813123"]]
  ↳ app/controllers/users_controller.rb:7
  [1m[35m (0.6ms)[0m  [1m[35mCOMMIT[0m
  ↳ app/controllers/users_controller.rb:7
Redirected to http://localhost:3000/users/10
Completed 302 Found in 357ms (ActiveRecord: 23.2ms)


Started GET "/users/10" for ::1 at 2020-05-27 07:24:57 +0900
Processing by UsersController#show as HTML
  Parameters: {"id"=>"10"}
  [1m[36mUser Load (0.5ms)[0m  [1m[34mSELECT  "users".* FROM "users" WHERE "users"."session_token" = $1 LIMIT $2[0m  [["session_token", "bZWPQ8aBK8-5paj38jDQMw"], ["LIMIT", 1]]
  ↳ app/controllers/application_controller.rb:11
  [1m[36mUser Load (0.4ms)[0m  [1m[34mSELECT  "users".* FROM "users" WHERE "users"."id" = $1 LIMIT $2[0m  [["id", 10], ["LIMIT", 1]]
  ↳ app/controllers/users_controller.rb:16
  Rendering users/show.html.erb within layouts/application
  Rendered users/show.html.erb within layouts/application (0.4ms)
Completed 200 OK in 34ms (Views: 28.7ms | ActiveRecord: 1.4ms)


  [1m[35m (2.1ms)[0m  [1m[34mSELECT "schema_migrations"."version" FROM "schema_migrations" ORDER BY "schema_migrations"."version" ASC[0m
  ↳ bin/rails:9
  [1m[35m (1.2ms)[0m  [1m[34mSELECT pg_try_advisory_lock(4505726345591715405)[0m
  ↳ bin/rails:9
  [1m[35m (1.4ms)[0m  [1m[34mSELECT "schema_migrations"."version" FROM "schema_migrations" ORDER BY "schema_migrations"."version" ASC[0m
  ↳ bin/rails:9
Migrating to CreateBands (20200526224019)
  [1m[35m (0.2ms)[0m  [1m[35mBEGIN[0m
  ↳ bin/rails:9
  [1m[35m (50.3ms)[0m  [1m[35mCREATE TABLE "bands" ("id" bigserial primary key, "name" character varying NOT NULL, "created_at" timestamp NOT NULL, "updated_at" timestamp NOT NULL)[0m
  ↳ db/migrate/20200526224019_create_bands.rb:3
  [1m[36mActiveRecord::SchemaMigration Create (0.4ms)[0m  [1m[32mINSERT INTO "schema_migrations" ("version") VALUES ($1) RETURNING "version"[0m  [["version", "20200526224019"]]
  ↳ bin/rails:9
  [1m[35m (1.7ms)[0m  [1m[35mCOMMIT[0m
  ↳ bin/rails:9
  [1m[36mActiveRecord::InternalMetadata Load (2.6ms)[0m  [1m[34mSELECT  "ar_internal_metadata".* FROM "ar_internal_metadata" WHERE "ar_internal_metadata"."key" = $1 LIMIT $2[0m  [["key", "environment"], ["LIMIT", 1]]
  ↳ bin/rails:9
  [1m[35m (0.2ms)[0m  [1m[35mBEGIN[0m
  ↳ bin/rails:9
  [1m[35m (0.2ms)[0m  [1m[35mCOMMIT[0m
  ↳ bin/rails:9
  [1m[35m (0.5ms)[0m  [1m[34mSELECT pg_advisory_unlock(4505726345591715405)[0m
  ↳ bin/rails:9
  [1m[35m (0.6ms)[0m  [1m[34mSELECT "schema_migrations"."version" FROM "schema_migrations" ORDER BY "schema_migrations"."version" ASC[0m
  ↳ bin/rails:9
Started POST "/bands" for ::1 at 2020-05-27 07:47:11 +0900
  [1m[35m (4.0ms)[0m  [1m[34mSELECT "schema_migrations"."version" FROM "schema_migrations" ORDER BY "schema_migrations"."version" ASC[0m
  ↳ /Users/nickmartinovic/.rbenv/versions/2.5.1/lib/ruby/gems/2.5.0/gems/activerecord-5.2.4.3/lib/active_record/log_subscriber.rb:98

SyntaxError - syntax error, unexpected ':', expecting keyword_end
            return json: "this worked!"
                       ^
/Users/nickmartinovic/Desktop/aA-homeworks/Rails/music_app/app/controllers/bands_controller.rb:8: syntax error, unexpected ':', expecting keyword_end
            return json: "this returned an error"
                       ^:
  app/controllers/bands_controller.rb:6:in `'

  [1m[36mBand Load (1.9ms)[0m  [1m[34mSELECT "bands".* FROM "bands"[0m
Started POST "/bands" for ::1 at 2020-05-27 07:47:53 +0900
Processing by BandsController#create as */*
  Parameters: {"band"=>{"name"=>"Tim McGraw"}}
  [1m[35m (0.2ms)[0m  [1m[35mBEGIN[0m
  ↳ app/controllers/bands_controller.rb:5
  [1m[36mBand Create (8.7ms)[0m  [1m[32mINSERT INTO "bands" ("name", "created_at", "updated_at") VALUES ($1, $2, $3) RETURNING "id"[0m  [["name", "Tim McGraw"], ["created_at", "2020-05-26 22:47:53.658561"], ["updated_at", "2020-05-26 22:47:53.658561"]]
  ↳ app/controllers/bands_controller.rb:5
  [1m[35m (1.6ms)[0m  [1m[35mCOMMIT[0m
  ↳ app/controllers/bands_controller.rb:5
Completed 200 OK in 51ms (Views: 0.2ms | ActiveRecord: 24.3ms)


  [1m[36mBand Load (0.4ms)[0m  [1m[34mSELECT "bands".* FROM "bands"[0m
Started POST "/bands" for ::1 at 2020-05-27 07:49:50 +0900
Processing by BandsController#create as */*
Completed 400 Bad Request in 1ms (ActiveRecord: 0.0ms)



ActionController::ParameterMissing - param is missing or the value is empty: band:
  app/controllers/bands_controller.rb:15:in `band_params'
  app/controllers/bands_controller.rb:4:in `create'

Started GET "/bands" for ::1 at 2020-05-27 07:51:03 +0900
Processing by BandsController#index as */*
  Parameters: {"id"=>"3"}
Completed 500 Internal Server Error in 314ms (ActiveRecord: 0.0ms)



NameError - undefined local variable or method `id' for #<BandsController:0x00007f9d2c1d3aa0>:
  app/controllers/bands_controller.rb:13:in `index'

Started GET "/bands" for ::1 at 2020-05-27 07:51:32 +0900
Processing by BandsController#index as */*
  Parameters: {"id"=>"3"}
  [1m[36mBand Load (0.4ms)[0m  [1m[34mSELECT  "bands".* FROM "bands" WHERE "bands"."id" = $1 LIMIT $2[0m  [["id", 3], ["LIMIT", 1]]
  ↳ app/controllers/bands_controller.rb:13
Completed 200 OK in 11ms (Views: 0.3ms | ActiveRecord: 3.0ms)


Started GET "/bands" for ::1 at 2020-05-27 07:52:20 +0900
Processing by BandsController#index as */*
  Parameters: {"id"=>"3"}
  [1m[36mBand Load (0.4ms)[0m  [1m[34mSELECT  "bands".* FROM "bands" WHERE "bands"."id" = $1 LIMIT $2[0m  [["id", 3], ["LIMIT", 1]]
  ↳ app/controllers/bands_controller.rb:13
Completed 200 OK in 13ms (Views: 0.2ms | ActiveRecord: 6.2ms)


Started GET "/bands" for ::1 at 2020-05-27 07:52:35 +0900
Processing by BandsController#index as */*
  Parameters: {"id"=>"1"}
  [1m[36mBand Load (0.5ms)[0m  [1m[34mSELECT  "bands".* FROM "bands" WHERE "bands"."id" = $1 LIMIT $2[0m  [["id", 1], ["LIMIT", 1]]
  ↳ app/controllers/bands_controller.rb:13
Completed 200 OK in 33ms (Views: 0.8ms | ActiveRecord: 13.6ms)


