  [1m[35m (316.5ms)[0m  [1m[35mCREATE DATABASE "cats99_development" ENCODING = 'unicode'[0m
  ↳ bin/rails:9
  [1m[35m (103.8ms)[0m  [1m[35mCREATE DATABASE "cats99_test" ENCODING = 'unicode'[0m
  ↳ bin/rails:9
  [1m[35m (56.8ms)[0m  [1m[35mCREATE TABLE "schema_migrations" ("version" character varying NOT NULL PRIMARY KEY)[0m
  ↳ bin/rails:9
  [1m[35m (4.4ms)[0m  [1m[35mCREATE TABLE "ar_internal_metadata" ("key" character varying NOT NULL PRIMARY KEY, "value" character varying, "created_at" timestamp NOT NULL, "updated_at" timestamp NOT NULL)[0m
  ↳ bin/rails:9
  [1m[35m (2.2ms)[0m  [1m[34mSELECT pg_try_advisory_lock(7809834472913233005)[0m
  ↳ bin/rails:9
  [1m[35m (2.0ms)[0m  [1m[34mSELECT "schema_migrations"."version" FROM "schema_migrations" ORDER BY "schema_migrations"."version" ASC[0m
  ↳ bin/rails:9
Migrating to CreateCats (20200426060210)
  [1m[35m (0.2ms)[0m  [1m[35mBEGIN[0m
  ↳ bin/rails:9
  [1m[35m (9.6ms)[0m  [1m[35mCREATE TABLE "cats" ("id" bigserial primary key, "birth_date" date NOT NULL)[0m
  ↳ db/migrate/20200426060210_create_cats.rb:3
  [1m[36mActiveRecord::SchemaMigration Create (5.5ms)[0m  [1m[32mINSERT INTO "schema_migrations" ("version") VALUES ($1) RETURNING "version"[0m  [["version", "20200426060210"]]
  ↳ bin/rails:9
  [1m[35m (0.5ms)[0m  [1m[35mCOMMIT[0m
  ↳ bin/rails:9
  [1m[36mActiveRecord::InternalMetadata Load (0.9ms)[0m  [1m[34mSELECT  "ar_internal_metadata".* FROM "ar_internal_metadata" WHERE "ar_internal_metadata"."key" = $1 LIMIT $2[0m  [["key", "environment"], ["LIMIT", 1]]
  ↳ bin/rails:9
  [1m[35m (0.2ms)[0m  [1m[35mBEGIN[0m
  ↳ bin/rails:9
  [1m[36mActiveRecord::InternalMetadata Create (2.4ms)[0m  [1m[32mINSERT INTO "ar_internal_metadata" ("key", "value", "created_at", "updated_at") VALUES ($1, $2, $3, $4) RETURNING "key"[0m  [["key", "environment"], ["value", "development"], ["created_at", "2020-04-26 06:05:10.162337"], ["updated_at", "2020-04-26 06:05:10.162337"]]
  ↳ bin/rails:9
  [1m[35m (0.4ms)[0m  [1m[35mCOMMIT[0m
  ↳ bin/rails:9
  [1m[35m (0.3ms)[0m  [1m[34mSELECT pg_advisory_unlock(7809834472913233005)[0m
  ↳ bin/rails:9
  [1m[35m (0.8ms)[0m  [1m[34mSELECT "schema_migrations"."version" FROM "schema_migrations" ORDER BY "schema_migrations"."version" ASC[0m
  ↳ bin/rails:9
  [1m[35m (0.2ms)[0m  [1m[35mBEGIN[0m
  [1m[36mCat Create (2.2ms)[0m  [1m[32mINSERT INTO "cats" ("birth_date") VALUES ($1) RETURNING "id"[0m  [["birth_date", "2020-04-25"]]
  [1m[35m (0.5ms)[0m  [1m[35mCOMMIT[0m
  [1m[35m (1.4ms)[0m  [1m[34mSELECT "schema_migrations"."version" FROM "schema_migrations" ORDER BY "schema_migrations"."version" ASC[0m
  ↳ bin/rails:9
  [1m[35m (1.1ms)[0m  [1m[34mSELECT "schema_migrations"."version" FROM "schema_migrations" ORDER BY "schema_migrations"."version" ASC[0m
  ↳ bin/rails:9
  [1m[35m (0.3ms)[0m  [1m[34mSELECT "schema_migrations"."version" FROM "schema_migrations" ORDER BY "schema_migrations"."version" ASC[0m
  ↳ bin/rails:9
  [1m[35m (0.2ms)[0m  [1m[34mSELECT "schema_migrations"."version" FROM "schema_migrations" ORDER BY "schema_migrations"."version" ASC[0m
  ↳ bin/rails:9
  [1m[35m (0.3ms)[0m  [1m[34mSELECT pg_try_advisory_lock(7809834472913233005)[0m
  ↳ bin/rails:9
  [1m[35m (0.2ms)[0m  [1m[34mSELECT "schema_migrations"."version" FROM "schema_migrations" ORDER BY "schema_migrations"."version" ASC[0m
  ↳ bin/rails:9
Migrating to CreateCats (20200426060210)
  [1m[35m (0.2ms)[0m  [1m[35mBEGIN[0m
  ↳ bin/rails:9
  [1m[35m (10.9ms)[0m  [1m[35mDROP TABLE "cats"[0m
  ↳ bin/rails:9
  [1m[36mActiveRecord::SchemaMigration Destroy (2.1ms)[0m  [1m[31mDELETE FROM "schema_migrations" WHERE "schema_migrations"."version" = $1[0m  [["version", "20200426060210"]]
  ↳ bin/rails:9
  [1m[35m (2.2ms)[0m  [1m[35mCOMMIT[0m
  ↳ bin/rails:9
  [1m[35m (0.4ms)[0m  [1m[34mSELECT pg_advisory_unlock(7809834472913233005)[0m
  ↳ bin/rails:9
  [1m[35m (0.6ms)[0m  [1m[34mSELECT "schema_migrations"."version" FROM "schema_migrations" ORDER BY "schema_migrations"."version" ASC[0m
  ↳ bin/rails:9
  [1m[36mCat Load (12.1ms)[0m  [1m[34mSELECT "cats".* FROM "cats"[0m
  [1m[35m (0.3ms)[0m  [1m[34mSELECT pg_try_advisory_lock(7809834472913233005)[0m
  ↳ bin/rails:9
  [1m[35m (1.1ms)[0m  [1m[34mSELECT "schema_migrations"."version" FROM "schema_migrations" ORDER BY "schema_migrations"."version" ASC[0m
  ↳ bin/rails:9
Migrating to CreateCats (20200426060210)
  [1m[35m (0.4ms)[0m  [1m[34mSELECT pg_advisory_unlock(7809834472913233005)[0m
  ↳ bin/rails:9
  [1m[35m (0.2ms)[0m  [1m[34mSELECT pg_try_advisory_lock(7809834472913233005)[0m
  ↳ bin/rails:9
  [1m[35m (0.9ms)[0m  [1m[34mSELECT "schema_migrations"."version" FROM "schema_migrations" ORDER BY "schema_migrations"."version" ASC[0m
  ↳ bin/rails:9
Migrating to CreateCats (20200426060210)
  [1m[35m (0.2ms)[0m  [1m[35mBEGIN[0m
  ↳ bin/rails:9
  [1m[35m (8.5ms)[0m  [1m[35mCREATE TABLE "cats" ("id" bigserial primary key, "birth_date" date NOT NULL, "color" character varying NOT NULL, "name" character varying NOT NULL, "sex" character varying(2) NOT NULL, "description" text NOT NULL, "created_at" timestamp NOT NULL, "updated_at" timestamp NOT NULL)[0m
  ↳ db/migrate/20200426060210_create_cats.rb:3
  [1m[36mActiveRecord::SchemaMigration Create (0.5ms)[0m  [1m[32mINSERT INTO "schema_migrations" ("version") VALUES ($1) RETURNING "version"[0m  [["version", "20200426060210"]]
  ↳ bin/rails:9
  [1m[35m (0.8ms)[0m  [1m[35mCOMMIT[0m
  ↳ bin/rails:9
  [1m[36mActiveRecord::InternalMetadata Load (1.5ms)[0m  [1m[34mSELECT  "ar_internal_metadata".* FROM "ar_internal_metadata" WHERE "ar_internal_metadata"."key" = $1 LIMIT $2[0m  [["key", "environment"], ["LIMIT", 1]]
  ↳ bin/rails:9
  [1m[35m (0.3ms)[0m  [1m[35mBEGIN[0m
  ↳ bin/rails:9
  [1m[35m (0.4ms)[0m  [1m[35mCOMMIT[0m
  ↳ bin/rails:9
  [1m[35m (0.5ms)[0m  [1m[34mSELECT pg_advisory_unlock(7809834472913233005)[0m
  ↳ bin/rails:9
  [1m[35m (0.3ms)[0m  [1m[34mSELECT "schema_migrations"."version" FROM "schema_migrations" ORDER BY "schema_migrations"."version" ASC[0m
  ↳ bin/rails:9
  [1m[35m (1.2ms)[0m  [1m[34mSELECT "schema_migrations"."version" FROM "schema_migrations" ORDER BY "schema_migrations"."version" ASC[0m
  ↳ bin/rails:9
  [1m[35m (0.9ms)[0m  [1m[34mSELECT "schema_migrations"."version" FROM "schema_migrations" ORDER BY "schema_migrations"."version" ASC[0m
  ↳ bin/rails:9
  [1m[35m (0.4ms)[0m  [1m[34mSELECT "schema_migrations"."version" FROM "schema_migrations" ORDER BY "schema_migrations"."version" ASC[0m
  ↳ bin/rails:9
  [1m[35m (0.2ms)[0m  [1m[34mSELECT pg_try_advisory_lock(7809834472913233005)[0m
  ↳ bin/rails:9
  [1m[35m (0.3ms)[0m  [1m[34mSELECT "schema_migrations"."version" FROM "schema_migrations" ORDER BY "schema_migrations"."version" ASC[0m
  ↳ bin/rails:9
Migrating to CreateCats (20200426060210)
  [1m[35m (0.2ms)[0m  [1m[35mBEGIN[0m
  ↳ bin/rails:9
  [1m[35m (2.3ms)[0m  [1m[35mDROP TABLE "cats"[0m
  ↳ bin/rails:9
  [1m[36mActiveRecord::SchemaMigration Destroy (1.0ms)[0m  [1m[31mDELETE FROM "schema_migrations" WHERE "schema_migrations"."version" = $1[0m  [["version", "20200426060210"]]
  ↳ bin/rails:9
  [1m[35m (2.8ms)[0m  [1m[35mCOMMIT[0m
  ↳ bin/rails:9
  [1m[35m (0.5ms)[0m  [1m[34mSELECT pg_advisory_unlock(7809834472913233005)[0m
  ↳ bin/rails:9
  [1m[35m (1.0ms)[0m  [1m[34mSELECT "schema_migrations"."version" FROM "schema_migrations" ORDER BY "schema_migrations"."version" ASC[0m
  ↳ bin/rails:9
  [1m[35m (0.2ms)[0m  [1m[34mSELECT pg_try_advisory_lock(7809834472913233005)[0m
  ↳ bin/rails:9
  [1m[35m (0.9ms)[0m  [1m[34mSELECT "schema_migrations"."version" FROM "schema_migrations" ORDER BY "schema_migrations"."version" ASC[0m
  ↳ bin/rails:9
Migrating to CreateCats (20200426060210)
  [1m[35m (0.2ms)[0m  [1m[35mBEGIN[0m
  ↳ bin/rails:9
  [1m[35m (6.9ms)[0m  [1m[35mCREATE TABLE "cats" ("id" bigserial primary key, "birth_date" date NOT NULL, "color" character varying NOT NULL, "name" character varying NOT NULL, "sex" character varying(1) NOT NULL, "description" text NOT NULL, "created_at" timestamp NOT NULL, "updated_at" timestamp NOT NULL)[0m
  ↳ db/migrate/20200426060210_create_cats.rb:3
  [1m[36mActiveRecord::SchemaMigration Create (0.5ms)[0m  [1m[32mINSERT INTO "schema_migrations" ("version") VALUES ($1) RETURNING "version"[0m  [["version", "20200426060210"]]
  ↳ bin/rails:9
  [1m[35m (0.8ms)[0m  [1m[35mCOMMIT[0m
  ↳ bin/rails:9
  [1m[36mActiveRecord::InternalMetadata Load (0.5ms)[0m  [1m[34mSELECT  "ar_internal_metadata".* FROM "ar_internal_metadata" WHERE "ar_internal_metadata"."key" = $1 LIMIT $2[0m  [["key", "environment"], ["LIMIT", 1]]
  ↳ bin/rails:9
  [1m[35m (0.2ms)[0m  [1m[35mBEGIN[0m
  ↳ bin/rails:9
  [1m[35m (0.1ms)[0m  [1m[35mCOMMIT[0m
  ↳ bin/rails:9
  [1m[35m (0.3ms)[0m  [1m[34mSELECT pg_advisory_unlock(7809834472913233005)[0m
  ↳ bin/rails:9
  [1m[35m (0.7ms)[0m  [1m[34mSELECT "schema_migrations"."version" FROM "schema_migrations" ORDER BY "schema_migrations"."version" ASC[0m
  ↳ bin/rails:9
  [1m[36mCat Load (1.1ms)[0m  [1m[34mSELECT "cats".* FROM "cats"[0m
  [1m[35m (0.3ms)[0m  [1m[35mBEGIN[0m
  [1m[36mCat Create (9.2ms)[0m  [1m[32mINSERT INTO "cats" ("birth_date", "color", "name", "sex", "description", "created_at", "updated_at") VALUES ($1, $2, $3, $4, $5, $6, $7) RETURNING "id"[0m  [["birth_date", "2020-04-25"], ["color", "brown"], ["name", "boxer"], ["sex", "m"], ["description", "Friendly little guy!"], ["created_at", "2020-04-26 06:53:39.680721"], ["updated_at", "2020-04-26 06:53:39.680721"]]
  [1m[35m (0.5ms)[0m  [1m[35mCOMMIT[0m
  [1m[36mCat Load (1.3ms)[0m  [1m[34mSELECT "cats".* FROM "cats"[0m
  [1m[36mCat Load (0.4ms)[0m  [1m[34mSELECT  "cats".* FROM "cats" ORDER BY "cats"."id" ASC LIMIT $1[0m  [["LIMIT", 1]]
  [1m[36mCat Load (0.7ms)[0m  [1m[34mSELECT "cats".* FROM "cats"[0m
  [1m[36mCat Load (0.7ms)[0m  [1m[34mSELECT  "cats".* FROM "cats" ORDER BY "cats"."id" ASC LIMIT $1[0m  [["LIMIT", 1]]
  [1m[36mCat Load (0.7ms)[0m  [1m[34mSELECT  "cats".* FROM "cats" ORDER BY "cats"."id" ASC LIMIT $1[0m  [["LIMIT", 1]]
  [1m[35m (0.3ms)[0m  [1m[35mBEGIN[0m
  [1m[36mCat Update (8.5ms)[0m  [1m[33mUPDATE "cats" SET "birth_date" = $1, "updated_at" = $2 WHERE "cats"."id" = $3[0m  [["birth_date", "2019-04-25"], ["updated_at", "2020-04-26 06:55:23.398249"], ["id", 1]]
  [1m[35m (0.5ms)[0m  [1m[35mCOMMIT[0m
  [1m[36mCat Load (0.7ms)[0m  [1m[34mSELECT "cats".* FROM "cats"[0m
  [1m[36mCat Load (0.3ms)[0m  [1m[34mSELECT  "cats".* FROM "cats" ORDER BY "cats"."id" ASC LIMIT $1[0m  [["LIMIT", 1]]
  [1m[36mCat Load (0.3ms)[0m  [1m[34mSELECT  "cats".* FROM "cats" ORDER BY "cats"."id" ASC LIMIT $1[0m  [["LIMIT", 1]]
  [1m[36mCat Load (0.4ms)[0m  [1m[34mSELECT  "cats".* FROM "cats" ORDER BY "cats"."id" ASC LIMIT $1[0m  [["LIMIT", 1]]
  [1m[36mCat Load (0.3ms)[0m  [1m[34mSELECT  "cats".* FROM "cats" ORDER BY "cats"."id" ASC LIMIT $1[0m  [["LIMIT", 1]]
  [1m[36mCat Load (2.6ms)[0m  [1m[34mSELECT  "cats".* FROM "cats" ORDER BY "cats"."id" ASC LIMIT $1[0m  [["LIMIT", 1]]
  [1m[36mCat Load (0.3ms)[0m  [1m[34mSELECT  "cats".* FROM "cats" ORDER BY "cats"."id" ASC LIMIT $1[0m  [["LIMIT", 1]]
  [1m[36mCat Load (0.5ms)[0m  [1m[34mSELECT  "cats".* FROM "cats" ORDER BY "cats"."id" ASC LIMIT $1[0m  [["LIMIT", 1]]
  [1m[36mCat Load (1.3ms)[0m  [1m[34mSELECT  "cats".* FROM "cats" ORDER BY "cats"."id" ASC LIMIT $1[0m  [["LIMIT", 1]]
  [1m[35m (0.3ms)[0m  [1m[35mBEGIN[0m
  [1m[36mCat Create (10.0ms)[0m  [1m[32mINSERT INTO "cats" ("birth_date", "color", "name", "sex", "description", "created_at", "updated_at") VALUES ($1, $2, $3, $4, $5, $6, $7) RETURNING "id"[0m  [["birth_date", "2020-04-25"], ["color", "brown"], ["name", "boxer"], ["sex", "male"], ["description", "Friendly little guy!"], ["created_at", "2020-04-26 07:18:46.456010"], ["updated_at", "2020-04-26 07:18:46.456010"]]
  [1m[35m (0.2ms)[0m  [1m[31mROLLBACK[0m
  [1m[35m (0.3ms)[0m  [1m[35mBEGIN[0m
  [1m[36mCat Create (0.8ms)[0m  [1m[32mINSERT INTO "cats" ("birth_date", "color", "name", "sex", "description", "created_at", "updated_at") VALUES ($1, $2, $3, $4, $5, $6, $7) RETURNING "id"[0m  [["birth_date", "2020-04-25"], ["color", "blue"], ["name", "boxer"], ["sex", "m"], ["description", "Friendly little guy!"], ["created_at", "2020-04-26 07:20:26.987159"], ["updated_at", "2020-04-26 07:20:26.987159"]]
  [1m[35m (8.4ms)[0m  [1m[35mCOMMIT[0m
  [1m[36mCat Load (0.7ms)[0m  [1m[34mSELECT "cats".* FROM "cats"[0m
  [1m[35m (0.3ms)[0m  [1m[35mBEGIN[0m
  [1m[35m (0.3ms)[0m  [1m[31mROLLBACK[0m
  [1m[36mCat Load (0.8ms)[0m  [1m[34mSELECT "cats".* FROM "cats"[0m
  [1m[36mCat Load (0.5ms)[0m  [1m[34mSELECT  "cats".* FROM "cats" ORDER BY "cats"."id" DESC LIMIT $1[0m  [["LIMIT", 1]]
  [1m[35m (0.1ms)[0m  [1m[35mBEGIN[0m
  [1m[36mCat Destroy (0.5ms)[0m  [1m[31mDELETE FROM "cats" WHERE "cats"."id" = $1[0m  [["id", 2]]
  [1m[35m (8.4ms)[0m  [1m[35mCOMMIT[0m
Started GET "/" for ::1 at 2020-04-26 16:33:15 +0900
  [1m[35m (3.6ms)[0m  [1m[34mSELECT "schema_migrations"."version" FROM "schema_migrations" ORDER BY "schema_migrations"."version" ASC[0m
  ↳ /Users/nickmartinovic/.rbenv/versions/2.5.1/lib/ruby/gems/2.5.0/gems/activerecord-5.2.4.2/lib/active_record/log_subscriber.rb:98
Processing by Rails::WelcomeController#index as HTML
  Rendering /Users/nickmartinovic/.rbenv/versions/2.5.1/lib/ruby/gems/2.5.0/gems/railties-5.2.4.2/lib/rails/templates/rails/welcome/index.html.erb
  Rendered /Users/nickmartinovic/.rbenv/versions/2.5.1/lib/ruby/gems/2.5.0/gems/railties-5.2.4.2/lib/rails/templates/rails/welcome/index.html.erb (3.4ms)
Completed 200 OK in 29ms (Views: 11.1ms | ActiveRecord: 0.0ms)


Started GET "/cats" for ::1 at 2020-04-26 16:33:32 +0900
Processing by CatsController#index as HTML
Completed 500 Internal Server Error in 12ms (ActiveRecord: 0.0ms)



ActionView::MissingTemplate - Missing template cats/index, application/index with {:locale=>[:en], :formats=>[:html], :variants=>[], :handlers=>[:raw, :erb, :html, :builder, :ruby, :coffee, :jbuilder]}. Searched in:
  * "/Users/nickmartinovic/Desktop/aA-homeworks/Rails/cats99/app/views"
:
  app/controllers/cats_controller.rb:5:in `index'

Started POST "/__better_errors/7ccd55ef3d4edcf9/variables" for ::1 at 2020-04-26 16:33:32 +0900
  [1m[36mCat Load (0.9ms)[0m  [1m[34mSELECT  "cats".* FROM "cats" LIMIT $1[0m  [["LIMIT", 11]]
  ↳ /Users/nickmartinovic/.rbenv/versions/2.5.1/lib/ruby/gems/2.5.0/gems/activerecord-5.2.4.2/lib/active_record/log_subscriber.rb:98
Started GET "/cats" for ::1 at 2020-04-26 16:37:35 +0900
Processing by CatsController#index as HTML
  Rendering cats/index.html.erb within layouts/application
  Rendered cats/index.html.erb within layouts/application (0.6ms)
Completed 200 OK in 672ms (Views: 671.6ms | ActiveRecord: 0.0ms)


Started GET "/cats" for ::1 at 2020-04-26 16:40:25 +0900
Processing by CatsController#index as HTML
  Rendering cats/index.html.erb within layouts/application
  Rendered cats/index.html.erb within layouts/application (4.0ms)
Completed 500 Internal Server Error in 20ms (ActiveRecord: 0.0ms)



ActionView::Template::Error - 'nil' is not an ActiveModel-compatible object. It must implement :to_partial_path.:
  app/controllers/cats_controller.rb:5:in `index'

Started POST "/__better_errors/8954e1f153468bba/variables" for ::1 at 2020-04-26 16:40:25 +0900
  [1m[36mCat Load (0.4ms)[0m  [1m[34mSELECT  "cats".* FROM "cats" LIMIT $1[0m  [["LIMIT", 11]]
  ↳ /Users/nickmartinovic/.rbenv/versions/2.5.1/lib/ruby/gems/2.5.0/gems/activerecord-5.2.4.2/lib/active_record/log_subscriber.rb:98
  [1m[36mCACHE Cat Load (0.0ms)[0m  [1m[34mSELECT  "cats".* FROM "cats" LIMIT $1[0m  [["LIMIT", 11]]
  ↳ /Users/nickmartinovic/.rbenv/versions/2.5.1/lib/ruby/gems/2.5.0/gems/activerecord-5.2.4.2/lib/active_record/log_subscriber.rb:98
Started GET "/cats" for ::1 at 2020-04-26 16:40:43 +0900
Processing by CatsController#index as HTML
  Rendering cats/index.html.erb within layouts/application
  [1m[36mCat Load (0.4ms)[0m  [1m[34mSELECT "cats".* FROM "cats"[0m
  ↳ app/views/cats/index.html.erb:4
  Rendered cats/index.html.erb within layouts/application (10.8ms)
Completed 500 Internal Server Error in 20ms (ActiveRecord: 0.4ms)



ActionView::Template::Error - Missing partial cats/_cat with {:locale=>[:en], :formats=>[:html], :variants=>[], :handlers=>[:raw, :erb, :html, :builder, :ruby, :coffee, :jbuilder]}. Searched in:
  * "/Users/nickmartinovic/Desktop/aA-homeworks/Rails/cats99/app/views"
:
  app/controllers/cats_controller.rb:5:in `index'

Started POST "/__better_errors/5d7e437d8f7d20b9/variables" for ::1 at 2020-04-26 16:40:43 +0900
Started GET "/cats" for ::1 at 2020-04-26 16:41:15 +0900
Processing by CatsController#index as HTML
  Rendering cats/index.html.erb within layouts/application
  Rendered cats/index.html.erb within layouts/application (0.5ms)
Completed 200 OK in 45ms (Views: 44.3ms | ActiveRecord: 0.0ms)


Started GET "/cats" for ::1 at 2020-04-26 16:41:44 +0900
Processing by CatsController#index as HTML
  Rendering cats/index.html.erb within layouts/application
  Rendered cats/index.html.erb within layouts/application (0.3ms)
Completed 200 OK in 14ms (Views: 13.9ms | ActiveRecord: 0.0ms)


Started GET "/cats" for ::1 at 2020-04-26 16:42:06 +0900
Processing by CatsController#index as HTML
  Rendering cats/index.html.erb within layouts/application
  Rendered cats/index.html.erb within layouts/application (0.3ms)
Completed 200 OK in 13ms (Views: 12.9ms | ActiveRecord: 0.0ms)


Started GET "/cats" for ::1 at 2020-04-26 16:42:28 +0900
Processing by CatsController#index as HTML
  Rendering cats/index.html.erb within layouts/application
  [1m[36mCat Load (0.3ms)[0m  [1m[34mSELECT "cats".* FROM "cats"[0m
  ↳ app/views/cats/index.html.erb:4
  Rendered cats/index.html.erb within layouts/application (7.1ms)
Completed 500 Internal Server Error in 17ms (ActiveRecord: 0.3ms)



ActionView::Template::Error - Missing partial cats/_cat with {:locale=>[:en], :formats=>[:html], :variants=>[], :handlers=>[:raw, :erb, :html, :builder, :ruby, :coffee, :jbuilder]}. Searched in:
  * "/Users/nickmartinovic/Desktop/aA-homeworks/Rails/cats99/app/views"
:
  app/controllers/cats_controller.rb:5:in `index'

Started POST "/__better_errors/771f97b370379cad/variables" for ::1 at 2020-04-26 16:42:29 +0900
Started GET "/cats" for ::1 at 2020-04-26 16:43:48 +0900
Processing by CatsController#index as HTML
  Rendering cats/index.html.erb within layouts/application
  [1m[36mCat Load (0.6ms)[0m  [1m[34mSELECT "cats".* FROM "cats"[0m
  ↳ app/views/cats/index.html.erb:4
  Rendered cats/index.html.erb within layouts/application (13.3ms)
Completed 500 Internal Server Error in 24ms (ActiveRecord: 0.6ms)



ActionView::Template::Error - Missing partial cats/_cat with {:locale=>[:en], :formats=>[:html], :variants=>[], :handlers=>[:raw, :erb, :html, :builder, :ruby, :coffee, :jbuilder]}. Searched in:
  * "/Users/nickmartinovic/Desktop/aA-homeworks/Rails/cats99/app/views"
:
  app/controllers/cats_controller.rb:5:in `index'

Started POST "/__better_errors/1a2e502ce482dbeb/variables" for ::1 at 2020-04-26 16:43:48 +0900
Started GET "/cats" for ::1 at 2020-04-26 16:44:42 +0900
Processing by CatsController#index as HTML
  Rendering cats/index.html.erb within layouts/application
  Rendered cats/index.html.erb within layouts/application (7.3ms)
Completed 500 Internal Server Error in 18ms (ActiveRecord: 0.0ms)



ActionView::Template::Error - undefined method `first' for nil:NilClass:
  app/controllers/cats_controller.rb:5:in `index'

Started POST "/__better_errors/cfdbd350f2c204de/variables" for ::1 at 2020-04-26 16:44:42 +0900
  [1m[36mCat Load (1.4ms)[0m  [1m[34mSELECT  "cats".* FROM "cats" LIMIT $1[0m  [["LIMIT", 11]]
  ↳ /Users/nickmartinovic/.rbenv/versions/2.5.1/lib/ruby/gems/2.5.0/gems/activerecord-5.2.4.2/lib/active_record/log_subscriber.rb:98
  [1m[36mCACHE Cat Load (0.1ms)[0m  [1m[34mSELECT  "cats".* FROM "cats" LIMIT $1[0m  [["LIMIT", 11]]
  ↳ /Users/nickmartinovic/.rbenv/versions/2.5.1/lib/ruby/gems/2.5.0/gems/activerecord-5.2.4.2/lib/active_record/log_subscriber.rb:98
Started GET "/cats" for ::1 at 2020-04-26 16:44:56 +0900
Processing by CatsController#index as HTML
  Rendering cats/index.html.erb within layouts/application
  Rendered cats/index.html.erb within layouts/application (0.4ms)
Completed 200 OK in 26ms (Views: 25.4ms | ActiveRecord: 0.0ms)


Started GET "/cats" for ::1 at 2020-04-26 16:45:48 +0900
Processing by CatsController#index as HTML
  Rendering cats/index.html.erb within layouts/application
  [1m[36mCat Load (0.6ms)[0m  [1m[34mSELECT "cats".* FROM "cats"[0m
  ↳ app/views/cats/index.html.erb:5
  Rendered cats/index.html.erb within layouts/application (2.6ms)
Completed 200 OK in 23ms (Views: 22.0ms | ActiveRecord: 0.6ms)


Started GET "/" for ::1 at 2020-04-27 06:11:17 +0900
  [1m[35m (5.2ms)[0m  [1m[34mSELECT "schema_migrations"."version" FROM "schema_migrations" ORDER BY "schema_migrations"."version" ASC[0m
  ↳ /Users/nickmartinovic/.rbenv/versions/2.5.1/lib/ruby/gems/2.5.0/gems/activerecord-5.2.4.2/lib/active_record/log_subscriber.rb:98
Processing by Rails::WelcomeController#index as HTML
  Rendering /Users/nickmartinovic/.rbenv/versions/2.5.1/lib/ruby/gems/2.5.0/gems/railties-5.2.4.2/lib/rails/templates/rails/welcome/index.html.erb
  Rendered /Users/nickmartinovic/.rbenv/versions/2.5.1/lib/ruby/gems/2.5.0/gems/railties-5.2.4.2/lib/rails/templates/rails/welcome/index.html.erb (3.6ms)
Completed 200 OK in 31ms (Views: 14.5ms | ActiveRecord: 0.0ms)


Started GET "/cats" for ::1 at 2020-04-27 06:11:20 +0900
Processing by CatsController#index as HTML
  Rendering cats/index.html.erb within layouts/application
  [1m[36mCat Load (4.6ms)[0m  [1m[34mSELECT "cats".* FROM "cats"[0m
  ↳ app/views/cats/index.html.erb:5
  Rendered cats/index.html.erb within layouts/application (37.6ms)
Completed 200 OK in 233ms (Views: 205.1ms | ActiveRecord: 24.7ms)


  [1m[36mCat Load (0.7ms)[0m  [1m[34mSELECT "cats".* FROM "cats"[0m
Started GET "/cats" for ::1 at 2020-04-27 06:23:55 +0900
Processing by CatsController#index as HTML
  Rendering cats/index.html.erb within layouts/application
  [1m[36mCat Load (0.8ms)[0m  [1m[34mSELECT "cats".* FROM "cats"[0m
  ↳ app/views/cats/index.html.erb:3
  Rendered cats/index.html.erb within layouts/application (2.0ms)
Completed 200 OK in 16ms (Views: 13.9ms | ActiveRecord: 0.8ms)


Started GET "/cats" for ::1 at 2020-04-27 06:24:25 +0900
Processing by CatsController#index as HTML
  Rendering cats/index.html.erb within layouts/application
  [1m[36mCat Load (0.4ms)[0m  [1m[34mSELECT "cats".* FROM "cats"[0m
  ↳ app/views/cats/index.html.erb:3
  Rendered cats/index.html.erb within layouts/application (1.6ms)
Completed 200 OK in 16ms (Views: 15.0ms | ActiveRecord: 0.4ms)


Started GET "/cats" for ::1 at 2020-04-27 06:25:33 +0900
Processing by CatsController#index as HTML
  Rendering cats/index.html.erb within layouts/application
  [1m[36mCat Load (0.3ms)[0m  [1m[34mSELECT "cats".* FROM "cats"[0m
  ↳ app/views/cats/index.html.erb:5
  Rendered cats/index.html.erb within layouts/application (1.4ms)
Completed 200 OK in 15ms (Views: 13.7ms | ActiveRecord: 0.3ms)


Started GET "/cats" for ::1 at 2020-04-27 06:25:57 +0900
Processing by CatsController#index as HTML
  Rendering cats/index.html.erb within layouts/application
  [1m[36mCat Load (0.3ms)[0m  [1m[34mSELECT "cats".* FROM "cats"[0m
  ↳ app/views/cats/index.html.erb:5
  Rendered cats/index.html.erb within layouts/application (1.4ms)
Completed 200 OK in 13ms (Views: 11.7ms | ActiveRecord: 0.3ms)


  [1m[35m (8.5ms)[0m  [1m[35mBEGIN[0m
  [1m[36mCat Create (16.2ms)[0m  [1m[32mINSERT INTO "cats" ("birth_date", "color", "name", "sex", "description", "created_at", "updated_at") VALUES ($1, $2, $3, $4, $5, $6, $7) RETURNING "id"[0m  [["birth_date", "2015-09-01"], ["color", "white"], ["name", "whiskers"], ["sex", "f"], ["description", "such a cutie!"], ["created_at", "2020-04-26 21:27:15.557827"], ["updated_at", "2020-04-26 21:27:15.557827"]]
  [1m[35m (1.2ms)[0m  [1m[35mCOMMIT[0m
Started GET "/cats" for ::1 at 2020-04-27 06:27:18 +0900
Processing by CatsController#index as HTML
  Rendering cats/index.html.erb within layouts/application
  [1m[36mCat Load (8.6ms)[0m  [1m[34mSELECT "cats".* FROM "cats"[0m
  ↳ app/views/cats/index.html.erb:5
  Rendered cats/index.html.erb within layouts/application (12.7ms)
Completed 200 OK in 33ms (Views: 23.1ms | ActiveRecord: 8.6ms)


Started GET "/cats/1" for ::1 at 2020-04-27 06:32:46 +0900
Processing by CatsController#show as HTML
  Parameters: {"id"=>"1"}
  [1m[36mCat Load (0.8ms)[0m  [1m[34mSELECT  "cats".* FROM "cats" WHERE "cats"."id" = $1 LIMIT $2[0m  [["id", 1], ["LIMIT", 1]]
  ↳ app/controllers/cats_controller.rb:9
  Rendering cats/show.html.erb within layouts/application
  Rendered cats/show.html.erb within layouts/application (282.1ms)
Completed 500 Internal Server Error in 319ms (ActiveRecord: 13.8ms)



ActionView::Template::Error - undefined local variable or method `cat' for #<#<Class:0x00007fe6b436de70>:0x00007fe6b436c570>
Did you mean?  @cat:
  app/controllers/cats_controller.rb:10:in `show'

Started POST "/__better_errors/d5604d21bf55ca18/variables" for ::1 at 2020-04-27 06:32:47 +0900
Started GET "/cats/1" for ::1 at 2020-04-27 06:33:04 +0900
Processing by CatsController#show as HTML
  Parameters: {"id"=>"1"}
  [1m[36mCat Load (0.5ms)[0m  [1m[34mSELECT  "cats".* FROM "cats" WHERE "cats"."id" = $1 LIMIT $2[0m  [["id", 1], ["LIMIT", 1]]
  ↳ app/controllers/cats_controller.rb:9
  Rendering cats/show.html.erb within layouts/application
  Rendered cats/show.html.erb within layouts/application (0.4ms)
Completed 200 OK in 14ms (Views: 12.2ms | ActiveRecord: 0.5ms)


  [1m[36mCat Load (0.4ms)[0m  [1m[34mSELECT "cats".* FROM "cats"[0m
Started GET "/cats/3" for ::1 at 2020-04-27 06:33:29 +0900
Processing by CatsController#show as HTML
  Parameters: {"id"=>"3"}
  [1m[36mCat Load (0.6ms)[0m  [1m[34mSELECT  "cats".* FROM "cats" WHERE "cats"."id" = $1 LIMIT $2[0m  [["id", 3], ["LIMIT", 1]]
  ↳ app/controllers/cats_controller.rb:9
  Rendering cats/show.html.erb within layouts/application
  Rendered cats/show.html.erb within layouts/application (0.4ms)
Completed 200 OK in 19ms (Views: 16.7ms | ActiveRecord: 0.6ms)


Started GET "/cats/3" for ::1 at 2020-04-27 06:36:37 +0900
Processing by CatsController#show as HTML
  Parameters: {"id"=>"3"}
  [1m[36mCat Load (0.4ms)[0m  [1m[34mSELECT  "cats".* FROM "cats" WHERE "cats"."id" = $1 LIMIT $2[0m  [["id", 3], ["LIMIT", 1]]
  ↳ app/controllers/cats_controller.rb:9
  Rendering cats/show.html.erb within layouts/application
  Rendered cats/show.html.erb within layouts/application (0.5ms)
Completed 200 OK in 16ms (Views: 14.9ms | ActiveRecord: 0.4ms)


Started GET "/cats/3" for ::1 at 2020-04-27 06:37:33 +0900
Processing by CatsController#show as HTML
  Parameters: {"id"=>"3"}
  [1m[36mCat Load (0.9ms)[0m  [1m[34mSELECT  "cats".* FROM "cats" WHERE "cats"."id" = $1 LIMIT $2[0m  [["id", 3], ["LIMIT", 1]]
  ↳ app/controllers/cats_controller.rb:9
  Rendering cats/show.html.erb within layouts/application
  Rendered cats/show.html.erb within layouts/application (0.6ms)
Completed 200 OK in 17ms (Views: 14.2ms | ActiveRecord: 0.9ms)


Started GET "/cats/3" for ::1 at 2020-04-27 06:38:24 +0900
Processing by CatsController#show as HTML
  Parameters: {"id"=>"3"}
  [1m[36mCat Load (0.4ms)[0m  [1m[34mSELECT  "cats".* FROM "cats" WHERE "cats"."id" = $1 LIMIT $2[0m  [["id", 3], ["LIMIT", 1]]
  ↳ app/controllers/cats_controller.rb:9
  Rendering cats/show.html.erb within layouts/application
  Rendered cats/show.html.erb within layouts/application (0.6ms)
Completed 200 OK in 17ms (Views: 14.4ms | ActiveRecord: 0.4ms)


Started GET "/cats/3" for ::1 at 2020-04-27 06:38:49 +0900
Processing by CatsController#show as HTML
  Parameters: {"id"=>"3"}
  [1m[36mCat Load (0.3ms)[0m  [1m[34mSELECT  "cats".* FROM "cats" WHERE "cats"."id" = $1 LIMIT $2[0m  [["id", 3], ["LIMIT", 1]]
  ↳ app/controllers/cats_controller.rb:9
  Rendering cats/show.html.erb within layouts/application
  Rendered cats/show.html.erb within layouts/application (0.5ms)
Completed 200 OK in 14ms (Views: 11.0ms | ActiveRecord: 0.3ms)


Started GET "/cats/3" for ::1 at 2020-04-27 06:39:00 +0900
Processing by CatsController#show as HTML
  Parameters: {"id"=>"3"}
  [1m[36mCat Load (0.3ms)[0m  [1m[34mSELECT  "cats".* FROM "cats" WHERE "cats"."id" = $1 LIMIT $2[0m  [["id", 3], ["LIMIT", 1]]
  ↳ app/controllers/cats_controller.rb:9
  Rendering cats/show.html.erb within layouts/application
  Rendered cats/show.html.erb within layouts/application (0.4ms)
Completed 200 OK in 17ms (Views: 14.7ms | ActiveRecord: 0.3ms)


Started GET "/cats/3" for ::1 at 2020-04-27 06:39:26 +0900
Processing by CatsController#show as HTML
  Parameters: {"id"=>"3"}
  [1m[36mCat Load (0.3ms)[0m  [1m[34mSELECT  "cats".* FROM "cats" WHERE "cats"."id" = $1 LIMIT $2[0m  [["id", 3], ["LIMIT", 1]]
  ↳ app/controllers/cats_controller.rb:9
  Rendering cats/show.html.erb within layouts/application
  Rendered cats/show.html.erb within layouts/application (0.5ms)
Completed 200 OK in 23ms (Views: 12.2ms | ActiveRecord: 0.3ms)


  [1m[36mCat Load (0.4ms)[0m  [1m[34mSELECT  "cats".* FROM "cats" ORDER BY "cats"."id" ASC LIMIT $1[0m  [["LIMIT", 1]]
  [1m[36mCat Load (0.7ms)[0m  [1m[34mSELECT  "cats".* FROM "cats" ORDER BY "cats"."id" ASC LIMIT $1[0m  [["LIMIT", 1]]
Started GET "/cats/3" for ::1 at 2020-04-27 06:41:56 +0900
Processing by CatsController#show as HTML
  Parameters: {"id"=>"3"}
  [1m[36mCat Load (0.3ms)[0m  [1m[34mSELECT  "cats".* FROM "cats" WHERE "cats"."id" = $1 LIMIT $2[0m  [["id", 3], ["LIMIT", 1]]
  ↳ app/controllers/cats_controller.rb:9
  Rendering cats/show.html.erb within layouts/application
  Rendered cats/show.html.erb within layouts/application (480.4ms)
Completed 500 Internal Server Error in 493ms (ActiveRecord: 0.3ms)



ActionView::Template::Error - undefined local variable or method `cat' for #<#<Class:0x00007fe6b436de70>:0x00007fe6b4394070>
Did you mean?  @cat:
  app/controllers/cats_controller.rb:10:in `show'

Started POST "/__better_errors/118578fba24904cf/variables" for ::1 at 2020-04-27 06:41:57 +0900
Started GET "/cats/3" for ::1 at 2020-04-27 06:42:08 +0900
Processing by CatsController#show as HTML
  Parameters: {"id"=>"3"}
  [1m[36mCat Load (0.4ms)[0m  [1m[34mSELECT  "cats".* FROM "cats" WHERE "cats"."id" = $1 LIMIT $2[0m  [["id", 3], ["LIMIT", 1]]
  ↳ app/controllers/cats_controller.rb:9
  Rendering cats/show.html.erb within layouts/application
  Rendered cats/show.html.erb within layouts/application (367.4ms)
Completed 500 Internal Server Error in 381ms (ActiveRecord: 0.4ms)



ActionView::Template::Error - undefined local variable or method `attr' for #<#<Class:0x00007fe6b436de70>:0x00007fe6b3705ef8>
Did you mean?  att:
  app/controllers/cats_controller.rb:10:in `show'

Started POST "/__better_errors/13beaf545e1901ee/variables" for ::1 at 2020-04-27 06:42:08 +0900
Started GET "/cats/3" for ::1 at 2020-04-27 06:42:19 +0900
Processing by CatsController#show as HTML
  Parameters: {"id"=>"3"}
  [1m[36mCat Load (0.4ms)[0m  [1m[34mSELECT  "cats".* FROM "cats" WHERE "cats"."id" = $1 LIMIT $2[0m  [["id", 3], ["LIMIT", 1]]
  ↳ app/controllers/cats_controller.rb:9
  Rendering cats/show.html.erb within layouts/application
  Rendered cats/show.html.erb within layouts/application (8.8ms)
Completed 200 OK in 29ms (Views: 26.0ms | ActiveRecord: 0.4ms)


Started GET "/cats/3" for ::1 at 2020-04-27 06:43:51 +0900
Processing by CatsController#show as HTML
  Parameters: {"id"=>"3"}
  [1m[36mCat Load (0.3ms)[0m  [1m[34mSELECT  "cats".* FROM "cats" WHERE "cats"."id" = $1 LIMIT $2[0m  [["id", 3], ["LIMIT", 1]]
  ↳ app/controllers/cats_controller.rb:9
  Rendering cats/show.html.erb within layouts/application
  Rendered cats/show.html.erb within layouts/application (1.0ms)
Completed 200 OK in 21ms (Views: 18.9ms | ActiveRecord: 0.3ms)


Started GET "/cats/3" for ::1 at 2020-04-27 06:47:22 +0900
Processing by CatsController#show as HTML
  Parameters: {"id"=>"3"}
  [1m[36mCat Load (0.4ms)[0m  [1m[34mSELECT  "cats".* FROM "cats" WHERE "cats"."id" = $1 LIMIT $2[0m  [["id", 3], ["LIMIT", 1]]
  ↳ app/controllers/cats_controller.rb:9
  Rendering cats/show.html.erb within layouts/application
  Rendered cats/show.html.erb within layouts/application (0.4ms)
Completed 200 OK in 13ms (Views: 10.5ms | ActiveRecord: 0.4ms)


Started GET "/cats/3" for ::1 at 2020-04-27 06:49:46 +0900
Processing by CatsController#show as HTML
  Parameters: {"id"=>"3"}
  [1m[36mCat Load (0.4ms)[0m  [1m[34mSELECT  "cats".* FROM "cats" WHERE "cats"."id" = $1 LIMIT $2[0m  [["id", 3], ["LIMIT", 1]]
  ↳ app/controllers/cats_controller.rb:9
  Rendering cats/show.html.erb within layouts/application
  Rendered cats/show.html.erb within layouts/application (0.5ms)
Completed 200 OK in 18ms (Views: 15.4ms | ActiveRecord: 0.4ms)


Started GET "/cats/3" for ::1 at 2020-04-27 06:49:54 +0900
Processing by CatsController#show as HTML
  Parameters: {"id"=>"3"}
  [1m[36mCat Load (0.3ms)[0m  [1m[34mSELECT  "cats".* FROM "cats" WHERE "cats"."id" = $1 LIMIT $2[0m  [["id", 3], ["LIMIT", 1]]
  ↳ app/controllers/cats_controller.rb:9
  Rendering cats/show.html.erb within layouts/application
  Rendered cats/show.html.erb within layouts/application (0.7ms)
Completed 200 OK in 16ms (Views: 14.4ms | ActiveRecord: 0.3ms)


Started GET "/cats/3" for ::1 at 2020-04-27 06:50:50 +0900
Processing by CatsController#show as HTML
  Parameters: {"id"=>"3"}
  [1m[36mCat Load (0.4ms)[0m  [1m[34mSELECT  "cats".* FROM "cats" WHERE "cats"."id" = $1 LIMIT $2[0m  [["id", 3], ["LIMIT", 1]]
  ↳ app/controllers/cats_controller.rb:9
  Rendering cats/show.html.erb within layouts/application
  Rendered cats/show.html.erb within layouts/application (0.5ms)
Completed 200 OK in 17ms (Views: 14.2ms | ActiveRecord: 0.4ms)


Started GET "/cats/3" for ::1 at 2020-04-27 06:51:52 +0900
Processing by CatsController#show as HTML
  Parameters: {"id"=>"3"}
  [1m[36mCat Load (0.4ms)[0m  [1m[34mSELECT  "cats".* FROM "cats" WHERE "cats"."id" = $1 LIMIT $2[0m  [["id", 3], ["LIMIT", 1]]
  ↳ app/controllers/cats_controller.rb:9
  Rendering cats/show.html.erb within layouts/application
  Rendered cats/show.html.erb within layouts/application (1.1ms)
Completed 200 OK in 24ms (Views: 21.0ms | ActiveRecord: 0.4ms)


Started GET "/cats/3" for ::1 at 2020-04-27 06:52:00 +0900
Processing by CatsController#show as HTML
  Parameters: {"id"=>"3"}
  [1m[36mCat Load (0.4ms)[0m  [1m[34mSELECT  "cats".* FROM "cats" WHERE "cats"."id" = $1 LIMIT $2[0m  [["id", 3], ["LIMIT", 1]]
  ↳ app/controllers/cats_controller.rb:9
  Rendering cats/show.html.erb within layouts/application
  Rendered cats/show.html.erb within layouts/application (0.5ms)
Completed 200 OK in 19ms (Views: 16.6ms | ActiveRecord: 0.4ms)


Started GET "/cats/1" for ::1 at 2020-04-27 06:52:05 +0900
Processing by CatsController#show as HTML
  Parameters: {"id"=>"1"}
  [1m[36mCat Load (0.5ms)[0m  [1m[34mSELECT  "cats".* FROM "cats" WHERE "cats"."id" = $1 LIMIT $2[0m  [["id", 1], ["LIMIT", 1]]
  ↳ app/controllers/cats_controller.rb:9
  Rendering cats/show.html.erb within layouts/application
  Rendered cats/show.html.erb within layouts/application (0.9ms)
Completed 200 OK in 23ms (Views: 17.9ms | ActiveRecord: 0.5ms)


  [1m[36mCat Load (0.7ms)[0m  [1m[34mSELECT  "cats".* FROM "cats" ORDER BY "cats"."id" ASC LIMIT $1[0m  [["LIMIT", 1]]
Started GET "/cats/1" for ::1 at 2020-04-27 06:56:03 +0900
Processing by CatsController#show as HTML
  Parameters: {"id"=>"1"}
  [1m[36mCat Load (0.5ms)[0m  [1m[34mSELECT  "cats".* FROM "cats" WHERE "cats"."id" = $1 LIMIT $2[0m  [["id", 1], ["LIMIT", 1]]
  ↳ app/controllers/cats_controller.rb:9
  Rendering cats/show.html.erb within layouts/application
  Rendered cats/show.html.erb within layouts/application (0.7ms)
Completed 200 OK in 23ms (Views: 20.1ms | ActiveRecord: 0.5ms)


Started GET "/cats/1" for ::1 at 2020-04-27 06:56:55 +0900
Processing by CatsController#show as HTML
  Parameters: {"id"=>"1"}
  [1m[36mCat Load (0.7ms)[0m  [1m[34mSELECT  "cats".* FROM "cats" WHERE "cats"."id" = $1 LIMIT $2[0m  [["id", 1], ["LIMIT", 1]]
  ↳ app/controllers/cats_controller.rb:9
  Rendering cats/show.html.erb within layouts/application
  Rendered cats/show.html.erb within layouts/application (1.1ms)
Completed 200 OK in 25ms (Views: 22.0ms | ActiveRecord: 0.7ms)


Started GET "/cats/1" for ::1 at 2020-04-27 06:57:32 +0900
Processing by CatsController#show as HTML
  Parameters: {"id"=>"1"}
  [1m[36mCat Load (0.3ms)[0m  [1m[34mSELECT  "cats".* FROM "cats" WHERE "cats"."id" = $1 LIMIT $2[0m  [["id", 1], ["LIMIT", 1]]
  ↳ app/controllers/cats_controller.rb:9
  Rendering cats/show.html.erb within layouts/application
  Rendered cats/show.html.erb within layouts/application (0.7ms)
Completed 200 OK in 17ms (Views: 14.2ms | ActiveRecord: 0.3ms)


Started GET "/cats/1" for ::1 at 2020-04-27 06:59:30 +0900
Processing by CatsController#show as HTML
  Parameters: {"id"=>"1"}
  [1m[36mCat Load (0.3ms)[0m  [1m[34mSELECT  "cats".* FROM "cats" WHERE "cats"."id" = $1 LIMIT $2[0m  [["id", 1], ["LIMIT", 1]]
  ↳ app/controllers/cats_controller.rb:9
  Rendering cats/show.html.erb within layouts/application
  Rendered cats/show.html.erb within layouts/application (1.5ms)
Completed 500 Internal Server Error in 12ms (ActiveRecord: 0.3ms)



SyntaxError - syntax error, unexpected end-of-input, expecting keyword_end
          end
             ^:
  app/views/cats/show.html.erb:23:in `'
  app/controllers/cats_controller.rb:10:in `show'

Started POST "/__better_errors/83e69d3f3144c48c/variables" for ::1 at 2020-04-27 06:59:30 +0900
Started GET "/cats/1" for ::1 at 2020-04-27 06:59:53 +0900
Processing by CatsController#show as HTML
  Parameters: {"id"=>"1"}
  [1m[36mCat Load (0.3ms)[0m  [1m[34mSELECT  "cats".* FROM "cats" WHERE "cats"."id" = $1 LIMIT $2[0m  [["id", 1], ["LIMIT", 1]]
  ↳ app/controllers/cats_controller.rb:9
  Rendering cats/show.html.erb within layouts/application
  Rendered cats/show.html.erb within layouts/application (0.7ms)
Completed 200 OK in 14ms (Views: 12.5ms | ActiveRecord: 0.3ms)


Started GET "/cats/1" for ::1 at 2020-04-27 07:00:03 +0900
Processing by CatsController#show as HTML
  Parameters: {"id"=>"1"}
  [1m[36mCat Load (0.4ms)[0m  [1m[34mSELECT  "cats".* FROM "cats" WHERE "cats"."id" = $1 LIMIT $2[0m  [["id", 1], ["LIMIT", 1]]
  ↳ app/controllers/cats_controller.rb:9
  Rendering cats/show.html.erb within layouts/application
  Rendered cats/show.html.erb within layouts/application (0.9ms)
Completed 200 OK in 27ms (Views: 25.6ms | ActiveRecord: 0.4ms)


Started GET "/cats/1" for ::1 at 2020-04-27 07:16:40 +0900
Processing by CatsController#show as HTML
  Parameters: {"id"=>"1"}
  [1m[36mCat Load (0.8ms)[0m  [1m[34mSELECT  "cats".* FROM "cats" WHERE "cats"."id" = $1 LIMIT $2[0m  [["id", 1], ["LIMIT", 1]]
  ↳ app/controllers/cats_controller.rb:9
  Rendering cats/show.html.erb within layouts/application
  Rendered cats/show.html.erb within layouts/application (1.0ms)
Completed 200 OK in 18ms (Views: 14.8ms | ActiveRecord: 1.0ms)


Started GET "/cats/new" for ::1 at 2020-04-27 07:32:16 +0900
Processing by CatsController#new as HTML
  Rendering cats/new.html.erb within layouts/application
  Rendered cats/new.html.erb within layouts/application (0.4ms)
Completed 200 OK in 17ms (Views: 16.4ms | ActiveRecord: 0.0ms)


Started GET "/cats/new" for ::1 at 2020-04-27 07:37:16 +0900
Processing by CatsController#new as HTML
  Rendering cats/new.html.erb within layouts/application
  Rendered cats/new.html.erb within layouts/application (0.7ms)
Completed 200 OK in 18ms (Views: 17.3ms | ActiveRecord: 0.0ms)


Started GET "/cats/new" for ::1 at 2020-04-27 07:38:16 +0900
Processing by CatsController#new as HTML
  Rendering cats/new.html.erb within layouts/application
  Rendered cats/new.html.erb within layouts/application (0.3ms)
Completed 200 OK in 15ms (Views: 14.6ms | ActiveRecord: 0.0ms)


Started POST "/cats" for ::1 at 2020-04-27 07:41:14 +0900
Processing by CatsController#create as HTML
Completed 200 OK in 1ms (Views: 0.1ms | ActiveRecord: 0.0ms)


Started GET "/cats/new" for ::1 at 2020-04-27 07:42:46 +0900
Processing by CatsController#new as HTML
  Rendering cats/new.html.erb within layouts/application
  Rendered cats/new.html.erb within layouts/application (0.3ms)
Completed 200 OK in 18ms (Views: 18.0ms | ActiveRecord: 0.0ms)


Started POST "/cats" for ::1 at 2020-04-27 07:42:50 +0900
Processing by CatsController#create as HTML
  Parameters: {"name"=>"Dog"}
Completed 200 OK in 2ms (Views: 0.3ms | ActiveRecord: 0.0ms)


Started GET "/cats/new" for ::1 at 2020-04-27 07:49:50 +0900
Processing by CatsController#new as HTML
  Rendering cats/new.html.erb within layouts/application
  Rendered cats/new.html.erb within layouts/application (1.5ms)
Completed 200 OK in 39ms (Views: 38.5ms | ActiveRecord: 0.0ms)


Started POST "/cats" for ::1 at 2020-04-27 07:50:04 +0900
Processing by CatsController#create as HTML
  Parameters: {"name"=>"Dog", "color"=>"red", "birth_date"=>"green", "sex"=>"m", "description"=>"the best"}
Completed 200 OK in 1ms (Views: 0.2ms | ActiveRecord: 0.0ms)


Started GET "/cats/new" for ::1 at 2020-04-27 07:54:33 +0900
Processing by CatsController#new as HTML
  Rendering cats/new.html.erb within layouts/application
  Rendered cats/new.html.erb within layouts/application (0.4ms)
Completed 200 OK in 16ms (Views: 15.3ms | ActiveRecord: 0.0ms)


Started POST "/cats" for ::1 at 2020-04-27 07:54:42 +0900
Processing by CatsController#create as HTML
  Parameters: {"cats"=>{"name"=>"1", "color"=>"3", "birth_date"=>"5", "sex"=>"6", "description"=>"8"}}
Completed 200 OK in 1ms (Views: 0.2ms | ActiveRecord: 0.0ms)


Started GET "/cats/new" for ::1 at 2020-04-27 08:00:37 +0900
Processing by CatsController#new as HTML
  Rendering cats/new.html.erb within layouts/application
  Rendered cats/new.html.erb within layouts/application (0.4ms)
Completed 200 OK in 28ms (Views: 27.8ms | ActiveRecord: 0.0ms)


Started GET "/cats/new" for ::1 at 2020-04-27 08:02:43 +0900
Processing by CatsController#new as HTML
  Rendering cats/new.html.erb within layouts/application
  Rendered cats/new.html.erb within layouts/application (20.3ms)
Completed 500 Internal Server Error in 31ms (ActiveRecord: 0.0ms)



ActionView::Template::Error - uninitialized constant ActionView::CompiledTemplates::COLORS:
  app/controllers/cats_controller.rb:14:in `new'

Started POST "/__better_errors/0da2be40ee7fa306/variables" for ::1 at 2020-04-27 08:02:44 +0900
Started GET "/cats/new" for ::1 at 2020-04-27 08:04:25 +0900
Processing by CatsController#new as HTML
  Rendering cats/new.html.erb within layouts/application
  Rendered cats/new.html.erb within layouts/application (23.2ms)
Completed 200 OK in 37ms (Views: 36.4ms | ActiveRecord: 0.0ms)


Started GET "/cats/new" for ::1 at 2020-04-27 08:05:07 +0900
Processing by CatsController#new as HTML
  Rendering cats/new.html.erb within layouts/application
  Rendered cats/new.html.erb within layouts/application (0.6ms)
Completed 200 OK in 14ms (Views: 13.4ms | ActiveRecord: 0.0ms)


Started GET "/cats" for ::1 at 2020-04-28 06:46:40 +0900
  [1m[35m (6.7ms)[0m  [1m[34mSELECT "schema_migrations"."version" FROM "schema_migrations" ORDER BY "schema_migrations"."version" ASC[0m
  ↳ /Users/nickmartinovic/.rbenv/versions/2.5.1/lib/ruby/gems/2.5.0/gems/activerecord-5.2.4.2/lib/active_record/log_subscriber.rb:98
Processing by CatsController#index as HTML
  Rendering cats/index.html.erb within layouts/application
  [1m[36mCat Load (4.9ms)[0m  [1m[34mSELECT "cats".* FROM "cats"[0m
  ↳ app/views/cats/index.html.erb:5
  Rendered cats/index.html.erb within layouts/application (40.9ms)
Completed 200 OK in 303ms (Views: 259.4ms | ActiveRecord: 24.0ms)


Started GET "/cats/new" for ::1 at 2020-04-28 06:51:09 +0900
Processing by CatsController#new as HTML
  Rendering cats/new.html.erb within layouts/application
  Rendered cats/new.html.erb within layouts/application (1.1ms)
Completed 200 OK in 22ms (Views: 21.2ms | ActiveRecord: 0.0ms)


Started GET "/cats/new" for ::1 at 2020-04-28 06:52:13 +0900
Processing by CatsController#new as HTML
  Rendering cats/new.html.erb within layouts/application
  Rendered cats/new.html.erb within layouts/application (0.5ms)
Completed 200 OK in 13ms (Views: 12.2ms | ActiveRecord: 0.0ms)


Started GET "/cats/new" for ::1 at 2020-04-28 06:54:21 +0900
Processing by CatsController#new as HTML
  Rendering cats/new.html.erb within layouts/application
  Rendered cats/new.html.erb within layouts/application (0.6ms)
Completed 200 OK in 14ms (Views: 13.9ms | ActiveRecord: 0.0ms)


Started GET "/cats/new" for ::1 at 2020-04-28 06:55:01 +0900
Processing by CatsController#new as HTML
  Rendering cats/new.html.erb within layouts/application
  Rendered cats/new.html.erb within layouts/application (0.6ms)
Completed 200 OK in 17ms (Views: 16.2ms | ActiveRecord: 0.0ms)


Started GET "/cats/new" for ::1 at 2020-04-28 06:55:28 +0900
Processing by CatsController#new as HTML
  Rendering cats/new.html.erb within layouts/application
  Rendered cats/new.html.erb within layouts/application (0.8ms)
Completed 200 OK in 16ms (Views: 15.7ms | ActiveRecord: 0.0ms)


Started GET "/cats/new" for ::1 at 2020-04-28 06:56:03 +0900
Processing by CatsController#new as HTML
  Rendering cats/new.html.erb within layouts/application
  Rendered cats/new.html.erb within layouts/application (0.5ms)
Completed 200 OK in 18ms (Views: 17.6ms | ActiveRecord: 0.0ms)


Started GET "/cats/new" for ::1 at 2020-04-28 06:56:57 +0900
Processing by CatsController#new as HTML
  Rendering cats/new.html.erb within layouts/application
  Rendered cats/new.html.erb within layouts/application (2.0ms)
Completed 200 OK in 19ms (Views: 18.0ms | ActiveRecord: 0.0ms)


Started POST "/cats" for ::1 at 2020-04-28 06:57:19 +0900
Processing by CatsController#create as HTML
  Parameters: {"cats"=>{"name"=>"1", "birth_date"=>"2020-03-30", "sex"=>"on", "description"=>"Hungry kitten"}, "color"=>""}
Completed 200 OK in 1ms (Views: 0.1ms | ActiveRecord: 0.0ms)


Started GET "/cats/new" for ::1 at 2020-04-28 06:59:25 +0900
Processing by CatsController#new as HTML
  Rendering cats/new.html.erb within layouts/application
  Rendered cats/new.html.erb within layouts/application (0.7ms)
Completed 200 OK in 29ms (Views: 28.2ms | ActiveRecord: 0.0ms)


Started POST "/cats" for ::1 at 2020-04-28 06:59:40 +0900
Processing by CatsController#create as HTML
  Parameters: {"cats"=>{"name"=>"1", "birth_date"=>"2020-03-30", "sex"=>"on", "description"=>"hunger"}, "color"=>""}
Completed 200 OK in 1ms (Views: 0.2ms | ActiveRecord: 0.0ms)


Started GET "/cats/new" for ::1 at 2020-04-28 07:01:08 +0900
Processing by CatsController#new as HTML
  Rendering cats/new.html.erb within layouts/application
  Rendered cats/new.html.erb within layouts/application (0.5ms)
Completed 200 OK in 20ms (Views: 19.5ms | ActiveRecord: 0.0ms)


Started POST "/cats" for ::1 at 2020-04-28 07:01:20 +0900
Processing by CatsController#create as HTML
  Parameters: {"cats"=>{"name"=>"1", "color"=>"", "birth_date"=>"2020-04-24", "sex"=>"on", "description"=>"lkh\r\n"}}
Completed 200 OK in 1ms (Views: 0.1ms | ActiveRecord: 0.0ms)


Started GET "/cats/new" for ::1 at 2020-04-28 07:01:42 +0900
Processing by CatsController#new as HTML
  Rendering cats/new.html.erb within layouts/application
  Rendered cats/new.html.erb within layouts/application (0.6ms)
Completed 200 OK in 21ms (Views: 20.2ms | ActiveRecord: 0.0ms)


Started POST "/cats" for ::1 at 2020-04-28 07:01:52 +0900
Processing by CatsController#create as HTML
  Parameters: {"cats"=>{"name"=>"1", "color"=>"black", "birth_date"=>"2020-04-22", "sex"=>"on", "description"=>"nick"}}
Completed 200 OK in 1ms (Views: 0.1ms | ActiveRecord: 0.0ms)


Started GET "/cats/new" for ::1 at 2020-04-28 07:02:44 +0900
Processing by CatsController#new as HTML
  Rendering cats/new.html.erb within layouts/application
  Rendered cats/new.html.erb within layouts/application (0.7ms)
Completed 200 OK in 17ms (Views: 16.1ms | ActiveRecord: 0.0ms)


Started POST "/cats" for ::1 at 2020-04-28 07:02:56 +0900
Processing by CatsController#create as HTML
  Parameters: {"cats"=>{"name"=>"1", "color"=>"black", "birth_date"=>"2020-04-22", "sex"=>"on", "description"=>"female cat"}}
Completed 200 OK in 1ms (Views: 0.2ms | ActiveRecord: 0.0ms)


Started GET "/cats/new" for ::1 at 2020-04-28 07:03:30 +0900
Processing by CatsController#new as HTML
  Rendering cats/new.html.erb within layouts/application
  Rendered cats/new.html.erb within layouts/application (0.6ms)
Completed 200 OK in 20ms (Views: 19.1ms | ActiveRecord: 0.0ms)


Started POST "/cats" for ::1 at 2020-04-28 07:03:42 +0900
Processing by CatsController#create as HTML
  Parameters: {"cats"=>{"name"=>"male", "color"=>"black", "birth_date"=>"2020-04-06", "sex"=>"on", "description"=>"male cate"}}
Completed 200 OK in 1ms (Views: 0.1ms | ActiveRecord: 0.0ms)


Started GET "/cats/new" for ::1 at 2020-04-28 07:04:41 +0900
Processing by CatsController#new as HTML
  Rendering cats/new.html.erb within layouts/application
  Rendered cats/new.html.erb within layouts/application (0.7ms)
Completed 200 OK in 23ms (Views: 20.2ms | ActiveRecord: 0.0ms)


Started GET "/cats/new" for ::1 at 2020-04-28 07:05:58 +0900
Processing by CatsController#new as HTML
  Rendering cats/new.html.erb within layouts/application
  Rendered cats/new.html.erb within layouts/application (0.6ms)
Completed 200 OK in 14ms (Views: 14.0ms | ActiveRecord: 0.0ms)


Started POST "/cats" for ::1 at 2020-04-28 07:06:09 +0900
Processing by CatsController#create as HTML
  Parameters: {"cats"=>{"name"=>"male", "color"=>"black", "birth_date"=>"2020-04-08", "sex"=>"male", "description"=>"male cate"}}
Completed 200 OK in 1ms (Views: 0.1ms | ActiveRecord: 0.0ms)


Started GET "/cats/new" for ::1 at 2020-04-28 07:06:22 +0900
Processing by CatsController#new as HTML
  Rendering cats/new.html.erb within layouts/application
  Rendered cats/new.html.erb within layouts/application (0.7ms)
Completed 200 OK in 22ms (Views: 21.4ms | ActiveRecord: 0.0ms)


Started POST "/cats" for ::1 at 2020-04-28 07:06:36 +0900
Processing by CatsController#create as HTML
  Parameters: {"cats"=>{"name"=>"female", "color"=>"black", "birth_date"=>"2020-04-22", "sex"=>"female", "description"=>"Female cat"}}
Completed 200 OK in 1ms (Views: 0.4ms | ActiveRecord: 0.0ms)


Started GET "/cats/new" for ::1 at 2020-04-28 07:07:04 +0900
Processing by CatsController#new as HTML
  Rendering cats/new.html.erb within layouts/application
  Rendered cats/new.html.erb within layouts/application (0.7ms)
Completed 200 OK in 21ms (Views: 21.0ms | ActiveRecord: 0.0ms)


Started POST "/cats" for ::1 at 2020-04-28 07:07:17 +0900
Processing by CatsController#create as HTML
  Parameters: {"cats"=>{"name"=>"male", "color"=>"black", "birth_date"=>"2020-04-07", "sex"=>"on", "description"=>"male cat without name"}}
Completed 200 OK in 1ms (Views: 0.3ms | ActiveRecord: 0.0ms)


Started GET "/cats/new" for ::1 at 2020-04-28 07:08:39 +0900
Processing by CatsController#new as HTML
  Rendering cats/new.html.erb within layouts/application
  Rendered cats/new.html.erb within layouts/application (0.7ms)
Completed 200 OK in 23ms (Views: 21.5ms | ActiveRecord: 0.0ms)


Started GET "/cats/new" for ::1 at 2020-04-28 07:08:56 +0900
Processing by CatsController#new as HTML
  Rendering cats/new.html.erb within layouts/application
  Rendered cats/new.html.erb within layouts/application (1.0ms)
Completed 200 OK in 21ms (Views: 20.6ms | ActiveRecord: 0.0ms)


Started GET "/cats/1/edit" for ::1 at 2020-04-28 07:13:04 +0900
Processing by CatsController#edit as HTML
  Parameters: {"id"=>"1"}
Completed 406 Not Acceptable in 186ms (ActiveRecord: 0.0ms)



ActionController::UnknownFormat - CatsController#edit is missing a template for this request format and variant.

request.formats: ["text/html"]
request.variant: []

NOTE! For XHR/Ajax or API requests, this action would normally respond with 204 No Content: an empty white screen. Since you're loading it in a web browser, we assume that you expected to actually render a template, not nothing, so we're showing an error to be extra-clear. If you expect 204 No Content, carry on. That's what you'll get from an XHR or API request. Give it a shot.:

Started POST "/__better_errors/2fa3589ed4a2ac04/variables" for ::1 at 2020-04-28 07:13:05 +0900
Started GET "/cats/1/edit" for ::1 at 2020-04-28 07:16:54 +0900
Processing by CatsController#edit as HTML
  Parameters: {"id"=>"1"}
  Rendering cats/edit.html.erb within layouts/application
  Rendered cats/edit.html.erb within layouts/application (0.5ms)
Completed 200 OK in 20ms (Views: 19.4ms | ActiveRecord: 0.0ms)


Started GET "/cats/new" for ::1 at 2020-04-28 07:52:14 +0900
Processing by CatsController#new as HTML
  Rendering cats/new.html.erb within layouts/application
  Rendered cats/new.html.erb within layouts/application (5.8ms)
Completed 200 OK in 21ms (Views: 20.7ms | ActiveRecord: 0.0ms)


Started POST "/cats%" for ::1 at 2020-04-28 07:52:37 +0900
  
ActionController::RoutingError (No route matches [POST] "/cats%"):
  
actionpack (5.2.4.2) lib/action_dispatch/middleware/debug_exceptions.rb:65:in `call'
web-console (3.7.0) lib/web_console/middleware.rb:135:in `call_app'
web-console (3.7.0) lib/web_console/middleware.rb:30:in `block in call'
web-console (3.7.0) lib/web_console/middleware.rb:20:in `catch'
web-console (3.7.0) lib/web_console/middleware.rb:20:in `call'
actionpack (5.2.4.2) lib/action_dispatch/middleware/show_exceptions.rb:33:in `call'
railties (5.2.4.2) lib/rails/rack/logger.rb:38:in `call_app'
railties (5.2.4.2) lib/rails/rack/logger.rb:26:in `block in call'
activesupport (5.2.4.2) lib/active_support/tagged_logging.rb:71:in `block in tagged'
activesupport (5.2.4.2) lib/active_support/tagged_logging.rb:28:in `tagged'
activesupport (5.2.4.2) lib/active_support/tagged_logging.rb:71:in `tagged'
railties (5.2.4.2) lib/rails/rack/logger.rb:26:in `call'
sprockets-rails (3.2.1) lib/sprockets/rails/quiet_assets.rb:13:in `call'
actionpack (5.2.4.2) lib/action_dispatch/middleware/remote_ip.rb:81:in `call'
actionpack (5.2.4.2) lib/action_dispatch/middleware/request_id.rb:27:in `call'
rack (2.2.2) lib/rack/method_override.rb:24:in `call'
rack (2.2.2) lib/rack/runtime.rb:22:in `call'
activesupport (5.2.4.2) lib/active_support/cache/strategy/local_cache_middleware.rb:29:in `call'
actionpack (5.2.4.2) lib/action_dispatch/middleware/executor.rb:14:in `call'
actionpack (5.2.4.2) lib/action_dispatch/middleware/static.rb:127:in `call'
rack (2.2.2) lib/rack/sendfile.rb:110:in `call'
railties (5.2.4.2) lib/rails/engine.rb:524:in `call'
puma (3.12.4) lib/puma/configuration.rb:227:in `call'
puma (3.12.4) lib/puma/server.rb:675:in `handle_request'
puma (3.12.4) lib/puma/server.rb:476:in `process_client'
puma (3.12.4) lib/puma/server.rb:334:in `block in run'
puma (3.12.4) lib/puma/thread_pool.rb:135:in `block in spawn_thread'
Started GET "/cats/new" for ::1 at 2020-04-28 08:02:10 +0900
Processing by CatsController#new as HTML
  Rendering cats/new.html.erb within layouts/application
  Rendered cats/new.html.erb within layouts/application (6.2ms)
Completed 200 OK in 19ms (Views: 18.8ms | ActiveRecord: 0.0ms)


Started POST "/cats" for ::1 at 2020-04-28 08:02:29 +0900
Processing by CatsController#create as HTML
  Parameters: {"cats"=>{"name"=>"Firsty", "color"=>"white", "birth_date"=>"2020-04-14", "sex"=>"male", "description"=>"The first cat!"}}
Completed 400 Bad Request in 2ms (ActiveRecord: 0.0ms)



ActionController::ParameterMissing - param is missing or the value is empty: cat:
  app/controllers/cats_controller.rb:34:in `cat_params'
  app/controllers/cats_controller.rb:22:in `create'

Started POST "/__better_errors/ee4b59ba01a20946/variables" for ::1 at 2020-04-28 08:02:29 +0900
Started GET "/cats/new" for ::1 at 2020-04-28 08:03:31 +0900
Processing by CatsController#new as HTML
  Rendering cats/new.html.erb within layouts/application
  Rendered cats/new.html.erb within layouts/application (6.6ms)
Completed 200 OK in 22ms (Views: 21.2ms | ActiveRecord: 0.0ms)


Started POST "/cats" for ::1 at 2020-04-28 08:03:47 +0900
Processing by CatsController#create as HTML
  Parameters: {"cats"=>{"name"=>"First", "color"=>"white", "birth_date"=>"2020-04-07", "sex"=>"female", "description"=>"The first cat"}}
  [1m[35m (1.3ms)[0m  [1m[35mBEGIN[0m
  ↳ app/controllers/cats_controller.rb:24
  [1m[36mCat Create (8.1ms)[0m  [1m[32mINSERT INTO "cats" ("birth_date", "color", "name", "sex", "description", "created_at", "updated_at") VALUES ($1, $2, $3, $4, $5, $6, $7) RETURNING "id"[0m  [["birth_date", "2020-04-07"], ["color", "white"], ["name", "First"], ["sex", "female"], ["description", "The first cat"], ["created_at", "2020-04-27 23:03:47.697176"], ["updated_at", "2020-04-27 23:03:47.697176"]]
  ↳ app/controllers/cats_controller.rb:24
  [1m[35m (0.2ms)[0m  [1m[31mROLLBACK[0m
  ↳ app/controllers/cats_controller.rb:24
Completed 500 Internal Server Error in 43ms (ActiveRecord: 26.1ms)



ActiveRecord::ValueTooLong - PG::StringDataRightTruncation: ERROR:  value too long for type character varying(1)
: INSERT INTO "cats" ("birth_date", "color", "name", "sex", "description", "created_at", "updated_at") VALUES ($1, $2, $3, $4, $5, $6, $7) RETURNING "id":
  app/controllers/cats_controller.rb:24:in `create'

Started POST "/__better_errors/3b70480f2d72758d/variables" for ::1 at 2020-04-28 08:03:47 +0900
  [1m[36mCat Load (0.7ms)[0m  [1m[34mSELECT "cats".* FROM "cats"[0m
Started POST "/__better_errors/3b70480f2d72758d/eval" for ::1 at 2020-04-28 08:04:29 +0900
Started POST "/__better_errors/3b70480f2d72758d/eval" for ::1 at 2020-04-28 08:04:51 +0900
Started POST "/__better_errors/3b70480f2d72758d/eval" for ::1 at 2020-04-28 08:05:07 +0900
Started GET "/cats/new" for ::1 at 2020-04-28 08:05:25 +0900
Processing by CatsController#new as HTML
  Rendering cats/new.html.erb within layouts/application
  Rendered cats/new.html.erb within layouts/application (1.3ms)
Completed 200 OK in 21ms (Views: 20.5ms | ActiveRecord: 0.0ms)


Started POST "/cats" for ::1 at 2020-04-28 08:05:59 +0900
Processing by CatsController#create as HTML
  Parameters: {"cats"=>{"name"=>"Firsty", "color"=>"black", "birth_date"=>"2019-04-11", "sex"=>"female", "description"=>"The first cat"}}
  [1m[35m (0.3ms)[0m  [1m[35mBEGIN[0m
  ↳ app/controllers/cats_controller.rb:24
  [1m[36mCat Create (4.8ms)[0m  [1m[32mINSERT INTO "cats" ("birth_date", "color", "name", "sex", "description", "created_at", "updated_at") VALUES ($1, $2, $3, $4, $5, $6, $7) RETURNING "id"[0m  [["birth_date", "2019-04-11"], ["color", "black"], ["name", "Firsty"], ["sex", "female"], ["description", "The first cat"], ["created_at", "2020-04-27 23:05:59.190027"], ["updated_at", "2020-04-27 23:05:59.190027"]]
  ↳ app/controllers/cats_controller.rb:24
  [1m[35m (0.3ms)[0m  [1m[31mROLLBACK[0m
  ↳ app/controllers/cats_controller.rb:24
Completed 500 Internal Server Error in 10ms (ActiveRecord: 5.3ms)



ActiveRecord::ValueTooLong - PG::StringDataRightTruncation: ERROR:  value too long for type character varying(1)
: INSERT INTO "cats" ("birth_date", "color", "name", "sex", "description", "created_at", "updated_at") VALUES ($1, $2, $3, $4, $5, $6, $7) RETURNING "id":
  app/controllers/cats_controller.rb:24:in `create'

Started POST "/__better_errors/517ce8b9c1afbfb8/variables" for ::1 at 2020-04-28 08:05:59 +0900
Started GET "/cats/new" for ::1 at 2020-04-28 08:06:57 +0900
Processing by CatsController#new as HTML
  Rendering cats/new.html.erb within layouts/application
  Rendered cats/new.html.erb within layouts/application (3.2ms)
Completed 200 OK in 15ms (Views: 13.9ms | ActiveRecord: 0.0ms)


Started POST "/cats" for ::1 at 2020-04-28 08:07:15 +0900
Processing by CatsController#create as HTML
  Parameters: {"cats"=>{"name"=>"Firsty", "color"=>"black", "birth_date"=>"2019-04-04", "sex"=>"f", "description"=>"The first cat"}}
  [1m[35m (0.2ms)[0m  [1m[35mBEGIN[0m
  ↳ app/controllers/cats_controller.rb:24
  [1m[36mCat Create (12.4ms)[0m  [1m[32mINSERT INTO "cats" ("birth_date", "color", "name", "sex", "description", "created_at", "updated_at") VALUES ($1, $2, $3, $4, $5, $6, $7) RETURNING "id"[0m  [["birth_date", "2019-04-04"], ["color", "black"], ["name", "Firsty"], ["sex", "f"], ["description", "The first cat"], ["created_at", "2020-04-27 23:07:16.006682"], ["updated_at", "2020-04-27 23:07:16.006682"]]
  ↳ app/controllers/cats_controller.rb:24
  [1m[35m (0.9ms)[0m  [1m[35mCOMMIT[0m
  ↳ app/controllers/cats_controller.rb:24
Redirected to http://localhost:3000/cats/4
Completed 302 Found in 45ms (ActiveRecord: 24.5ms)


Started GET "/cats/4" for ::1 at 2020-04-28 08:07:16 +0900
Processing by CatsController#show as HTML
  Parameters: {"id"=>"4"}
  [1m[36mCat Load (0.7ms)[0m  [1m[34mSELECT  "cats".* FROM "cats" WHERE "cats"."id" = $1 LIMIT $2[0m  [["id", 4], ["LIMIT", 1]]
  ↳ app/controllers/cats_controller.rb:9
  Rendering cats/show.html.erb within layouts/application
  Rendered cats/show.html.erb within layouts/application (1.3ms)
Completed 200 OK in 21ms (Views: 15.0ms | ActiveRecord: 1.0ms)


  [1m[36mCat Load (0.6ms)[0m  [1m[34mSELECT "cats".* FROM "cats"[0m
Started GET "/cats/4/edit" for ::1 at 2020-04-28 08:16:31 +0900
Processing by CatsController#edit as HTML
  Parameters: {"id"=>"4"}
  Rendering cats/edit.html.erb within layouts/application
  Rendered cats/edit.html.erb within layouts/application (1.3ms)
Completed 200 OK in 14ms (Views: 13.9ms | ActiveRecord: 0.0ms)


Started GET "/cats/4/edit" for ::1 at 2020-04-28 08:25:16 +0900
Processing by CatsController#edit as HTML
  Parameters: {"id"=>"4"}
  [1m[36mCat Load (0.6ms)[0m  [1m[34mSELECT  "cats".* FROM "cats" WHERE "cats"."id" = $1 LIMIT $2[0m  [["id", 4], ["LIMIT", 1]]
  ↳ app/controllers/cats_controller.rb:18
  Rendering cats/edit.html.erb within layouts/application
  Rendered cats/edit.html.erb within layouts/application (0.8ms)
Completed 200 OK in 38ms (Views: 12.3ms | ActiveRecord: 12.9ms)


Started GET "/cats/4/edit" for ::1 at 2020-04-28 08:25:50 +0900
Processing by CatsController#edit as HTML
  Parameters: {"id"=>"4"}
  [1m[36mCat Load (0.5ms)[0m  [1m[34mSELECT  "cats".* FROM "cats" WHERE "cats"."id" = $1 LIMIT $2[0m  [["id", 4], ["LIMIT", 1]]
  ↳ app/controllers/cats_controller.rb:18
  Rendering cats/edit.html.erb within layouts/application
  Rendered cats/edit.html.erb within layouts/application (365.6ms)
Completed 500 Internal Server Error in 376ms (ActiveRecord: 0.5ms)



ActionView::Template::Error - undefined local variable or method `cat' for #<#<Class:0x00007fcdf553a410>:0x00007fcdf54b1980>
Did you mean?  @cat:
  app/controllers/cats_controller.rb:19:in `edit'

Started POST "/__better_errors/82e7561dda7195b7/variables" for ::1 at 2020-04-28 08:25:51 +0900
Started GET "/cats/4/edit" for ::1 at 2020-04-28 08:26:01 +0900
Processing by CatsController#edit as HTML
  Parameters: {"id"=>"4"}
  [1m[36mCat Load (0.7ms)[0m  [1m[34mSELECT  "cats".* FROM "cats" WHERE "cats"."id" = $1 LIMIT $2[0m  [["id", 4], ["LIMIT", 1]]
  ↳ app/controllers/cats_controller.rb:18
  Rendering cats/edit.html.erb within layouts/application
  Rendered cats/edit.html.erb within layouts/application (1.0ms)
Completed 200 OK in 18ms (Views: 15.2ms | ActiveRecord: 0.7ms)


Started GET "/cats/4/edit" for ::1 at 2020-04-28 08:28:01 +0900
Processing by CatsController#edit as HTML
  Parameters: {"id"=>"4"}
  [1m[36mCat Load (0.4ms)[0m  [1m[34mSELECT  "cats".* FROM "cats" WHERE "cats"."id" = $1 LIMIT $2[0m  [["id", 4], ["LIMIT", 1]]
  ↳ app/controllers/cats_controller.rb:18
  Rendering cats/edit.html.erb within layouts/application
  Rendered cats/edit.html.erb within layouts/application (1.2ms)
Completed 200 OK in 21ms (Views: 19.0ms | ActiveRecord: 0.4ms)


Started GET "/cats/4/edit" for ::1 at 2020-04-28 08:28:43 +0900
Processing by CatsController#edit as HTML
  Parameters: {"id"=>"4"}
  [1m[36mCat Load (0.4ms)[0m  [1m[34mSELECT  "cats".* FROM "cats" WHERE "cats"."id" = $1 LIMIT $2[0m  [["id", 4], ["LIMIT", 1]]
  ↳ app/controllers/cats_controller.rb:18
  Rendering cats/edit.html.erb within layouts/application
  Rendered cats/edit.html.erb within layouts/application (0.7ms)
Completed 200 OK in 15ms (Views: 12.3ms | ActiveRecord: 0.4ms)


Started GET "/cats/4/edit" for ::1 at 2020-04-28 08:31:00 +0900
Processing by CatsController#edit as HTML
  Parameters: {"id"=>"4"}
  [1m[36mCat Load (0.4ms)[0m  [1m[34mSELECT  "cats".* FROM "cats" WHERE "cats"."id" = $1 LIMIT $2[0m  [["id", 4], ["LIMIT", 1]]
  ↳ app/controllers/cats_controller.rb:18
  Rendering cats/edit.html.erb within layouts/application
  Rendered cats/edit.html.erb within layouts/application (2.4ms)
Completed 200 OK in 17ms (Views: 15.4ms | ActiveRecord: 0.4ms)


Started GET "/cats/4/edit" for ::1 at 2020-04-28 08:31:14 +0900
Processing by CatsController#edit as HTML
  Parameters: {"id"=>"4"}
  [1m[36mCat Load (0.4ms)[0m  [1m[34mSELECT  "cats".* FROM "cats" WHERE "cats"."id" = $1 LIMIT $2[0m  [["id", 4], ["LIMIT", 1]]
  ↳ app/controllers/cats_controller.rb:18
  Rendering cats/edit.html.erb within layouts/application
  Rendered cats/edit.html.erb within layouts/application (1.5ms)
Completed 200 OK in 18ms (Views: 15.4ms | ActiveRecord: 0.4ms)


Started GET "/cats/4/edit" for ::1 at 2020-04-28 08:31:55 +0900
Processing by CatsController#edit as HTML
  Parameters: {"id"=>"4"}
  [1m[36mCat Load (0.4ms)[0m  [1m[34mSELECT  "cats".* FROM "cats" WHERE "cats"."id" = $1 LIMIT $2[0m  [["id", 4], ["LIMIT", 1]]
  ↳ app/controllers/cats_controller.rb:18
  Rendering cats/edit.html.erb within layouts/application
  Rendered cats/edit.html.erb within layouts/application (0.7ms)
Completed 200 OK in 18ms (Views: 15.7ms | ActiveRecord: 0.4ms)


Started PATCH "/cats/4" for ::1 at 2020-04-28 08:34:39 +0900

SyntaxError - syntax error, unexpected end-of-input, expecting keyword_end:
  app/controllers/cats_controller.rb:40:in `'

Started POST "/__better_errors/9aec3c89cbd726ac/variables" for ::1 at 2020-04-28 08:34:40 +0900
Started GET "/cats/4/edit" for ::1 at 2020-04-28 08:34:51 +0900
Processing by CatsController#edit as HTML
  Parameters: {"id"=>"4"}
  [1m[36mCat Load (0.3ms)[0m  [1m[34mSELECT  "cats".* FROM "cats" WHERE "cats"."id" = $1 LIMIT $2[0m  [["id", 4], ["LIMIT", 1]]
  ↳ app/controllers/cats_controller.rb:18
  [1m[35m (0.2ms)[0m  [1m[35mBEGIN[0m
  ↳ app/controllers/cats_controller.rb:19
  [1m[35m (0.1ms)[0m  [1m[35mCOMMIT[0m
  ↳ app/controllers/cats_controller.rb:19
Redirected to http://localhost:3000/cats/4
Completed 302 Found in 32ms (ActiveRecord: 12.0ms)


Started GET "/cats/4" for ::1 at 2020-04-28 08:34:51 +0900
Processing by CatsController#show as HTML
  Parameters: {"id"=>"4"}
  [1m[36mCat Load (0.3ms)[0m  [1m[34mSELECT  "cats".* FROM "cats" WHERE "cats"."id" = $1 LIMIT $2[0m  [["id", 4], ["LIMIT", 1]]
  ↳ app/controllers/cats_controller.rb:9
  Rendering cats/show.html.erb within layouts/application
  Rendered cats/show.html.erb within layouts/application (0.8ms)
Completed 200 OK in 16ms (Views: 14.3ms | ActiveRecord: 0.3ms)


Started GET "/cats/4/edit" for ::1 at 2020-04-28 08:34:56 +0900
Processing by CatsController#edit as HTML
  Parameters: {"id"=>"4"}
  [1m[36mCat Load (0.3ms)[0m  [1m[34mSELECT  "cats".* FROM "cats" WHERE "cats"."id" = $1 LIMIT $2[0m  [["id", 4], ["LIMIT", 1]]
  ↳ app/controllers/cats_controller.rb:18
  [1m[35m (0.2ms)[0m  [1m[35mBEGIN[0m
  ↳ app/controllers/cats_controller.rb:19
  [1m[35m (0.3ms)[0m  [1m[35mCOMMIT[0m
  ↳ app/controllers/cats_controller.rb:19
Redirected to http://localhost:3000/cats/4
Completed 302 Found in 6ms (ActiveRecord: 0.9ms)


Started GET "/cats/4" for ::1 at 2020-04-28 08:34:56 +0900
Processing by CatsController#show as HTML
  Parameters: {"id"=>"4"}
  [1m[36mCat Load (0.4ms)[0m  [1m[34mSELECT  "cats".* FROM "cats" WHERE "cats"."id" = $1 LIMIT $2[0m  [["id", 4], ["LIMIT", 1]]
  ↳ app/controllers/cats_controller.rb:9
  Rendering cats/show.html.erb within layouts/application
  Rendered cats/show.html.erb within layouts/application (0.8ms)
Completed 200 OK in 23ms (Views: 20.5ms | ActiveRecord: 0.4ms)


Started GET "/cats/4/edit" for ::1 at 2020-04-28 08:36:14 +0900
Processing by CatsController#edit as HTML
  Parameters: {"id"=>"4"}
  Rendering cats/edit.html.erb within layouts/application
  Rendered cats/edit.html.erb within layouts/application (4.9ms)
Completed 500 Internal Server Error in 17ms (ActiveRecord: 0.0ms)



ActionView::Template::Error - No route matches {:action=>"show", :controller=>"cats", :id=>nil}, missing required keys: [:id]:
  app/controllers/cats_controller.rb:18:in `edit'

Started POST "/__better_errors/27bc3855eea7ece2/variables" for ::1 at 2020-04-28 08:36:15 +0900
Started GET "/cats/4/edit" for ::1 at 2020-04-28 08:36:44 +0900
Processing by CatsController#edit as HTML
  Parameters: {"id"=>"4"}
  [1m[36mCat Load (0.7ms)[0m  [1m[34mSELECT  "cats".* FROM "cats" WHERE "cats"."id" = $1 LIMIT $2[0m  [["id", nil], ["LIMIT", 1]]
  ↳ app/controllers/cats_controller.rb:18
  Rendering cats/edit.html.erb within layouts/application
  Rendered cats/edit.html.erb within layouts/application (5.2ms)
Completed 500 Internal Server Error in 26ms (ActiveRecord: 3.8ms)



ActionView::Template::Error - No route matches {:action=>"show", :controller=>"cats", :id=>nil}, missing required keys: [:id]:
  app/controllers/cats_controller.rb:19:in `edit'

Started POST "/__better_errors/b4f92bb83748f446/variables" for ::1 at 2020-04-28 08:36:45 +0900
  [1m[36mCat Load (0.9ms)[0m  [1m[34mSELECT "cats".* FROM "cats"[0m
Started GET "/cats/4/edit" for ::1 at 2020-04-28 08:38:11 +0900
Processing by CatsController#edit as HTML
  Parameters: {"id"=>"4"}
  [1m[36mCat Load (0.4ms)[0m  [1m[34mSELECT  "cats".* FROM "cats" WHERE "cats"."id" = $1 LIMIT $2[0m  [["id", 4], ["LIMIT", 1]]
  ↳ app/controllers/cats_controller.rb:18
  Rendering cats/edit.html.erb within layouts/application
  Rendered cats/edit.html.erb within layouts/application (0.9ms)
Completed 200 OK in 31ms (Views: 12.1ms | ActiveRecord: 7.0ms)


